#
# There is insufficient memory for the Java Runtime Environment to continue.
# Native memory allocation (malloc) failed to allocate 470816 bytes for Chunk::new
# Possible reasons:
#   The system is out of physical RAM or swap space
#   The process is running with CompressedOops enabled, and the Java Heap may be blocking the growth of the native heap
# Possible solutions:
#   Reduce memory load on the system
#   Increase physical memory or swap space
#   Check if swap backing store is full
#   Decrease Java heap size (-Xmx/-Xms)
#   Decrease number of Java threads
#   Decrease Java thread stack sizes (-Xss)
#   Set larger code cache with -XX:ReservedCodeCacheSize=
#   JVM is running with Unscaled Compressed Oops mode in which the Java heap is
#     placed in the first 4GB address space. The Java Heap base address is the
#     maximum limit for the native heap growth. Please use -XX:HeapBaseMinAddress
#     to set the Java Heap base and to place the Java Heap above 4GB virtual address.
# This output file may be truncated or incomplete.
#
#  Out of Memory Error (arena.cpp:191), pid=75500, tid=79084
#
# JRE version: OpenJDK Runtime Environment Temurin-17.0.9+9 (17.0.9+9) (build 17.0.9+9)
# Java VM: OpenJDK 64-Bit Server VM Temurin-17.0.9+9 (17.0.9+9, mixed mode, tiered, compressed oops, compressed class ptrs, parallel gc, windows-amd64)
# No core dump will be written. Minidumps are not enabled by default on client versions of Windows
#

---------------  S U M M A R Y ------------

Command Line: --add-modules=ALL-SYSTEM --add-opens=java.base/java.util=ALL-UNNAMED --add-opens=java.base/java.lang=ALL-UNNAMED --add-opens=java.base/sun.nio.fs=ALL-UNNAMED -Declipse.application=org.eclipse.jdt.ls.core.id1 -Dosgi.bundles.defaultStartLevel=4 -Declipse.product=org.eclipse.jdt.ls.core.product -Djava.import.generatesMetadataFilesAtProjectRoot=false -DDetectVMInstallationsJob.disabled=true -Dfile.encoding=utf8 -XX:+UseParallelGC -XX:GCTimeRatio=4 -XX:AdaptiveSizePolicyWeight=90 -Dsun.zip.disableMemoryMapping=true -Xmx1G -Xms100m -Xlog:disable -javaagent:c:\Users\user\.vscode\extensions\redhat.java-1.25.1-win32-x64\lombok\lombok-1.18.30.jar c:\Users\user\.vscode\extensions\redhat.java-1.25.1-win32-x64\server\plugins\org.eclipse.equinox.launcher_1.6.600.v20231106-1826.jar -configuration c:\Users\user\AppData\Roaming\Code\User\globalStorage\redhat.java\1.25.1\config_ss_win -data c:\Users\user\AppData\Roaming\Code\User\workspaceStorage\f7a9a79f65a14c51f4f6fc19f4e609ca\redhat.java\ss_ws --stdio

Host: 12th Gen Intel(R) Core(TM) i3-1215U, 8 cores, 7G,  Windows 11 , 64 bit Build 22621 (10.0.22621.2428)
Time: Fri Dec 22 12:36:43 2023 India Standard Time elapsed time: 5.148155 seconds (0d 0h 0m 5s)

---------------  T H R E A D  ---------------

Current thread (0x00000287603f0c60):  JavaThread "C2 CompilerThread0" daemon [_thread_in_native, id=79084, stack(0x0000009c5e900000,0x0000009c5ea00000)]


Current CompileTask:
C2:   5148 1841       4       java.io.DataInputStream::readUTF (501 bytes)

Stack: [0x0000009c5e900000,0x0000009c5ea00000]
Native frames: (J=compiled Java code, j=interpreted, Vv=VM code, C=native code)
V  [jvm.dll+0x67cf49]
V  [jvm.dll+0x83478a]
V  [jvm.dll+0x83624e]
V  [jvm.dll+0x8368b3]
V  [jvm.dll+0x247f1f]
V  [jvm.dll+0xac43c]
V  [jvm.dll+0xaca8c]
V  [jvm.dll+0x367067]
V  [jvm.dll+0x3313ba]
V  [jvm.dll+0x33085a]
V  [jvm.dll+0x21a5b1]
V  [jvm.dll+0x2199d1]
V  [jvm.dll+0x1a57cd]
V  [jvm.dll+0x2297ae]
V  [jvm.dll+0x22797c]
V  [jvm.dll+0x7e9877]
V  [jvm.dll+0x7e3c3a]
V  [jvm.dll+0x67be35]
C  [ucrtbase.dll+0x29363]
C  [KERNEL32.DLL+0x1257d]
C  [ntdll.dll+0x5aa78]


---------------  P R O C E S S  ---------------

Threads class SMR info:
_java_thread_list=0x0000028761ce6290, length=17, elements={
0x00000287476ba390, 0x000002875b508f70, 0x000002875b50aac0, 0x00000287603ea320,
0x00000287603eb1a0, 0x00000287603ec020, 0x00000287603ecea0, 0x00000287603f0c60,
0x0000028760456520, 0x00000287604592e0, 0x000002874771a360, 0x00000287606b0c20,
0x0000028761e58480, 0x0000028761d53460, 0x0000028762116770, 0x0000028761d53940,
0x0000028761ed6f00
}

Java Threads: ( => current thread )
  0x00000287476ba390 JavaThread "main" [_thread_blocked, id=148424, stack(0x0000009c5e000000,0x0000009c5e100000)]
  0x000002875b508f70 JavaThread "Reference Handler" daemon [_thread_blocked, id=146568, stack(0x0000009c5e300000,0x0000009c5e400000)]
  0x000002875b50aac0 JavaThread "Finalizer" daemon [_thread_blocked, id=145536, stack(0x0000009c5e400000,0x0000009c5e500000)]
  0x00000287603ea320 JavaThread "Signal Dispatcher" daemon [_thread_blocked, id=142984, stack(0x0000009c5e500000,0x0000009c5e600000)]
  0x00000287603eb1a0 JavaThread "Attach Listener" daemon [_thread_blocked, id=89096, stack(0x0000009c5e600000,0x0000009c5e700000)]
  0x00000287603ec020 JavaThread "Service Thread" daemon [_thread_blocked, id=139592, stack(0x0000009c5e700000,0x0000009c5e800000)]
  0x00000287603ecea0 JavaThread "Monitor Deflation Thread" daemon [_thread_blocked, id=83420, stack(0x0000009c5e800000,0x0000009c5e900000)]
=>0x00000287603f0c60 JavaThread "C2 CompilerThread0" daemon [_thread_in_native, id=79084, stack(0x0000009c5e900000,0x0000009c5ea00000)]
  0x0000028760456520 JavaThread "C1 CompilerThread0" daemon [_thread_in_native, id=80016, stack(0x0000009c5ea00000,0x0000009c5eb00000)]
  0x00000287604592e0 JavaThread "Sweeper thread" daemon [_thread_blocked, id=141560, stack(0x0000009c5eb00000,0x0000009c5ec00000)]
  0x000002874771a360 JavaThread "Common-Cleaner" daemon [_thread_blocked, id=12020, stack(0x0000009c5ec00000,0x0000009c5ed00000)]
  0x00000287606b0c20 JavaThread "Notification Thread" daemon [_thread_blocked, id=114612, stack(0x0000009c5ed00000,0x0000009c5ee00000)]
  0x0000028761e58480 JavaThread "Active Thread: Equinox Container: fae9fce6-4db8-4079-81bf-76eb7f187e04" [_thread_blocked, id=146528, stack(0x0000009c5f500000,0x0000009c5f600000)]
  0x0000028761d53460 JavaThread "Framework Event Dispatcher: Equinox Container: fae9fce6-4db8-4079-81bf-76eb7f187e04" daemon [_thread_blocked, id=138008, stack(0x0000009c5f600000,0x0000009c5f700000)]
  0x0000028762116770 JavaThread "Start Level: Equinox Container: fae9fce6-4db8-4079-81bf-76eb7f187e04" daemon [_thread_in_Java, id=147708, stack(0x0000009c5f700000,0x0000009c5f800000)]
  0x0000028761d53940 JavaThread "SCR Component Actor" daemon [_thread_blocked, id=136348, stack(0x0000009c5f800000,0x0000009c5f900000)]
  0x0000028761ed6f00 JavaThread "SCR Component Registry" daemon [_thread_blocked, id=112484, stack(0x0000009c5fa00000,0x0000009c5fb00000)]

Other Threads:
  0x000002875b503c90 VMThread "VM Thread" [stack: 0x0000009c5e200000,0x0000009c5e300000] [id=111332]
  0x00000287606b01e0 WatcherThread [stack: 0x0000009c5ee00000,0x0000009c5ef00000] [id=147784]
  0x00000287476cdfb0 GCTaskThread "GC Thread#0" [stack: 0x0000009c5e100000,0x0000009c5e200000] [id=112888]
  0x00000287619bd410 GCTaskThread "GC Thread#1" [stack: 0x0000009c5ef00000,0x0000009c5f000000] [id=148412]
  0x00000287619bce50 GCTaskThread "GC Thread#2" [stack: 0x0000009c5f000000,0x0000009c5f100000] [id=143172]
  0x0000028761da3030 GCTaskThread "GC Thread#3" [stack: 0x0000009c5f100000,0x0000009c5f200000] [id=148172]
  0x0000028761da32f0 GCTaskThread "GC Thread#4" [stack: 0x0000009c5f200000,0x0000009c5f300000] [id=146828]
  0x0000028761da35b0 GCTaskThread "GC Thread#5" [stack: 0x0000009c5f300000,0x0000009c5f400000] [id=146280]
  0x0000028761da3870 GCTaskThread "GC Thread#6" [stack: 0x0000009c5f400000,0x0000009c5f500000] [id=87704]
  0x0000028761ca15c0 GCTaskThread "GC Thread#7" [stack: 0x0000009c5f900000,0x0000009c5fa00000] [id=24468]

Threads with active compile tasks:
C2 CompilerThread0     5191 1841       4       java.io.DataInputStream::readUTF (501 bytes)

VM state: not at safepoint (normal execution)

VM Mutex/Monitor currently owned by a thread: None

Heap address: 0x00000000c0000000, size: 1024 MB, Compressed Oops mode: 32-bit

CDS archive(s) not mapped
Compressed class space mapped at: 0x0000000100000000-0x0000000140000000, reserved size: 1073741824
Narrow klass base: 0x0000000000000000, Narrow klass shift: 3, Narrow klass range: 0x140000000

GC Precious Log:
 CPUs: 8 total, 8 available
 Memory: 7810M
 Large Page Support: Disabled
 NUMA Support: Disabled
 Compressed Oops: Enabled (32-bit)
 Alignments: Space 512K, Generation 512K, Heap 2M
 Heap Min Capacity: 100M
 Heap Initial Capacity: 100M
 Heap Max Capacity: 1G
 Pre-touch: Disabled
 Parallel Workers: 8

Heap:
 PSYoungGen      total 29696K, used 15604K [0x00000000eab00000, 0x00000000ecc00000, 0x0000000100000000)
  eden space 25600K, 45% used [0x00000000eab00000,0x00000000eb643200,0x00000000ec400000)
  from space 4096K, 99% used [0x00000000ec800000,0x00000000ecbfa128,0x00000000ecc00000)
  to   space 4096K, 0% used [0x00000000ec400000,0x00000000ec400000,0x00000000ec800000)
 ParOldGen       total 68608K, used 728K [0x00000000c0000000, 0x00000000c4300000, 0x00000000eab00000)
  object space 68608K, 1% used [0x00000000c0000000,0x00000000c00b6360,0x00000000c4300000)
 Metaspace       used 17299K, committed 17600K, reserved 1114112K
  class space    used 1778K, committed 1920K, reserved 1048576K

Card table byte_map: [0x0000028747010000,0x0000028747220000] _byte_map_base: 0x0000028746a10000

Marking Bits: (ParMarkBitMap*) 0x00007ffb36ebd0b0
 Begin Bits: [0x0000028759310000, 0x000002875a310000)
 End Bits:   [0x000002875a310000, 0x000002875b310000)

Polling page: 0x0000028744f30000

Metaspace:

Usage:
  Non-class:     15.16 MB used.
      Class:      1.74 MB used.
       Both:     16.89 MB used.

Virtual space:
  Non-class space:       64.00 MB reserved,      15.38 MB ( 24%) committed,  1 nodes.
      Class space:        1.00 GB reserved,       1.88 MB ( <1%) committed,  1 nodes.
             Both:        1.06 GB reserved,      17.25 MB (  2%) committed. 

Chunk freelists:
   Non-Class:  15.75 MB
       Class:  14.16 MB
        Both:  29.91 MB

MaxMetaspaceSize: unlimited
CompressedClassSpaceSize: 1.00 GB
Initial GC threshold: 21.00 MB
Current GC threshold: 21.00 MB
CDS: off
MetaspaceReclaimPolicy: balanced
 - commit_granule_bytes: 65536.
 - commit_granule_words: 8192.
 - virtual_space_node_default_size: 8388608.
 - enlarge_chunks_in_place: 1.
 - new_chunks_are_fully_committed: 0.
 - uncommit_free_chunks: 1.
 - use_allocation_guard: 0.
 - handle_deallocations: 1.


Internal statistics:

num_allocs_failed_limit: 0.
num_arena_births: 160.
num_arena_deaths: 0.
num_vsnodes_births: 2.
num_vsnodes_deaths: 0.
num_space_committed: 276.
num_space_uncommitted: 0.
num_chunks_returned_to_freelist: 0.
num_chunks_taken_from_freelist: 485.
num_chunk_merges: 0.
num_chunk_splits: 316.
num_chunks_enlarged: 227.
num_inconsistent_stats: 0.

CodeHeap 'non-profiled nmethods': size=120000Kb used=701Kb max_used=701Kb free=119298Kb
 bounds [0x0000028751de0000, 0x0000028752050000, 0x0000028759310000]
CodeHeap 'profiled nmethods': size=120000Kb used=3558Kb max_used=3558Kb free=116441Kb
 bounds [0x000002874a310000, 0x000002874a690000, 0x0000028751840000]
CodeHeap 'non-nmethods': size=5760Kb used=1173Kb max_used=1191Kb free=4586Kb
 bounds [0x0000028751840000, 0x0000028751ab0000, 0x0000028751de0000]
 total_blobs=2324 nmethods=1855 adapters=383
 compilation: enabled
              stopped_count=0, restarted_count=0
 full_count=0

Compilation events (20 events):
Event: 5.048 Thread 0x0000028760456520 1833       3       java.util.ArrayDeque::isEmpty (17 bytes)
Event: 5.048 Thread 0x0000028760456520 nmethod 1833 0x000002874a675d90 code [0x000002874a675f20, 0x000002874a676098]
Event: 5.051 Thread 0x00000287603f0c60 nmethod 1832 0x0000028751e8e610 code [0x0000028751e8e780, 0x0000028751e8ea18]
Event: 5.051 Thread 0x00000287603f0c60 1834       4       java.lang.Object::equals (11 bytes)
Event: 5.052 Thread 0x00000287603f0c60 nmethod 1834 0x0000028751e8eb10 code [0x0000028751e8ec80, 0x0000028751e8ed18]
Event: 5.057 Thread 0x0000028760456520 1835       3       org.eclipse.osgi.internal.framework.EquinoxBundle::getState (101 bytes)
Event: 5.058 Thread 0x0000028760456520 nmethod 1835 0x000002874a676110 code [0x000002874a676380, 0x000002874a676d78]
Event: 5.058 Thread 0x0000028760456520 1836   !   3       org.eclipse.osgi.internal.framework.EquinoxBundle::$SWITCH_TABLE$org$eclipse$osgi$container$Module$State (115 bytes)
Event: 5.058 Thread 0x0000028760456520 nmethod 1836 0x000002874a677110 code [0x000002874a677300, 0x000002874a677868]
Event: 5.060 Thread 0x0000028760456520 1837       3       java.util.LinkedList$ListItr::hasNext (20 bytes)
Event: 5.060 Thread 0x0000028760456520 nmethod 1837 0x000002874a677a90 code [0x000002874a677c20, 0x000002874a677d98]
Event: 5.106 Thread 0x0000028760456520 1838       3       jdk.internal.loader.ClassLoaders::bootLoader (4 bytes)
Event: 5.106 Thread 0x0000028760456520 nmethod 1838 0x000002874a677e90 code [0x000002874a678020, 0x000002874a678118]
Event: 5.112 Thread 0x0000028760456520 1839       1       java.util.LinkedList::size (5 bytes)
Event: 5.112 Thread 0x0000028760456520 nmethod 1839 0x0000028751e8ee10 code [0x0000028751e8efa0, 0x0000028751e8f078]
Event: 5.113 Thread 0x0000028760456520 1840       1       org.eclipse.osgi.internal.serviceregistry.ServiceReferenceImpl::getRegistration (5 bytes)
Event: 5.113 Thread 0x0000028760456520 nmethod 1840 0x0000028751e8f110 code [0x0000028751e8f2a0, 0x0000028751e8f378]
Event: 5.117 Thread 0x00000287603f0c60 1841       4       java.io.DataInputStream::readUTF (501 bytes)
Event: 5.124 Thread 0x0000028760456520 1842       1       org.eclipse.osgi.internal.loader.sources.NullPackageSource::isNullSource (2 bytes)
Event: 5.124 Thread 0x0000028760456520 nmethod 1842 0x0000028751e8f410 code [0x0000028751e8f5a0, 0x0000028751e8f678]

GC Heap History (4 events):
Event: 3.016 GC heap before
{Heap before GC invocations=1 (full 0):
 PSYoungGen      total 29696K, used 25600K [0x00000000eab00000, 0x00000000ecc00000, 0x0000000100000000)
  eden space 25600K, 100% used [0x00000000eab00000,0x00000000ec400000,0x00000000ec400000)
  from space 4096K, 0% used [0x00000000ec800000,0x00000000ec800000,0x00000000ecc00000)
  to   space 4096K, 0% used [0x00000000ec400000,0x00000000ec400000,0x00000000ec800000)
 ParOldGen       total 68608K, used 0K [0x00000000c0000000, 0x00000000c4300000, 0x00000000eab00000)
  object space 68608K, 0% used [0x00000000c0000000,0x00000000c0000000,0x00000000c4300000)
 Metaspace       used 11031K, committed 11200K, reserved 1114112K
  class space    used 1099K, committed 1216K, reserved 1048576K
}
Event: 3.034 GC heap after
{Heap after GC invocations=1 (full 0):
 PSYoungGen      total 29696K, used 3187K [0x00000000eab00000, 0x00000000ecc00000, 0x0000000100000000)
  eden space 25600K, 0% used [0x00000000eab00000,0x00000000eab00000,0x00000000ec400000)
  from space 4096K, 77% used [0x00000000ec400000,0x00000000ec71cc18,0x00000000ec800000)
  to   space 4096K, 0% used [0x00000000ec800000,0x00000000ec800000,0x00000000ecc00000)
 ParOldGen       total 68608K, used 0K [0x00000000c0000000, 0x00000000c4300000, 0x00000000eab00000)
  object space 68608K, 0% used [0x00000000c0000000,0x00000000c0000000,0x00000000c4300000)
 Metaspace       used 11031K, committed 11200K, reserved 1114112K
  class space    used 1099K, committed 1216K, reserved 1048576K
}
Event: 4.344 GC heap before
{Heap before GC invocations=2 (full 0):
 PSYoungGen      total 29696K, used 28787K [0x00000000eab00000, 0x00000000ecc00000, 0x0000000100000000)
  eden space 25600K, 100% used [0x00000000eab00000,0x00000000ec400000,0x00000000ec400000)
  from space 4096K, 77% used [0x00000000ec400000,0x00000000ec71cc18,0x00000000ec800000)
  to   space 4096K, 0% used [0x00000000ec800000,0x00000000ec800000,0x00000000ecc00000)
 ParOldGen       total 68608K, used 0K [0x00000000c0000000, 0x00000000c4300000, 0x00000000eab00000)
  object space 68608K, 0% used [0x00000000c0000000,0x00000000c0000000,0x00000000c4300000)
 Metaspace       used 15147K, committed 15424K, reserved 1114112K
  class space    used 1538K, committed 1664K, reserved 1048576K
}
Event: 4.351 GC heap after
{Heap after GC invocations=2 (full 0):
 PSYoungGen      total 29696K, used 4072K [0x00000000eab00000, 0x00000000ecc00000, 0x0000000100000000)
  eden space 25600K, 0% used [0x00000000eab00000,0x00000000eab00000,0x00000000ec400000)
  from space 4096K, 99% used [0x00000000ec800000,0x00000000ecbfa128,0x00000000ecc00000)
  to   space 4096K, 0% used [0x00000000ec400000,0x00000000ec400000,0x00000000ec800000)
 ParOldGen       total 68608K, used 728K [0x00000000c0000000, 0x00000000c4300000, 0x00000000eab00000)
  object space 68608K, 1% used [0x00000000c0000000,0x00000000c00b6360,0x00000000c4300000)
 Metaspace       used 15147K, committed 15424K, reserved 1114112K
  class space    used 1538K, committed 1664K, reserved 1048576K
}

Dll operation events (9 events):
Event: 0.080 Loaded shared library c:\Users\user\.vscode\extensions\redhat.java-1.25.1-win32-x64\jre\17.0.9-win32-x86_64\bin\java.dll
Event: 0.915 Loaded shared library c:\Users\user\.vscode\extensions\redhat.java-1.25.1-win32-x64\jre\17.0.9-win32-x86_64\bin\zip.dll
Event: 0.926 Loaded shared library C:\Users\user\.vscode\extensions\redhat.java-1.25.1-win32-x64\jre\17.0.9-win32-x86_64\bin\instrument.dll
Event: 0.977 Loaded shared library C:\Users\user\.vscode\extensions\redhat.java-1.25.1-win32-x64\jre\17.0.9-win32-x86_64\bin\net.dll
Event: 0.981 Loaded shared library C:\Users\user\.vscode\extensions\redhat.java-1.25.1-win32-x64\jre\17.0.9-win32-x86_64\bin\nio.dll
Event: 1.002 Loaded shared library C:\Users\user\.vscode\extensions\redhat.java-1.25.1-win32-x64\jre\17.0.9-win32-x86_64\bin\zip.dll
Event: 1.131 Loaded shared library C:\Users\user\.vscode\extensions\redhat.java-1.25.1-win32-x64\jre\17.0.9-win32-x86_64\bin\jimage.dll
Event: 1.415 Loaded shared library c:\Users\user\.vscode\extensions\redhat.java-1.25.1-win32-x64\jre\17.0.9-win32-x86_64\bin\verify.dll
Event: 4.106 Loaded shared library C:\Users\user\AppData\Roaming\Code\User\globalStorage\redhat.java\1.25.1\config_ss_win\org.eclipse.equinox.launcher\org.eclipse.equinox.launcher.win32.win32.x86_64_1.2.800.v20231003-1442\eclipse_11802.dll

Deoptimization events (20 events):
Event: 4.948 Thread 0x0000028762116770 DEOPT PACKING pc=0x0000028751e44148 sp=0x0000009c5f7fb410
Event: 4.948 Thread 0x0000028762116770 DEOPT UNPACKING pc=0x00000287518966a3 sp=0x0000009c5f7fb358 mode 2
Event: 4.948 Thread 0x0000028762116770 Uncommon trap: trap_request=0xffffffde fr.pc=0x0000028751e49b34 relative=0x0000000000000294
Event: 4.948 Thread 0x0000028762116770 Uncommon trap: reason=class_check action=maybe_recompile pc=0x0000028751e49b34 method=java.io.DataInputStream.readUnsignedByte()I @ 4 c2
Event: 4.948 Thread 0x0000028762116770 DEOPT PACKING pc=0x0000028751e49b34 sp=0x0000009c5f7fb550
Event: 4.948 Thread 0x0000028762116770 DEOPT UNPACKING pc=0x00000287518966a3 sp=0x0000009c5f7fb4a8 mode 2
Event: 4.948 Thread 0x0000028762116770 Uncommon trap: trap_request=0xffffffde fr.pc=0x0000028751e49b34 relative=0x0000000000000294
Event: 4.948 Thread 0x0000028762116770 Uncommon trap: reason=class_check action=maybe_recompile pc=0x0000028751e49b34 method=java.io.DataInputStream.readUnsignedByte()I @ 4 c2
Event: 4.948 Thread 0x0000028762116770 DEOPT PACKING pc=0x0000028751e49b34 sp=0x0000009c5f7fb550
Event: 4.949 Thread 0x0000028762116770 DEOPT UNPACKING pc=0x00000287518966a3 sp=0x0000009c5f7fb4a8 mode 2
Event: 4.949 Thread 0x0000028762116770 Uncommon trap: trap_request=0xffffffde fr.pc=0x0000028751e44148 relative=0x00000000000011e8
Event: 4.949 Thread 0x0000028762116770 Uncommon trap: reason=class_check action=maybe_recompile pc=0x0000028751e44148 method=java.io.DataInputStream.readFully([BII)V @ 30 c2
Event: 4.949 Thread 0x0000028762116770 DEOPT PACKING pc=0x0000028751e44148 sp=0x0000009c5f7fb410
Event: 4.949 Thread 0x0000028762116770 DEOPT UNPACKING pc=0x00000287518966a3 sp=0x0000009c5f7fb358 mode 2
Event: 4.949 Thread 0x0000028762116770 Uncommon trap: trap_request=0xffffffde fr.pc=0x0000028751e44148 relative=0x00000000000011e8
Event: 4.949 Thread 0x0000028762116770 Uncommon trap: reason=class_check action=maybe_recompile pc=0x0000028751e44148 method=java.io.DataInputStream.readFully([BII)V @ 30 c2
Event: 4.949 Thread 0x0000028762116770 DEOPT PACKING pc=0x0000028751e44148 sp=0x0000009c5f7fb410
Event: 4.949 Thread 0x0000028762116770 DEOPT UNPACKING pc=0x00000287518966a3 sp=0x0000009c5f7fb358 mode 2
Event: 5.046 Thread 0x0000028762116770 DEOPT PACKING pc=0x000002874a46913e sp=0x0000009c5f7fe1e0
Event: 5.046 Thread 0x0000028762116770 DEOPT UNPACKING pc=0x0000028751896e43 sp=0x0000009c5f7fd658 mode 0

Classes unloaded (0 events):
No events

Classes redefined (0 events):
No events

Internal exceptions (20 events):
Event: 2.796 Thread 0x00000287476ba390 Exception <a 'java/lang/ClassNotFoundException'{0x00000000ec0a7ce0}: sun/net/www/protocol/c/Handler> (0x00000000ec0a7ce0) 
thrown [s\src\hotspot\share\classfile\systemDictionary.cpp, line 256]
Event: 2.796 Thread 0x00000287476ba390 Exception <a 'java/lang/ClassNotFoundException'{0x00000000ec0a8ea8}: sun/net/www/protocol/c/Handler> (0x00000000ec0a8ea8) 
thrown [s\src\hotspot\share\classfile\systemDictionary.cpp, line 256]
Event: 2.814 Thread 0x00000287476ba390 Exception <a 'java/io/FileNotFoundException'{0x00000000ec0c7c70}> (0x00000000ec0c7c70) 
thrown [s\src\hotspot\share\prims\jni.cpp, line 516]
Event: 2.881 Thread 0x00000287476ba390 Implicit null exception at 0x0000028751e20b5b to 0x0000028751e2152c
Event: 2.881 Thread 0x00000287476ba390 Implicit null exception at 0x0000028751e2696c to 0x0000028751e26b4c
Event: 2.882 Thread 0x00000287476ba390 Implicit null exception at 0x0000028751e1fe8f to 0x0000028751e1ff05
Event: 2.971 Thread 0x00000287476ba390 Exception <a 'java/lang/NoSuchMethodError'{0x00000000ec3938b0}: 'int java.lang.invoke.DirectMethodHandle$Holder.invokeStaticInit(java.lang.Object, java.lang.Object, java.lang.Object, java.lang.Object)'> (0x00000000ec3938b0) 
thrown [s\src\hotspot\share\interpreter\linkResolver.cpp, line 759]
Event: 2.973 Thread 0x00000287476ba390 Exception <a 'java/lang/NoSuchMethodError'{0x00000000ec39df20}: 'java.lang.Object java.lang.invoke.DirectMethodHandle$Holder.invokeInterface(java.lang.Object, java.lang.Object)'> (0x00000000ec39df20) 
thrown [s\src\hotspot\share\interpreter\linkResolver.cpp, line 759]
Event: 2.974 Thread 0x00000287476ba390 Exception <a 'java/lang/IncompatibleClassChangeError'{0x00000000ec3a1718}: Found class java.lang.Object, but interface was expected> (0x00000000ec3a1718) 
thrown [s\src\hotspot\share\interpreter\linkResolver.cpp, line 826]
Event: 2.975 Thread 0x00000287476ba390 Exception <a 'java/lang/NoSuchMethodError'{0x00000000ec3a5c10}: 'void java.lang.invoke.DirectMethodHandle$Holder.invokeStatic(java.lang.Object, java.lang.Object)'> (0x00000000ec3a5c10) 
thrown [s\src\hotspot\share\interpreter\linkResolver.cpp, line 759]
Event: 2.977 Thread 0x00000287476ba390 Exception <a 'java/lang/NoSuchMethodError'{0x00000000ec3a9410}: 'void java.lang.invoke.DirectMethodHandle$Holder.invokeStaticInit(java.lang.Object, java.lang.Object)'> (0x00000000ec3a9410) 
thrown [s\src\hotspot\share\interpreter\linkResolver.cpp, line 759]
Event: 2.980 Thread 0x00000287476ba390 Exception <a 'java/lang/NoSuchMethodError'{0x00000000ec3b0ce8}: 'int java.lang.invoke.DirectMethodHandle$Holder.invokeStaticInit(java.lang.Object, java.lang.Object)'> (0x00000000ec3b0ce8) 
thrown [s\src\hotspot\share\interpreter\linkResolver.cpp, line 759]
Event: 3.088 Thread 0x00000287476ba390 Exception <a 'java/lang/NoSuchMethodError'{0x00000000eabd70c0}: 'void java.lang.invoke.DirectMethodHandle$Holder.invokeSpecial(java.lang.Object, java.lang.Object, java.lang.Object)'> (0x00000000eabd70c0) 
thrown [s\src\hotspot\share\interpreter\linkResolver.cpp, line 759]
Event: 3.704 Thread 0x00000287476ba390 Exception <a 'java/lang/NoSuchMethodError'{0x00000000eb869478}: 'java.lang.Object java.lang.invoke.DirectMethodHandle$Holder.newInvokeSpecial(java.lang.Object, int, java.lang.Object)'> (0x00000000eb869478) 
thrown [s\src\hotspot\share\interpreter\linkResolver.cpp, line 759]
Event: 4.083 Thread 0x00000287476ba390 Exception <a 'java/lang/UnsatisfiedLinkError'{0x00000000ebd9eda8}: 'void org.eclipse.equinox.launcher.JNIBridge._update_splash()'> (0x00000000ebd9eda8) 
thrown [s\src\hotspot\share\prims\nativeLookup.cpp, line 543]
Event: 4.187 Thread 0x0000028762116770 Exception <a 'java/lang/NoSuchMethodError'{0x00000000ec01f808}: 'java.lang.Object java.lang.invoke.DirectMethodHandle$Holder.invokeStaticInit(java.lang.Object)'> (0x00000000ec01f808) 
thrown [s\src\hotspot\share\interpreter\linkResolver.cpp, line 759]
Event: 4.894 Thread 0x0000028762116770 Exception <a 'java/io/FileNotFoundException'{0x00000000eb37da00}> (0x00000000eb37da00) 
thrown [s\src\hotspot\share\prims\jni.cpp, line 516]
Event: 4.961 Thread 0x0000028762116770 Exception <a 'java/lang/NullPointerException'{0x00000000eb3fafb8}> (0x00000000eb3fafb8) 
thrown [s\src\hotspot\share\interpreter\linkResolver.cpp, line 1350]
Event: 4.961 Thread 0x0000028762116770 Exception <a 'java/lang/NullPointerException'{0x00000000eb3fb7e0}> (0x00000000eb3fb7e0) 
thrown [s\src\hotspot\share\interpreter\linkResolver.cpp, line 1350]
Event: 5.037 Thread 0x0000028762116770 Exception <a 'java/lang/NoSuchMethodError'{0x00000000eb51fd90}: 'java.lang.Object java.lang.invoke.Invokers$Holder.invokeExact_MT(java.lang.Object, java.lang.Object, java.lang.Object, java.lang.Object, java.lang.Object, java.lang.Object)'> (0x00000000eb51fd90) 
thrown [s\src\hotspot\share\interpreter\linkResolver.cpp, line 759]

VM Operations (20 events):
Event: 2.140 Executing VM operation: HandshakeAllThreads
Event: 2.140 Executing VM operation: HandshakeAllThreads done
Event: 2.162 Executing VM operation: HandshakeAllThreads
Event: 2.162 Executing VM operation: HandshakeAllThreads done
Event: 3.016 Executing VM operation: ParallelGCFailedAllocation
Event: 3.034 Executing VM operation: ParallelGCFailedAllocation done
Event: 3.648 Executing VM operation: HandshakeAllThreads
Event: 3.648 Executing VM operation: HandshakeAllThreads done
Event: 3.648 Executing VM operation: HandshakeAllThreads
Event: 3.648 Executing VM operation: HandshakeAllThreads done
Event: 3.664 Executing VM operation: HandshakeAllThreads
Event: 3.664 Executing VM operation: HandshakeAllThreads done
Event: 3.695 Executing VM operation: HandshakeAllThreads
Event: 3.695 Executing VM operation: HandshakeAllThreads done
Event: 4.233 Executing VM operation: HandshakeAllThreads
Event: 4.234 Executing VM operation: HandshakeAllThreads done
Event: 4.234 Executing VM operation: Cleanup
Event: 4.234 Executing VM operation: Cleanup done
Event: 4.344 Executing VM operation: ParallelGCFailedAllocation
Event: 4.351 Executing VM operation: ParallelGCFailedAllocation done

Events (20 events):
Event: 4.645 loading class java/lang/CloneNotSupportedException
Event: 4.645 loading class java/lang/CloneNotSupportedException done
Event: 4.765 loading class java/util/TreeMap$Values
Event: 4.765 loading class java/util/TreeMap$Values done
Event: 4.765 loading class java/util/TreeMap$ValueIterator
Event: 4.765 loading class java/util/TreeMap$ValueIterator done
Event: 4.913 loading class java/util/function/IntFunction
Event: 4.914 loading class java/util/function/IntFunction done
Event: 4.961 loading class java/util/ImmutableCollections$Map1
Event: 4.961 loading class java/util/ImmutableCollections$Map1 done
Event: 4.961 loading class java/util/AbstractMap$1
Event: 4.961 loading class java/util/AbstractMap$1 done
Event: 4.961 loading class java/util/AbstractMap$1$1
Event: 4.961 loading class java/util/AbstractMap$1$1 done
Event: 5.033 loading class java/lang/StackWalker$Option
Event: 5.033 loading class java/lang/StackWalker$Option done
Event: 5.042 loading class java/util/Comparators$NaturalOrderComparator
Event: 5.043 loading class java/util/Comparators$NaturalOrderComparator done
Event: 5.043 loading class java/util/Collections$ReverseComparator2
Event: 5.043 loading class java/util/Collections$ReverseComparator2 done


Dynamic libraries:
0x00007ff6a7030000 - 0x00007ff6a703e000 	c:\Users\user\.vscode\extensions\redhat.java-1.25.1-win32-x64\jre\17.0.9-win32-x86_64\bin\java.exe
0x00007ffb98e10000 - 0x00007ffb99027000 	C:\WINDOWS\SYSTEM32\ntdll.dll
0x00007ffb97f60000 - 0x00007ffb98024000 	C:\WINDOWS\System32\KERNEL32.DLL
0x00007ffb96190000 - 0x00007ffb96536000 	C:\WINDOWS\System32\KERNELBASE.dll
0x00007ffb96a50000 - 0x00007ffb96b61000 	C:\WINDOWS\System32\ucrtbase.dll
0x00007ffb81dc0000 - 0x00007ffb81dd7000 	c:\Users\user\.vscode\extensions\redhat.java-1.25.1-win32-x64\jre\17.0.9-win32-x86_64\bin\jli.dll
0x00007ffb81da0000 - 0x00007ffb81dbb000 	c:\Users\user\.vscode\extensions\redhat.java-1.25.1-win32-x64\jre\17.0.9-win32-x86_64\bin\VCRUNTIME140.dll
0x00007ffb97290000 - 0x00007ffb9743d000 	C:\WINDOWS\System32\USER32.dll
0x00007ffb95470000 - 0x00007ffb95703000 	C:\WINDOWS\WinSxS\amd64_microsoft.windows.common-controls_6595b64144ccf1df_6.0.22621.2361_none_2712ced57382f843\COMCTL32.dll
0x00007ffb967a0000 - 0x00007ffb967c6000 	C:\WINDOWS\System32\win32u.dll
0x00007ffb96c20000 - 0x00007ffb96c49000 	C:\WINDOWS\System32\GDI32.dll
0x00007ffb97e10000 - 0x00007ffb97eb7000 	C:\WINDOWS\System32\msvcrt.dll
0x00007ffb967d0000 - 0x00007ffb968e8000 	C:\WINDOWS\System32\gdi32full.dll
0x00007ffb969b0000 - 0x00007ffb96a4a000 	C:\WINDOWS\System32\msvcp_win.dll
0x00007ffb98800000 - 0x00007ffb98831000 	C:\WINDOWS\System32\IMM32.DLL
0x00007ffb429c0000 - 0x00007ffb42a71000 	C:\Program Files\McAfee\Endpoint Security\Threat Prevention\Ips\EpMPApi.dll
0x00007ffb98090000 - 0x00007ffb981a7000 	C:\WINDOWS\System32\RPCRT4.dll
0x00007ffb984f0000 - 0x00007ffb985a0000 	C:\WINDOWS\System32\ADVAPI32.dll
0x00007ffb96b70000 - 0x00007ffb96c16000 	C:\WINDOWS\System32\sechost.dll
0x00007ffb96730000 - 0x00007ffb9679c000 	C:\WINDOWS\System32\WINTRUST.dll
0x00007ffb965c0000 - 0x00007ffb96726000 	C:\WINDOWS\System32\CRYPT32.dll
0x00007ffb95220000 - 0x00007ffb95232000 	C:\WINDOWS\SYSTEM32\MSASN1.dll
0x0000000062be0000 - 0x0000000062bec000 	C:\Program Files\McAfee\Endpoint Security\Threat Prevention\Ips\EpMPThe.dll
0x00007ffb44c30000 - 0x00007ffb44c8b000 	C:\Program Files\McAfee\Endpoint Security\Threat Prevention\Ips\HIPHandlers64.dll
0x00007ffb975b0000 - 0x00007ffb97e08000 	C:\WINDOWS\System32\SHELL32.dll
0x00007ffb98490000 - 0x00007ffb984ee000 	C:\WINDOWS\System32\SHLWAPI.dll
0x00007ffb95a20000 - 0x00007ffb95c4e000 	C:\WINDOWS\SYSTEM32\dbghelp.dll
0x00007ffb96db0000 - 0x00007ffb9713a000 	C:\WINDOWS\System32\combase.dll
0x00007ffb983b0000 - 0x00007ffb98487000 	C:\WINDOWS\System32\OLEAUT32.dll
0x00007ffb95920000 - 0x00007ffb9592c000 	c:\Users\user\.vscode\extensions\redhat.java-1.25.1-win32-x64\jre\17.0.9-win32-x86_64\bin\vcruntime140_1.dll
0x00007ffb81240000 - 0x00007ffb812cd000 	c:\Users\user\.vscode\extensions\redhat.java-1.25.1-win32-x64\jre\17.0.9-win32-x86_64\bin\msvcp140.dll
0x00007ffb36320000 - 0x00007ffb36f81000 	c:\Users\user\.vscode\extensions\redhat.java-1.25.1-win32-x64\jre\17.0.9-win32-x86_64\bin\server\jvm.dll
0x00007ffb96060000 - 0x00007ffb960ad000 	C:\WINDOWS\SYSTEM32\POWRPROF.dll
0x00007ffb6bc00000 - 0x00007ffb6bc09000 	C:\WINDOWS\SYSTEM32\WSOCK32.dll
0x00007ffb985a0000 - 0x00007ffb98611000 	C:\WINDOWS\System32\WS2_32.dll
0x00007ffb8bac0000 - 0x00007ffb8baf4000 	C:\WINDOWS\SYSTEM32\WINMM.dll
0x00007ffb75be0000 - 0x00007ffb75bea000 	C:\WINDOWS\SYSTEM32\VERSION.dll
0x00007ffb96040000 - 0x00007ffb96053000 	C:\WINDOWS\SYSTEM32\UMPDC.dll
0x00007ffb94b00000 - 0x00007ffb94b18000 	C:\WINDOWS\SYSTEM32\kernel.appcore.dll
0x00007ffb90930000 - 0x00007ffb9093a000 	c:\Users\user\.vscode\extensions\redhat.java-1.25.1-win32-x64\jre\17.0.9-win32-x86_64\bin\jimage.dll
0x00007ffb958e0000 - 0x00007ffb95912000 	C:\WINDOWS\SYSTEM32\dbgcore.DLL
0x00007ffb96540000 - 0x00007ffb965ba000 	C:\WINDOWS\System32\bcryptPrimitives.dll
0x00007ffb8dde0000 - 0x00007ffb8ddee000 	c:\Users\user\.vscode\extensions\redhat.java-1.25.1-win32-x64\jre\17.0.9-win32-x86_64\bin\instrument.dll
0x00007ffb81190000 - 0x00007ffb811b5000 	c:\Users\user\.vscode\extensions\redhat.java-1.25.1-win32-x64\jre\17.0.9-win32-x86_64\bin\java.dll
0x00007ffb81170000 - 0x00007ffb81188000 	c:\Users\user\.vscode\extensions\redhat.java-1.25.1-win32-x64\jre\17.0.9-win32-x86_64\bin\zip.dll
0x00007ffb93a20000 - 0x00007ffb94312000 	C:\WINDOWS\SYSTEM32\windows.storage.dll
0x00007ffb938e0000 - 0x00007ffb93a1e000 	C:\WINDOWS\SYSTEM32\wintypes.dll
0x00007ffb974b0000 - 0x00007ffb975a3000 	C:\WINDOWS\System32\SHCORE.dll
0x00007ffb960c0000 - 0x00007ffb960e6000 	C:\WINDOWS\SYSTEM32\profapi.dll
0x00007ffb81150000 - 0x00007ffb81169000 	C:\Users\user\.vscode\extensions\redhat.java-1.25.1-win32-x64\jre\17.0.9-win32-x86_64\bin\net.dll
0x00007ffb8e480000 - 0x00007ffb8e5b7000 	C:\WINDOWS\SYSTEM32\WINHTTP.dll
0x00007ffb94f40000 - 0x00007ffb94fa9000 	C:\WINDOWS\system32\mswsock.dll
0x00007ffb81130000 - 0x00007ffb81146000 	C:\Users\user\.vscode\extensions\redhat.java-1.25.1-win32-x64\jre\17.0.9-win32-x86_64\bin\nio.dll
0x00007ffb8dd20000 - 0x00007ffb8dd30000 	c:\Users\user\.vscode\extensions\redhat.java-1.25.1-win32-x64\jre\17.0.9-win32-x86_64\bin\verify.dll
0x00007ffb7d560000 - 0x00007ffb7d59e000 	C:\Users\user\AppData\Roaming\Code\User\globalStorage\redhat.java\1.25.1\config_ss_win\org.eclipse.equinox.launcher\org.eclipse.equinox.launcher.win32.win32.x86_64_1.2.800.v20231003-1442\eclipse_11802.dll
0x00007ffb981b0000 - 0x00007ffb9834f000 	C:\WINDOWS\System32\ole32.dll

dbghelp: loaded successfully - version: 4.0.5 - missing functions: none
symbol engine: initialized successfully - sym options: 0x614 - pdb path: .;c:\Users\user\.vscode\extensions\redhat.java-1.25.1-win32-x64\jre\17.0.9-win32-x86_64\bin;C:\WINDOWS\SYSTEM32;C:\WINDOWS\WinSxS\amd64_microsoft.windows.common-controls_6595b64144ccf1df_6.0.22621.2361_none_2712ced57382f843;C:\Program Files\McAfee\Endpoint Security\Threat Prevention\Ips;c:\Users\user\.vscode\extensions\redhat.java-1.25.1-win32-x64\jre\17.0.9-win32-x86_64\bin\server;C:\Users\user\AppData\Roaming\Code\User\globalStorage\redhat.java\1.25.1\config_ss_win\org.eclipse.equinox.launcher\org.eclipse.equinox.launcher.win32.win32.x86_64_1.2.800.v20231003-1442

VM Arguments:
jvm_args: --add-modules=ALL-SYSTEM --add-opens=java.base/java.util=ALL-UNNAMED --add-opens=java.base/java.lang=ALL-UNNAMED --add-opens=java.base/sun.nio.fs=ALL-UNNAMED -Declipse.application=org.eclipse.jdt.ls.core.id1 -Dosgi.bundles.defaultStartLevel=4 -Declipse.product=org.eclipse.jdt.ls.core.product -Djava.import.generatesMetadataFilesAtProjectRoot=false -DDetectVMInstallationsJob.disabled=true -Dfile.encoding=utf8 -XX:+UseParallelGC -XX:GCTimeRatio=4 -XX:AdaptiveSizePolicyWeight=90 -Dsun.zip.disableMemoryMapping=true -Xmx1G -Xms100m -Xlog:disable -javaagent:c:\Users\user\.vscode\extensions\redhat.java-1.25.1-win32-x64\lombok\lombok-1.18.30.jar 
java_command: c:\Users\user\.vscode\extensions\redhat.java-1.25.1-win32-x64\server\plugins\org.eclipse.equinox.launcher_1.6.600.v20231106-1826.jar -configuration c:\Users\user\AppData\Roaming\Code\User\globalStorage\redhat.java\1.25.1\config_ss_win -data c:\Users\user\AppData\Roaming\Code\User\workspaceStorage\f7a9a79f65a14c51f4f6fc19f4e609ca\redhat.java\ss_ws --stdio
java_class_path (initial): c:\Users\user\.vscode\extensions\redhat.java-1.25.1-win32-x64\server\plugins\org.eclipse.equinox.launcher_1.6.600.v20231106-1826.jar
Launcher Type: SUN_STANDARD

[Global flags]
    uintx AdaptiveSizePolicyWeight                 = 90                                        {product} {command line}
     intx CICompilerCount                          = 4                                         {product} {ergonomic}
    uintx GCTimeRatio                              = 4                                         {product} {command line}
   size_t InitialHeapSize                          = 104857600                                 {product} {command line}
   size_t MaxHeapSize                              = 1073741824                                {product} {command line}
   size_t MaxNewSize                               = 357564416                                 {product} {ergonomic}
   size_t MinHeapDeltaBytes                        = 524288                                    {product} {ergonomic}
   size_t MinHeapSize                              = 104857600                                 {product} {command line}
   size_t NewSize                                  = 34603008                                  {product} {ergonomic}
    uintx NonNMethodCodeHeapSize                   = 5839372                                {pd product} {ergonomic}
    uintx NonProfiledCodeHeapSize                  = 122909434                              {pd product} {ergonomic}
   size_t OldSize                                  = 70254592                                  {product} {ergonomic}
    uintx ProfiledCodeHeapSize                     = 122909434                              {pd product} {ergonomic}
    uintx ReservedCodeCacheSize                    = 251658240                              {pd product} {ergonomic}
     bool SegmentedCodeCache                       = true                                      {product} {ergonomic}
   size_t SoftMaxHeapSize                          = 1073741824                             {manageable} {ergonomic}
     bool UseCompressedClassPointers               = true                           {product lp64_product} {ergonomic}
     bool UseCompressedOops                        = true                           {product lp64_product} {ergonomic}
     bool UseLargePagesIndividualAllocation        = false                                  {pd product} {ergonomic}
     bool UseParallelGC                            = true                                      {product} {command line}

Logging:
Log output configuration:
 #0: stdout all=off uptime,level,tags
 #1: stderr all=off uptime,level,tags

Environment Variables:
JAVA_HOME=C:\Program Files\Java\jdk-11
PATH=C:\Program Files\Common Files\Oracle\Java\javapath;C:\WINDOWS\system32;C:\WINDOWS;C:\WINDOWS\System32\Wbem;C:\WINDOWS\System32\WindowsPowerShell\v1.0\;C:\WINDOWS\System32\OpenSSH\;C:\Program Files\nodejs\;%JAVA_HOME%\bin;C:\Program Files\Git\cmd;C:\Program Files\MySQL\MySQL Shell 8.0\bin\;C:\Users\user\AppData\Local\Microsoft\WindowsApps;C:\Users\user\AppData\Roaming\npm;C:\Users\user\AppData\Local\Programs\Microsoft VS Code\bin;C:\Users\user\AppData\Local\GitHubDesktop\bin
USERNAME=mindcraft
OS=Windows_NT
PROCESSOR_IDENTIFIER=Intel64 Family 6 Model 154 Stepping 4, GenuineIntel
TMP=C:\Users\user\AppData\Local\Temp
TEMP=C:\Users\user\AppData\Local\Temp



Periodic native trim disabled


---------------  S Y S T E M  ---------------

OS:
 Windows 11 , 64 bit Build 22621 (10.0.22621.2428)
OS uptime: 31 days 21:40 hours

CPU: total 8 (initial active 8) (8 cores per cpu, 1 threads per core) family 6 model 154 stepping 4 microcode 0x424, cx8, cmov, fxsr, mmx, 3dnowpref, sse, sse2, sse3, ssse3, sse4.1, sse4.2, popcnt, lzcnt, tsc, tscinvbit, avx, avx2, aes, erms, clmul, bmi1, bmi2, adx, sha, fma, vzeroupper, clflush, clflushopt, clwb
Processor Information for processor 0
  Max Mhz: 1200, Current Mhz: 1200, Mhz Limit: 1200
Processor Information for processor 1
  Max Mhz: 1200, Current Mhz: 1200, Mhz Limit: 1200
Processor Information for processor 2
  Max Mhz: 1200, Current Mhz: 1200, Mhz Limit: 1200
Processor Information for processor 3
  Max Mhz: 1200, Current Mhz: 1200, Mhz Limit: 1200
Processor Information for processor 4
  Max Mhz: 1200, Current Mhz: 700, Mhz Limit: 900
Processor Information for processor 5
  Max Mhz: 1200, Current Mhz: 700, Mhz Limit: 900
Processor Information for processor 6
  Max Mhz: 1200, Current Mhz: 700, Mhz Limit: 900
Processor Information for processor 7
  Max Mhz: 1200, Current Mhz: 700, Mhz Limit: 900

Memory: 4k page, system-wide physical 7810M (330M free)
TotalPageFile size 31362M (AvailPageFile size 60M)
current process WorkingSet (physical memory assigned to process): 94M, peak: 94M
current process commit charge ("private bytes"): 210M, peak: 210M

vm_info: OpenJDK 64-Bit Server VM (17.0.9+9) for windows-amd64 JRE (17.0.9+9), built on Oct 26 2023 14:01:42 by "admin" with MS VC++ 16.10 / 16.11 (VS2019)

END.
