#
# There is insufficient memory for the Java Runtime Environment to continue.
# Native memory allocation (malloc) failed to allocate 2097152 bytes for AllocateHeap
# Possible reasons:
#   The system is out of physical RAM or swap space
#   The process is running with CompressedOops enabled, and the Java Heap may be blocking the growth of the native heap
# Possible solutions:
#   Reduce memory load on the system
#   Increase physical memory or swap space
#   Check if swap backing store is full
#   Decrease Java heap size (-Xmx/-Xms)
#   Decrease number of Java threads
#   Decrease Java thread stack sizes (-Xss)
#   Set larger code cache with -XX:ReservedCodeCacheSize=
#   JVM is running with Unscaled Compressed Oops mode in which the Java heap is
#     placed in the first 4GB address space. The Java Heap base address is the
#     maximum limit for the native heap growth. Please use -XX:HeapBaseMinAddress
#     to set the Java Heap base and to place the Java Heap above 4GB virtual address.
# This output file may be truncated or incomplete.
#
#  Out of Memory Error (allocation.cpp:44), pid=99464, tid=119268
#
# JRE version: OpenJDK Runtime Environment Temurin-17.0.9+9 (17.0.9+9) (build 17.0.9+9)
# Java VM: OpenJDK 64-Bit Server VM Temurin-17.0.9+9 (17.0.9+9, mixed mode, emulated-client, tiered, compressed oops, compressed class ptrs, g1 gc, windows-amd64)
# No core dump will be written. Minidumps are not enabled by default on client versions of Windows
#

---------------  S U M M A R Y ------------

Command Line: -XX:+HeapDumpOnOutOfMemoryError -Xmx1024m -Dsts.lsp.client=vscode -Dsts.log.file=/dev/null -XX:TieredStopAtLevel=1 -Xlog:jni+resolve=off -Dspring.config.location=file:c:\Users\user\.vscode\extensions\vmware.vscode-spring-boot-1.51.0\language-server\BOOT-INF\classes\application.properties org.springframework.ide.vscode.boot.app.BootLanguageServerBootApp

Host: 12th Gen Intel(R) Core(TM) i3-1215U, 8 cores, 7G,  Windows 11 , 64 bit Build 22621 (10.0.22621.2506)
Time: Thu Jan 25 16:55:49 2024 India Standard Time elapsed time: 1373.742196 seconds (0d 0h 22m 53s)

---------------  T H R E A D  ---------------

Current thread (0x000001a93f1a8db0):  VMThread "VM Thread" [stack: 0x0000004a2d300000,0x0000004a2d400000] [id=119268]

Stack: [0x0000004a2d300000,0x0000004a2d400000]
Native frames: (J=compiled Java code, j=interpreted, Vv=VM code, C=native code)
V  [jvm.dll+0x67cf49]
V  [jvm.dll+0x83478a]
V  [jvm.dll+0x83624e]
V  [jvm.dll+0x8368b3]
V  [jvm.dll+0x247f1f]
V  [jvm.dll+0xa6b4b]
V  [jvm.dll+0x2f8f01]
V  [jvm.dll+0x2f4af0]
V  [jvm.dll+0x2dd0d7]
V  [jvm.dll+0x320357]
V  [jvm.dll+0x83adab]
V  [jvm.dll+0x83baf1]
V  [jvm.dll+0x83c00d]
V  [jvm.dll+0x83c3e4]
V  [jvm.dll+0x83c4b0]
V  [jvm.dll+0x7e3c3a]
V  [jvm.dll+0x67be35]
C  [ucrtbase.dll+0x29363]
C  [KERNEL32.DLL+0x1257d]
C  [ntdll.dll+0x5aa58]

VM_Operation (0x0000004a2eafef10): G1CollectFull, mode: safepoint, requested by thread 0x000001a94527e770


---------------  P R O C E S S  ---------------

Threads class SMR info:
_java_thread_list=0x000001a944f15040, length=16, elements={
0x000001a93f1ae8a0, 0x000001a93f6117d0, 0x000001a93f64b010, 0x000001a93f64b9d0,
0x000001a93f64c390, 0x000001a93f64cd50, 0x000001a93f64d7c0, 0x000001a93f64f0e0,
0x000001a93f84ff70, 0x000001a93f865010, 0x000001a94532f030, 0x000001a94527e770,
0x000001a9451a1f10, 0x000001a9324d3b60, 0x000001a9453efc10, 0x000001a945409150
}

Java Threads: ( => current thread )
  0x000001a93f1ae8a0 JavaThread "Reference Handler" daemon [_thread_blocked, id=115928, stack(0x0000004a2d400000,0x0000004a2d500000)]
  0x000001a93f6117d0 JavaThread "Finalizer" daemon [_thread_blocked, id=123532, stack(0x0000004a2d500000,0x0000004a2d600000)]
  0x000001a93f64b010 JavaThread "Signal Dispatcher" daemon [_thread_blocked, id=123956, stack(0x0000004a2d600000,0x0000004a2d700000)]
  0x000001a93f64b9d0 JavaThread "Attach Listener" daemon [_thread_blocked, id=132352, stack(0x0000004a2d700000,0x0000004a2d800000)]
  0x000001a93f64c390 JavaThread "Service Thread" daemon [_thread_blocked, id=125584, stack(0x0000004a2d800000,0x0000004a2d900000)]
  0x000001a93f64cd50 JavaThread "Monitor Deflation Thread" daemon [_thread_blocked, id=88108, stack(0x0000004a2d900000,0x0000004a2da00000)]
  0x000001a93f64d7c0 JavaThread "C1 CompilerThread0" daemon [_thread_blocked, id=119144, stack(0x0000004a2da00000,0x0000004a2db00000)]
  0x000001a93f64f0e0 JavaThread "Sweeper thread" daemon [_thread_blocked, id=17444, stack(0x0000004a2db00000,0x0000004a2dc00000)]
  0x000001a93f84ff70 JavaThread "Notification Thread" daemon [_thread_blocked, id=133064, stack(0x0000004a2dc00000,0x0000004a2dd00000)]
  0x000001a93f865010 JavaThread "Common-Cleaner" daemon [_thread_blocked, id=124944, stack(0x0000004a2de00000,0x0000004a2df00000)]
  0x000001a94532f030 JavaThread "boundedElastic-evictor-1" daemon [_thread_blocked, id=131664, stack(0x0000004a2e700000,0x0000004a2e800000)]
  0x000001a94527e770 JavaThread "pool-12-thread-1" [_thread_blocked, id=111648, stack(0x0000004a2ea00000,0x0000004a2eb00000)]
  0x000001a9451a1f10 JavaThread "LanguageServerApp-lifecycle" [_thread_blocked, id=115484, stack(0x0000004a2eb00000,0x0000004a2ec00000)]
  0x000001a9324d3b60 JavaThread "DestroyJavaVM" [_thread_blocked, id=124040, stack(0x0000004a2cd00000,0x0000004a2ce00000)]
  0x000001a9453efc10 JavaThread "pool-13-thread-1" [_thread_in_native, id=124644, stack(0x0000004a2ec00000,0x0000004a2ed00000)]
  0x000001a945409150 JavaThread "Simple-Language-Server main thread" daemon [_thread_blocked, id=115960, stack(0x0000004a2ed00000,0x0000004a2ee00000)]

Other Threads:
=>0x000001a93f1a8db0 VMThread "VM Thread" [stack: 0x0000004a2d300000,0x0000004a2d400000] [id=119268]
  0x000001a93f850450 WatcherThread [stack: 0x0000004a2dd00000,0x0000004a2de00000] [id=115288]
  0x000001a932512a90 GCTaskThread "GC Thread#0" [stack: 0x0000004a2ce00000,0x0000004a2cf00000] [id=131236]
  0x000001a9448eeaf0 GCTaskThread "GC Thread#1" [stack: 0x0000004a2e000000,0x0000004a2e100000] [id=131980]
  0x000001a9448af990 GCTaskThread "GC Thread#2" [stack: 0x0000004a2e100000,0x0000004a2e200000] [id=132820]
  0x000001a9448afc50 GCTaskThread "GC Thread#3" [stack: 0x0000004a2e200000,0x0000004a2e300000] [id=111880]
  0x000001a9449d3c50 GCTaskThread "GC Thread#4" [stack: 0x0000004a2e300000,0x0000004a2e400000] [id=124552]
  0x000001a94486f000 GCTaskThread "GC Thread#5" [stack: 0x0000004a2e400000,0x0000004a2e500000] [id=127872]
  0x000001a94486f2c0 GCTaskThread "GC Thread#6" [stack: 0x0000004a2e500000,0x0000004a2e600000] [id=129516]
  0x000001a944b9ed10 GCTaskThread "GC Thread#7" [stack: 0x0000004a2e800000,0x0000004a2e900000] [id=131912]
  0x000001a93251b9e0 ConcurrentGCThread "G1 Main Marker" [stack: 0x0000004a2cf00000,0x0000004a2d000000] [id=119908]
  0x000001a93251c400 ConcurrentGCThread "G1 Conc#0" [stack: 0x0000004a2d000000,0x0000004a2d100000] [id=116896]
  0x000001a944d1d460 ConcurrentGCThread "G1 Conc#1" [stack: 0x0000004a2e900000,0x0000004a2ea00000] [id=126184]
  0x000001a93f022f10 ConcurrentGCThread "G1 Refine#0" [stack: 0x0000004a2d100000,0x0000004a2d200000] [id=95988]
  0x000001a93f024860 ConcurrentGCThread "G1 Service" [stack: 0x0000004a2d200000,0x0000004a2d300000] [id=132428]

Threads with active compile tasks:

VM state: at safepoint (normal execution)

VM Mutex/Monitor currently owned by a thread:  ([mutex/lock_event])
[0x000001a9323204e0] Threads_lock - owner thread: 0x000001a93f1a8db0
[0x000001a93231cb80] Heap_lock - owner thread: 0x000001a94527e770

Heap address: 0x00000000c0000000, size: 1024 MB, Compressed Oops mode: 32-bit

CDS archive(s) not mapped
Compressed class space mapped at: 0x0000000100000000-0x0000000140000000, reserved size: 1073741824
Narrow klass base: 0x0000000000000000, Narrow klass shift: 3, Narrow klass range: 0x140000000

GC Precious Log:
 CPUs: 8 total, 8 available
 Memory: 7810M
 Large Page Support: Disabled
 NUMA Support: Disabled
 Compressed Oops: Enabled (32-bit)
 Heap Region Size: 1M
 Heap Min Capacity: 8M
 Heap Initial Capacity: 124M
 Heap Max Capacity: 1G
 Pre-touch: Disabled
 Parallel Workers: 8
 Concurrent Workers: 2
 Concurrent Refinement Workers: 8
 Periodic GC: Disabled

Heap:
 garbage-first heap   total 75776K, used 21919K [0x00000000c0000000, 0x0000000100000000)
  region size 1024K, 1 young (1024K), 0 survivors (0K)
 Metaspace       used 37464K, committed 37952K, reserved 1114112K
  class space    used 4857K, committed 5056K, reserved 1048576K

Heap Regions: E=young(eden), S=young(survivor), O=old, HS=humongous(starts), HC=humongous(continues), CS=collection set, F=free, OA=open archive, CA=closed archive, TAMS=top-at-mark-start (previous, next)
|   0|0x00000000c0000000, 0x00000000c0100000, 0x00000000c0100000|100%|HS|  |TAMS 0x00000000c0100000, 0x00000000c0000000| Untracked 
|   1|0x00000000c0100000, 0x00000000c0200000, 0x00000000c0200000|100%|HC|  |TAMS 0x00000000c0200000, 0x00000000c0100000| Untracked 
|   2|0x00000000c0200000, 0x00000000c0300000, 0x00000000c0300000|100%|HC|  |TAMS 0x00000000c0300000, 0x00000000c0200000| Untracked 
|   3|0x00000000c0300000, 0x00000000c0400000, 0x00000000c0400000|100%|HC|  |TAMS 0x00000000c0400000, 0x00000000c0300000| Untracked 
|   4|0x00000000c0400000, 0x00000000c0500000, 0x00000000c0500000|100%| O|  |TAMS 0x00000000c0500000, 0x00000000c0400000| Untracked 
|   5|0x00000000c0500000, 0x00000000c05ff710, 0x00000000c0600000| 99%| O|  |TAMS 0x00000000c05ff710, 0x00000000c0500000| Untracked 
|   6|0x00000000c0600000, 0x00000000c0700000, 0x00000000c0700000|100%| O|  |TAMS 0x00000000c0700000, 0x00000000c0600000| Untracked 
|   7|0x00000000c0700000, 0x00000000c07ff380, 0x00000000c0800000| 99%| O|  |TAMS 0x00000000c07ff380, 0x00000000c0700000| Untracked 
|   8|0x00000000c0800000, 0x00000000c0900000, 0x00000000c0900000|100%| O|  |TAMS 0x00000000c0900000, 0x00000000c0800000| Untracked 
|   9|0x00000000c0900000, 0x00000000c0a00000, 0x00000000c0a00000|100%| O|  |TAMS 0x00000000c0a00000, 0x00000000c0900000| Untracked 
|  10|0x00000000c0a00000, 0x00000000c0afffe0, 0x00000000c0b00000| 99%| O|  |TAMS 0x00000000c0afffe0, 0x00000000c0a00000| Untracked 
|  11|0x00000000c0b00000, 0x00000000c0c00000, 0x00000000c0c00000|100%| O|  |TAMS 0x00000000c0c00000, 0x00000000c0b00000| Untracked 
|  12|0x00000000c0c00000, 0x00000000c0d00000, 0x00000000c0d00000|100%| O|  |TAMS 0x00000000c0d00000, 0x00000000c0c00000| Untracked 
|  13|0x00000000c0d00000, 0x00000000c0e00000, 0x00000000c0e00000|100%| O|  |TAMS 0x00000000c0e00000, 0x00000000c0d00000| Untracked 
|  14|0x00000000c0e00000, 0x00000000c0f00000, 0x00000000c0f00000|100%| O|  |TAMS 0x00000000c0f00000, 0x00000000c0e00000| Untracked 
|  15|0x00000000c0f00000, 0x00000000c0fffff8, 0x00000000c1000000| 99%| O|  |TAMS 0x00000000c0fffff8, 0x00000000c0f00000| Untracked 
|  16|0x00000000c1000000, 0x00000000c10fffe0, 0x00000000c1100000| 99%| O|  |TAMS 0x00000000c10fffe0, 0x00000000c1000000| Untracked 
|  17|0x00000000c1100000, 0x00000000c11fffd0, 0x00000000c1200000| 99%| O|  |TAMS 0x00000000c11fffd0, 0x00000000c1100000| Untracked 
|  18|0x00000000c1200000, 0x00000000c12ffff8, 0x00000000c1300000| 99%| O|  |TAMS 0x00000000c12ffff8, 0x00000000c1200000| Untracked 
|  19|0x00000000c1300000, 0x00000000c13fffe8, 0x00000000c1400000| 99%| O|  |TAMS 0x00000000c13fffe8, 0x00000000c1300000| Untracked 
|  20|0x00000000c1400000, 0x00000000c14ffff8, 0x00000000c1500000| 99%| O|  |TAMS 0x00000000c14ffff8, 0x00000000c1400000| Untracked 
|  21|0x00000000c1500000, 0x00000000c1567230, 0x00000000c1600000| 40%| O|  |TAMS 0x00000000c1500000, 0x00000000c1500000| Untracked 
|  22|0x00000000c1600000, 0x00000000c1602360, 0x00000000c1700000|  0%| O|  |TAMS 0x00000000c1600000, 0x00000000c1600000| Untracked 
|  23|0x00000000c1700000, 0x00000000c1700000, 0x00000000c1800000|  0%| F|  |TAMS 0x00000000c1700000, 0x00000000c1700000| Untracked 
|  24|0x00000000c1800000, 0x00000000c1800000, 0x00000000c1900000|  0%| F|  |TAMS 0x00000000c1800000, 0x00000000c1800000| Untracked 
|  25|0x00000000c1900000, 0x00000000c1900000, 0x00000000c1a00000|  0%| F|  |TAMS 0x00000000c1900000, 0x00000000c1900000| Untracked 
|  26|0x00000000c1a00000, 0x00000000c1a00000, 0x00000000c1b00000|  0%| F|  |TAMS 0x00000000c1a00000, 0x00000000c1a00000| Untracked 
|  27|0x00000000c1b00000, 0x00000000c1b00000, 0x00000000c1c00000|  0%| F|  |TAMS 0x00000000c1b00000, 0x00000000c1b00000| Untracked 
|  28|0x00000000c1c00000, 0x00000000c1c00000, 0x00000000c1d00000|  0%| F|  |TAMS 0x00000000c1c00000, 0x00000000c1c00000| Untracked 
|  29|0x00000000c1d00000, 0x00000000c1d00000, 0x00000000c1e00000|  0%| F|  |TAMS 0x00000000c1d00000, 0x00000000c1d00000| Untracked 
|  30|0x00000000c1e00000, 0x00000000c1e00000, 0x00000000c1f00000|  0%| F|  |TAMS 0x00000000c1e00000, 0x00000000c1e00000| Untracked 
|  31|0x00000000c1f00000, 0x00000000c1f00000, 0x00000000c2000000|  0%| F|  |TAMS 0x00000000c1f00000, 0x00000000c1f00000| Untracked 
|  32|0x00000000c2000000, 0x00000000c2000000, 0x00000000c2100000|  0%| F|  |TAMS 0x00000000c2000000, 0x00000000c2000000| Untracked 
|  33|0x00000000c2100000, 0x00000000c2100000, 0x00000000c2200000|  0%| F|  |TAMS 0x00000000c2100000, 0x00000000c2100000| Untracked 
|  34|0x00000000c2200000, 0x00000000c2200000, 0x00000000c2300000|  0%| F|  |TAMS 0x00000000c2200000, 0x00000000c2200000| Untracked 
|  35|0x00000000c2300000, 0x00000000c2300000, 0x00000000c2400000|  0%| F|  |TAMS 0x00000000c2300000, 0x00000000c2300000| Untracked 
|  36|0x00000000c2400000, 0x00000000c2400000, 0x00000000c2500000|  0%| F|  |TAMS 0x00000000c2400000, 0x00000000c2400000| Untracked 
|  37|0x00000000c2500000, 0x00000000c2500000, 0x00000000c2600000|  0%| F|  |TAMS 0x00000000c2500000, 0x00000000c2500000| Untracked 
|  38|0x00000000c2600000, 0x00000000c2600000, 0x00000000c2700000|  0%| F|  |TAMS 0x00000000c2600000, 0x00000000c2600000| Untracked 
|  39|0x00000000c2700000, 0x00000000c2700000, 0x00000000c2800000|  0%| F|  |TAMS 0x00000000c2700000, 0x00000000c2700000| Untracked 
|  40|0x00000000c2800000, 0x00000000c2800000, 0x00000000c2900000|  0%| F|  |TAMS 0x00000000c2800000, 0x00000000c2800000| Untracked 
|  41|0x00000000c2900000, 0x00000000c2900000, 0x00000000c2a00000|  0%| F|  |TAMS 0x00000000c2900000, 0x00000000c2900000| Untracked 
|  42|0x00000000c2a00000, 0x00000000c2a00000, 0x00000000c2b00000|  0%| F|  |TAMS 0x00000000c2a00000, 0x00000000c2a00000| Untracked 
|  43|0x00000000c2b00000, 0x00000000c2b00000, 0x00000000c2c00000|  0%| F|  |TAMS 0x00000000c2b00000, 0x00000000c2b00000| Untracked 
|  44|0x00000000c2c00000, 0x00000000c2c00000, 0x00000000c2d00000|  0%| F|  |TAMS 0x00000000c2c00000, 0x00000000c2c00000| Untracked 
|  45|0x00000000c2d00000, 0x00000000c2d00000, 0x00000000c2e00000|  0%| F|  |TAMS 0x00000000c2d00000, 0x00000000c2d00000| Untracked 
|  46|0x00000000c2e00000, 0x00000000c2e00000, 0x00000000c2f00000|  0%| F|  |TAMS 0x00000000c2e00000, 0x00000000c2e00000| Untracked 
|  47|0x00000000c2f00000, 0x00000000c2f00000, 0x00000000c3000000|  0%| F|  |TAMS 0x00000000c2f00000, 0x00000000c2f00000| Untracked 
|  48|0x00000000c3000000, 0x00000000c3000000, 0x00000000c3100000|  0%| F|  |TAMS 0x00000000c3000000, 0x00000000c3000000| Untracked 
|  49|0x00000000c3100000, 0x00000000c3100000, 0x00000000c3200000|  0%| F|  |TAMS 0x00000000c3100000, 0x00000000c3100000| Untracked 
|  50|0x00000000c3200000, 0x00000000c3200000, 0x00000000c3300000|  0%| F|  |TAMS 0x00000000c3200000, 0x00000000c3200000| Untracked 
|  51|0x00000000c3300000, 0x00000000c3300000, 0x00000000c3400000|  0%| F|  |TAMS 0x00000000c3300000, 0x00000000c3300000| Untracked 
|  52|0x00000000c3400000, 0x00000000c3400000, 0x00000000c3500000|  0%| F|  |TAMS 0x00000000c3400000, 0x00000000c3400000| Untracked 
|  53|0x00000000c3500000, 0x00000000c3500000, 0x00000000c3600000|  0%| F|  |TAMS 0x00000000c3500000, 0x00000000c3500000| Untracked 
|  54|0x00000000c3600000, 0x00000000c3600000, 0x00000000c3700000|  0%| F|  |TAMS 0x00000000c3600000, 0x00000000c3600000| Untracked 
|  55|0x00000000c3700000, 0x00000000c3700000, 0x00000000c3800000|  0%| F|  |TAMS 0x00000000c3700000, 0x00000000c3700000| Untracked 
|  56|0x00000000c3800000, 0x00000000c3800000, 0x00000000c3900000|  0%| F|  |TAMS 0x00000000c3800000, 0x00000000c3800000| Untracked 
|  57|0x00000000c3900000, 0x00000000c3900000, 0x00000000c3a00000|  0%| F|  |TAMS 0x00000000c3900000, 0x00000000c3900000| Untracked 
|  58|0x00000000c3a00000, 0x00000000c3a00000, 0x00000000c3b00000|  0%| F|  |TAMS 0x00000000c3a00000, 0x00000000c3a00000| Untracked 
|  59|0x00000000c3b00000, 0x00000000c3b00000, 0x00000000c3c00000|  0%| F|  |TAMS 0x00000000c3b00000, 0x00000000c3b00000| Untracked 
|  60|0x00000000c3c00000, 0x00000000c3c00000, 0x00000000c3d00000|  0%| F|  |TAMS 0x00000000c3c00000, 0x00000000c3c00000| Untracked 
|  61|0x00000000c3d00000, 0x00000000c3d00000, 0x00000000c3e00000|  0%| F|  |TAMS 0x00000000c3d00000, 0x00000000c3d00000| Untracked 
|  62|0x00000000c3e00000, 0x00000000c3e00000, 0x00000000c3f00000|  0%| F|  |TAMS 0x00000000c3e00000, 0x00000000c3e00000| Untracked 
|  63|0x00000000c3f00000, 0x00000000c3f00000, 0x00000000c4000000|  0%| F|  |TAMS 0x00000000c3f00000, 0x00000000c3f00000| Untracked 
|  64|0x00000000c4000000, 0x00000000c4000000, 0x00000000c4100000|  0%| F|  |TAMS 0x00000000c4000000, 0x00000000c4000000| Untracked 
|  65|0x00000000c4100000, 0x00000000c4100000, 0x00000000c4200000|  0%| F|  |TAMS 0x00000000c4100000, 0x00000000c4100000| Untracked 
|  88|0x00000000c5800000, 0x00000000c5800000, 0x00000000c5900000|  0%| F|  |TAMS 0x00000000c5800000, 0x00000000c5800000| Untracked 
|  89|0x00000000c5900000, 0x00000000c5900000, 0x00000000c5a00000|  0%| F|  |TAMS 0x00000000c5900000, 0x00000000c5900000| Untracked 
|  90|0x00000000c5a00000, 0x00000000c5a00000, 0x00000000c5b00000|  0%| F|  |TAMS 0x00000000c5a00000, 0x00000000c5a00000| Untracked 
|  91|0x00000000c5b00000, 0x00000000c5b00000, 0x00000000c5c00000|  0%| F|  |TAMS 0x00000000c5b00000, 0x00000000c5b00000| Untracked 
|  92|0x00000000c5c00000, 0x00000000c5c00000, 0x00000000c5d00000|  0%| F|  |TAMS 0x00000000c5c00000, 0x00000000c5c00000| Untracked 
| 121|0x00000000c7900000, 0x00000000c7900000, 0x00000000c7a00000|  0%| F|  |TAMS 0x00000000c7900000, 0x00000000c7900000| Untracked 
| 122|0x00000000c7a00000, 0x00000000c7a00000, 0x00000000c7b00000|  0%| F|  |TAMS 0x00000000c7a00000, 0x00000000c7a00000| Untracked 
| 123|0x00000000c7b00000, 0x00000000c7b23d98, 0x00000000c7c00000| 14%| E|  |TAMS 0x00000000c7b00000, 0x00000000c7b00000| Complete 

Card table byte_map: [0x000001a93a710000,0x000001a93a910000] _byte_map_base: 0x000001a93a110000

Marking Bits (Prev, Next): (CMBitMap*) 0x000001a9325130f0, (CMBitMap*) 0x000001a9325130b0
 Prev Bits: [0x000001a93bb10000, 0x000001a93cb10000)
 Next Bits: [0x000001a93ab10000, 0x000001a93bb10000)

Polling page: 0x000001a936c00000

Metaspace:

Usage:
  Non-class:     31.84 MB used.
      Class:      4.74 MB used.
       Both:     36.59 MB used.

Virtual space:
  Non-class space:       64.00 MB reserved,      32.12 MB ( 50%) committed,  1 nodes.
      Class space:        1.00 GB reserved,       4.94 MB ( <1%) committed,  1 nodes.
             Both:        1.06 GB reserved,      37.06 MB (  3%) committed. 

Chunk freelists:
   Non-Class:  15.27 MB
       Class:  11.04 MB
        Both:  26.31 MB

MaxMetaspaceSize: unlimited
CompressedClassSpaceSize: 1.00 GB
Initial GC threshold: 21.00 MB
Current GC threshold: 61.81 MB
CDS: off
MetaspaceReclaimPolicy: balanced
 - commit_granule_bytes: 65536.
 - commit_granule_words: 8192.
 - virtual_space_node_default_size: 8388608.
 - enlarge_chunks_in_place: 1.
 - new_chunks_are_fully_committed: 0.
 - uncommit_free_chunks: 1.
 - use_allocation_guard: 0.
 - handle_deallocations: 1.


Internal statistics:

num_allocs_failed_limit: 8.
num_arena_births: 482.
num_arena_deaths: 138.
num_vsnodes_births: 2.
num_vsnodes_deaths: 0.
num_space_committed: 593.
num_space_uncommitted: 0.
num_chunks_returned_to_freelist: 164.
num_chunks_taken_from_freelist: 1581.
num_chunk_merges: 50.
num_chunk_splits: 1102.
num_chunks_enlarged: 817.
num_inconsistent_stats: 0.

CodeCache: size=49152Kb used=6632Kb max_used=7705Kb free=42519Kb
 bounds [0x000001a936c20000, 0x000001a9373b0000, 0x000001a939c20000]
 total_blobs=4083 nmethods=3543 adapters=467
 compilation: enabled
              stopped_count=0, restarted_count=0
 full_count=0

Compilation events (20 events):
Event: 822.554 Thread 0x000001a93f64d7c0 3532       1       java.lang.StringConcatHelper::newArrayWithSuffix (40 bytes)
Event: 822.561 Thread 0x000001a93f64d7c0 nmethod 3532 0x000001a936e76410 code [0x000001a936e765e0, 0x000001a936e76858]
Event: 906.910 Thread 0x000001a93f64d7c0 3534       1       java.io.FileDescriptor$1::setHandle (6 bytes)
Event: 906.915 Thread 0x000001a93f64d7c0 nmethod 3534 0x000001a936e75c90 code [0x000001a936e75e20, 0x000001a936e75f68]
Event: 906.915 Thread 0x000001a93f64d7c0 3535       1       java.io.FileDescriptor::setHandle (33 bytes)
Event: 906.915 Thread 0x000001a93f64d7c0 nmethod 3535 0x000001a936e75910 code [0x000001a936e75aa0, 0x000001a936e75be8]
Event: 906.915 Thread 0x000001a93f64d7c0 3536       1       java.io.FileDescriptor$1::registerCleanup (5 bytes)
Event: 906.915 Thread 0x000001a93f64d7c0 nmethod 3536 0x000001a936e75610 code [0x000001a936e757a0, 0x000001a936e75888]
Event: 1075.755 Thread 0x000001a93f64d7c0 3537       1       org.springframework.ide.vscode.commons.languageserver.util.ParentProcessWatcher::isWindows (30 bytes)
Event: 1075.792 Thread 0x000001a93f64d7c0 nmethod 3537 0x000001a936e74e10 code [0x000001a936e75040, 0x000001a936e753c8]
Event: 1077.536 Thread 0x000001a93f64d7c0 3538   !   1       com.google.common.io.Closeables::close (37 bytes)
Event: 1077.594 Thread 0x000001a93f64d7c0 nmethod 3538 0x000001a936e74690 code [0x000001a936e74880, 0x000001a936e74bb8]
Event: 1210.290 Thread 0x000001a93f64d7c0 3540       1       java.util.concurrent.locks.LockSupport::parkNanos (29 bytes)
Event: 1210.301 Thread 0x000001a93f64d7c0 nmethod 3540 0x000001a936e73e90 code [0x000001a936e74040, 0x000001a936e74228]
Event: 1280.630 Thread 0x000001a93f64d7c0 3541   !   1       java.lang.ProcessBuilder::start (430 bytes)
Event: 1280.695 Thread 0x000001a93f64d7c0 nmethod 3541 0x000001a936e72110 code [0x000001a936e724a0, 0x000001a936e734a8]
Event: 1304.684 Thread 0x000001a93f64d7c0 3542       1       java.util.StringTokenizer::countTokens (46 bytes)
Event: 1304.687 Thread 0x000001a93f64d7c0 nmethod 3542 0x000001a936e71d10 code [0x000001a936e71ec0, 0x000001a936e72018]
Event: 1366.659 Thread 0x000001a93f64d7c0 3543       1       java.lang.Integer::toString (55 bytes)
Event: 1372.354 Thread 0x000001a93f64d7c0 nmethod 3543 0x000001a936e71890 code [0x000001a936e71a40, 0x000001a936e71c58]

GC Heap History (20 events):
Event: 1246.510 GC heap before
{Heap before GC invocations=107 (full 99):
 garbage-first heap   total 75776K, used 21919K [0x00000000c0000000, 0x0000000100000000)
  region size 1024K, 1 young (1024K), 0 survivors (0K)
 Metaspace       used 37464K, committed 37952K, reserved 1114112K
  class space    used 4857K, committed 5056K, reserved 1048576K
}
Event: 1246.548 GC heap after
{Heap after GC invocations=108 (full 100):
 garbage-first heap   total 75776K, used 21919K [0x00000000c0000000, 0x0000000100000000)
  region size 1024K, 0 young (0K), 0 survivors (0K)
 Metaspace       used 37464K, committed 37952K, reserved 1114112K
  class space    used 4857K, committed 5056K, reserved 1048576K
}
Event: 1258.534 GC heap before
{Heap before GC invocations=108 (full 100):
 garbage-first heap   total 75776K, used 21919K [0x00000000c0000000, 0x0000000100000000)
  region size 1024K, 1 young (1024K), 0 survivors (0K)
 Metaspace       used 37464K, committed 37952K, reserved 1114112K
  class space    used 4857K, committed 5056K, reserved 1048576K
}
Event: 1258.571 GC heap after
{Heap after GC invocations=109 (full 101):
 garbage-first heap   total 75776K, used 21919K [0x00000000c0000000, 0x0000000100000000)
  region size 1024K, 0 young (0K), 0 survivors (0K)
 Metaspace       used 37464K, committed 37952K, reserved 1114112K
  class space    used 4857K, committed 5056K, reserved 1048576K
}
Event: 1270.592 GC heap before
{Heap before GC invocations=109 (full 101):
 garbage-first heap   total 75776K, used 21919K [0x00000000c0000000, 0x0000000100000000)
  region size 1024K, 1 young (1024K), 0 survivors (0K)
 Metaspace       used 37464K, committed 37952K, reserved 1114112K
  class space    used 4857K, committed 5056K, reserved 1048576K
}
Event: 1270.617 GC heap after
{Heap after GC invocations=110 (full 102):
 garbage-first heap   total 75776K, used 21919K [0x00000000c0000000, 0x0000000100000000)
  region size 1024K, 0 young (0K), 0 survivors (0K)
 Metaspace       used 37464K, committed 37952K, reserved 1114112K
  class space    used 4857K, committed 5056K, reserved 1048576K
}
Event: 1282.644 GC heap before
{Heap before GC invocations=110 (full 102):
 garbage-first heap   total 75776K, used 21919K [0x00000000c0000000, 0x0000000100000000)
  region size 1024K, 1 young (1024K), 0 survivors (0K)
 Metaspace       used 37464K, committed 37952K, reserved 1114112K
  class space    used 4857K, committed 5056K, reserved 1048576K
}
Event: 1282.683 GC heap after
{Heap after GC invocations=111 (full 103):
 garbage-first heap   total 75776K, used 21919K [0x00000000c0000000, 0x0000000100000000)
  region size 1024K, 0 young (0K), 0 survivors (0K)
 Metaspace       used 37464K, committed 37952K, reserved 1114112K
  class space    used 4857K, committed 5056K, reserved 1048576K
}
Event: 1294.629 GC heap before
{Heap before GC invocations=111 (full 103):
 garbage-first heap   total 75776K, used 21919K [0x00000000c0000000, 0x0000000100000000)
  region size 1024K, 1 young (1024K), 0 survivors (0K)
 Metaspace       used 37464K, committed 37952K, reserved 1114112K
  class space    used 4857K, committed 5056K, reserved 1048576K
}
Event: 1294.671 GC heap after
{Heap after GC invocations=112 (full 104):
 garbage-first heap   total 75776K, used 21919K [0x00000000c0000000, 0x0000000100000000)
  region size 1024K, 0 young (0K), 0 survivors (0K)
 Metaspace       used 37464K, committed 37952K, reserved 1114112K
  class space    used 4857K, committed 5056K, reserved 1048576K
}
Event: 1306.660 GC heap before
{Heap before GC invocations=112 (full 104):
 garbage-first heap   total 75776K, used 21919K [0x00000000c0000000, 0x0000000100000000)
  region size 1024K, 1 young (1024K), 0 survivors (0K)
 Metaspace       used 37464K, committed 37952K, reserved 1114112K
  class space    used 4857K, committed 5056K, reserved 1048576K
}
Event: 1306.683 GC heap after
{Heap after GC invocations=113 (full 105):
 garbage-first heap   total 75776K, used 21919K [0x00000000c0000000, 0x0000000100000000)
  region size 1024K, 0 young (0K), 0 survivors (0K)
 Metaspace       used 37464K, committed 37952K, reserved 1114112K
  class space    used 4857K, committed 5056K, reserved 1048576K
}
Event: 1318.722 GC heap before
{Heap before GC invocations=113 (full 105):
 garbage-first heap   total 75776K, used 21919K [0x00000000c0000000, 0x0000000100000000)
  region size 1024K, 1 young (1024K), 0 survivors (0K)
 Metaspace       used 37464K, committed 37952K, reserved 1114112K
  class space    used 4857K, committed 5056K, reserved 1048576K
}
Event: 1318.761 GC heap after
{Heap after GC invocations=114 (full 106):
 garbage-first heap   total 75776K, used 21919K [0x00000000c0000000, 0x0000000100000000)
  region size 1024K, 0 young (0K), 0 survivors (0K)
 Metaspace       used 37464K, committed 37952K, reserved 1114112K
  class space    used 4857K, committed 5056K, reserved 1048576K
}
Event: 1330.710 GC heap before
{Heap before GC invocations=114 (full 106):
 garbage-first heap   total 75776K, used 21919K [0x00000000c0000000, 0x0000000100000000)
  region size 1024K, 1 young (1024K), 0 survivors (0K)
 Metaspace       used 37464K, committed 37952K, reserved 1114112K
  class space    used 4857K, committed 5056K, reserved 1048576K
}
Event: 1330.743 GC heap after
{Heap after GC invocations=115 (full 107):
 garbage-first heap   total 75776K, used 21919K [0x00000000c0000000, 0x0000000100000000)
  region size 1024K, 0 young (0K), 0 survivors (0K)
 Metaspace       used 37464K, committed 37952K, reserved 1114112K
  class space    used 4857K, committed 5056K, reserved 1048576K
}
Event: 1342.933 GC heap before
{Heap before GC invocations=115 (full 107):
 garbage-first heap   total 75776K, used 21919K [0x00000000c0000000, 0x0000000100000000)
  region size 1024K, 1 young (1024K), 0 survivors (0K)
 Metaspace       used 37464K, committed 37952K, reserved 1114112K
  class space    used 4857K, committed 5056K, reserved 1048576K
}
Event: 1342.968 GC heap after
{Heap after GC invocations=116 (full 108):
 garbage-first heap   total 75776K, used 21919K [0x00000000c0000000, 0x0000000100000000)
  region size 1024K, 0 young (0K), 0 survivors (0K)
 Metaspace       used 37464K, committed 37952K, reserved 1114112K
  class space    used 4857K, committed 5056K, reserved 1048576K
}
Event: 1355.389 GC heap before
{Heap before GC invocations=116 (full 108):
 garbage-first heap   total 75776K, used 21919K [0x00000000c0000000, 0x0000000100000000)
  region size 1024K, 1 young (1024K), 0 survivors (0K)
 Metaspace       used 37464K, committed 37952K, reserved 1114112K
  class space    used 4857K, committed 5056K, reserved 1048576K
}
Event: 1355.550 GC heap after
{Heap after GC invocations=117 (full 109):
 garbage-first heap   total 75776K, used 21919K [0x00000000c0000000, 0x0000000100000000)
  region size 1024K, 0 young (0K), 0 survivors (0K)
 Metaspace       used 37464K, committed 37952K, reserved 1114112K
  class space    used 4857K, committed 5056K, reserved 1048576K
}

Dll operation events (8 events):
Event: 0.019 Loaded shared library c:\Users\user\.vscode\extensions\redhat.java-1.26.0-win32-x64\jre\17.0.9-win32-x86_64\bin\java.dll
Event: 1.587 Loaded shared library C:\Users\user\.vscode\extensions\redhat.java-1.26.0-win32-x64\jre\17.0.9-win32-x86_64\bin\net.dll
Event: 1.596 Loaded shared library C:\Users\user\.vscode\extensions\redhat.java-1.26.0-win32-x64\jre\17.0.9-win32-x86_64\bin\nio.dll
Event: 1.618 Loaded shared library C:\Users\user\.vscode\extensions\redhat.java-1.26.0-win32-x64\jre\17.0.9-win32-x86_64\bin\zip.dll
Event: 3.377 Loaded shared library C:\Users\user\.vscode\extensions\redhat.java-1.26.0-win32-x64\jre\17.0.9-win32-x86_64\bin\jimage.dll
Event: 12.118 Loaded shared library c:\Users\user\.vscode\extensions\redhat.java-1.26.0-win32-x64\jre\17.0.9-win32-x86_64\bin\verify.dll
Event: 13.329 Loaded shared library C:\Users\user\.vscode\extensions\redhat.java-1.26.0-win32-x64\jre\17.0.9-win32-x86_64\bin\management.dll
Event: 13.339 Loaded shared library C:\Users\user\.vscode\extensions\redhat.java-1.26.0-win32-x64\jre\17.0.9-win32-x86_64\bin\management_ext.dll

Deoptimization events (6 events):
Event: 8.754 Thread 0x000001a9324d3b60 DEOPT PACKING pc=0x000001a93719b899 sp=0x0000004a2cdfd660
Event: 8.754 Thread 0x000001a9324d3b60 DEOPT UNPACKING pc=0x000001a936c77143 sp=0x0000004a2cdfcb40 mode 3
Event: 9.996 Thread 0x000001a9324d3b60 DEOPT PACKING pc=0x000001a937212455 sp=0x0000004a2cdfeca0
Event: 9.996 Thread 0x000001a9324d3b60 DEOPT UNPACKING pc=0x000001a936c77143 sp=0x0000004a2cdfe148 mode 3
Event: 13.868 Thread 0x000001a945409150 DEOPT PACKING pc=0x000001a9373a12b5 sp=0x0000004a2edfe320
Event: 13.868 Thread 0x000001a945409150 DEOPT UNPACKING pc=0x000001a936c77143 sp=0x0000004a2edfd838 mode 3

Classes unloaded (20 events):
Event: 79.462 Thread 0x000001a93f1a8db0 Unloading class 0x0000000100225c00 'java/lang/invoke/LambdaForm$MH+0x0000000100225c00'
Event: 79.462 Thread 0x000001a93f1a8db0 Unloading class 0x0000000100211800 'java/lang/invoke/LambdaForm$DMH+0x0000000100211800'
Event: 79.462 Thread 0x000001a93f1a8db0 Unloading class 0x0000000100096000 'java/lang/invoke/LambdaForm$MH+0x0000000100096000'
Event: 79.462 Thread 0x000001a93f1a8db0 Unloading class 0x0000000100095c00 'java/lang/invoke/LambdaForm$MH+0x0000000100095c00'
Event: 79.462 Thread 0x000001a93f1a8db0 Unloading class 0x0000000100095800 'java/lang/invoke/LambdaForm$MH+0x0000000100095800'
Event: 79.462 Thread 0x000001a93f1a8db0 Unloading class 0x0000000100095400 'java/lang/invoke/LambdaForm$MH+0x0000000100095400'
Event: 79.462 Thread 0x000001a93f1a8db0 Unloading class 0x0000000100095000 'java/lang/invoke/LambdaForm$MH+0x0000000100095000'
Event: 79.462 Thread 0x000001a93f1a8db0 Unloading class 0x0000000100094c00 'java/lang/invoke/LambdaForm$MH+0x0000000100094c00'
Event: 79.462 Thread 0x000001a93f1a8db0 Unloading class 0x0000000100094800 'java/lang/invoke/LambdaForm$MH+0x0000000100094800'
Event: 79.462 Thread 0x000001a93f1a8db0 Unloading class 0x0000000100094400 'java/lang/invoke/LambdaForm$MH+0x0000000100094400'
Event: 79.462 Thread 0x000001a93f1a8db0 Unloading class 0x000000010008e800 'java/lang/invoke/LambdaForm$MH+0x000000010008e800'
Event: 79.462 Thread 0x000001a93f1a8db0 Unloading class 0x000000010008e400 'java/lang/invoke/LambdaForm$MH+0x000000010008e400'
Event: 79.462 Thread 0x000001a93f1a8db0 Unloading class 0x000000010008e000 'java/lang/invoke/LambdaForm$MH+0x000000010008e000'
Event: 79.462 Thread 0x000001a93f1a8db0 Unloading class 0x000000010008dc00 'java/lang/invoke/LambdaForm$MH+0x000000010008dc00'
Event: 79.462 Thread 0x000001a93f1a8db0 Unloading class 0x000000010008d800 'java/lang/invoke/LambdaForm$MH+0x000000010008d800'
Event: 79.462 Thread 0x000001a93f1a8db0 Unloading class 0x000000010008d400 'java/lang/invoke/LambdaForm$MH+0x000000010008d400'
Event: 79.462 Thread 0x000001a93f1a8db0 Unloading class 0x000000010008cc00 'java/lang/invoke/LambdaForm$MH+0x000000010008cc00'
Event: 79.462 Thread 0x000001a93f1a8db0 Unloading class 0x000000010008c800 'java/lang/invoke/LambdaForm$MH+0x000000010008c800'
Event: 79.462 Thread 0x000001a93f1a8db0 Unloading class 0x000000010008c000 'java/lang/invoke/LambdaForm$MH+0x000000010008c000'
Event: 79.462 Thread 0x000001a93f1a8db0 Unloading class 0x000000010008bc00 'java/lang/invoke/LambdaForm$MH+0x000000010008bc00'

Classes redefined (0 events):
No events

Internal exceptions (20 events):
Event: 10.765 Thread 0x000001a9324d3b60 Exception <a 'java/lang/NoSuchMethodError'{0x00000000c403b9a8}: 'int java.lang.invoke.Invokers$Holder.linkToTargetMethod(java.lang.Object, java.lang.Object)'> (0x00000000c403b9a8) 
thrown [s\src\hotspot\share\interpreter\linkResolver.cpp, line 759]
Event: 10.814 Thread 0x000001a9324d3b60 Exception <a 'java/lang/NoSuchMethodError'{0x00000000c3f1c030}: 'java.lang.Object java.lang.invoke.DirectMethodHandle$Holder.invokeSpecial(java.lang.Object, java.lang.Object, java.lang.Object, java.lang.Object, java.lang.Object, java.lang.Object, java.lang.Object, java.lang.Object, java.lang.Object, java.lang.Object)'> (0x00000000c3f1c030) 
thrown [s\src\hotspot\share\interpreter\linkResolver.cpp, line 759]
Event: 10.815 Thread 0x000001a9324d3b60 Exception <a 'java/lang/NoSuchMethodError'{0x00000000c3f20618}: 'java.lang.Object java.lang.invoke.Invokers$Holder.invoke_MT(java.lang.Object, java.lang.Object, java.lang.Object, java.lang.Object, java.lang.Object, java.lang.Object, java.lang.Object, java.lang.Object, java.lang.Object, java.lang.Object)'> (0x00000000c3f20618) 
thrown [s\src\hotspot\share\interpreter\linkResolver.cpp, line 759]
Event: 10.837 Thread 0x000001a9324d3b60 Exception <a 'java/lang/NoSuchMethodError'{0x00000000c3f66970}: 'java.lang.Object java.lang.invoke.DirectMethodHandle$Holder.invokeSpecial(java.lang.Object, java.lang.Object, int, java.lang.Object, java.lang.Object)'> (0x00000000c3f66970) 
thrown [s\src\hotspot\share\interpreter\linkResolver.cpp, line 759]
Event: 10.837 Thread 0x000001a9324d3b60 Exception <a 'java/lang/NoSuchMethodError'{0x00000000c3f6a618}: 'java.lang.Object java.lang.invoke.DelegatingMethodHandle$Holder.delegate(java.lang.Object, int, java.lang.Object, java.lang.Object)'> (0x00000000c3f6a618) 
thrown [s\src\hotspot\share\interpreter\linkResolver.cpp, line 759]
Event: 10.841 Thread 0x000001a9324d3b60 Exception <a 'java/lang/NoSuchMethodError'{0x00000000c3f7b4b0}: 'int java.lang.invoke.Invokers$Holder.linkToTargetMethod(java.lang.Object, java.lang.Object, java.lang.Object)'> (0x00000000c3f7b4b0) 
thrown [s\src\hotspot\share\interpreter\linkResolver.cpp, line 759]
Event: 11.081 Thread 0x000001a9324d3b60 Exception <a 'java/lang/NoSuchMethodError'{0x00000000c3bf63f0}: 'java.lang.Object java.lang.invoke.DirectMethodHandle$Holder.invokeStaticInit(java.lang.Object, int, int, int, int)'> (0x00000000c3bf63f0) 
thrown [s\src\hotspot\share\interpreter\linkResolver.cpp, line 759]
Event: 11.263 Thread 0x000001a9324d3b60 Exception <a 'java/lang/NoSuchMethodError'{0x00000000c3ae07d0}: 'java.lang.Object java.lang.invoke.DirectMethodHandle$Holder.invokeStaticInit(java.lang.Object, java.lang.Object, int, int, int, int)'> (0x00000000c3ae07d0) 
thrown [s\src\hotspot\share\interpreter\linkResolver.cpp, line 759]
Event: 11.684 Thread 0x000001a9324d3b60 Exception <a 'java/lang/NoSuchMethodError'{0x00000000c32df990}: 'void java.lang.invoke.DirectMethodHandle$Holder.invokeSpecialIFC(java.lang.Object, java.lang.Object, java.lang.Object)'> (0x00000000c32df990) 
thrown [s\src\hotspot\share\interpreter\linkResolver.cpp, line 759]
Event: 12.437 Thread 0x000001a9324d3b60 Exception <a 'java/lang/NoSuchMethodError'{0x00000000c3c8ca48}: 'int java.lang.invoke.DirectMethodHandle$Holder.invokeStaticInit(java.lang.Object, java.lang.Object, int, java.lang.Object)'> (0x00000000c3c8ca48) 
thrown [s\src\hotspot\share\interpreter\linkResolver.cpp, line 759]
Event: 12.602 Thread 0x000001a9324d3b60 Exception <a 'java/lang/NoSuchMethodError'{0x00000000c3b99080}: 'void java.lang.invoke.DirectMethodHandle$Holder.invokeSpecial(java.lang.Object, java.lang.Object, java.lang.Object, java.lang.Object, java.lang.Object, java.lang.Object, java.lang.Object)'> (0x00000000c3b99080) 
thrown [s\src\hotspot\share\interpreter\linkResolver.cpp, line 759]
Event: 12.947 Thread 0x000001a9324d3b60 Exception <a 'java/lang/NoSuchMethodError'{0x00000000c3799cb0}: 'java.lang.Object java.lang.invoke.DirectMethodHandle$Holder.invokeInterface(java.lang.Object, java.lang.Object, int)'> (0x00000000c3799cb0) 
thrown [s\src\hotspot\share\interpreter\linkResolver.cpp, line 759]
Event: 12.951 Thread 0x000001a9324d3b60 Exception <a 'java/lang/IncompatibleClassChangeError'{0x00000000c37ad278}: Found class java.lang.Object, but interface was expected> (0x00000000c37ad278) 
thrown [s\src\hotspot\share\interpreter\linkResolver.cpp, line 826]
Event: 13.306 Thread 0x000001a9324d3b60 Exception <a 'java/lang/NoSuchMethodError'{0x00000000c31494b0}: 'java.lang.Object java.lang.invoke.DirectMethodHandle$Holder.newInvokeSpecial(java.lang.Object, java.lang.Object, int, java.lang.Object, java.lang.Object)'> (0x00000000c31494b0) 
thrown [s\src\hotspot\share\interpreter\linkResolver.cpp, line 759]
Event: 13.307 Thread 0x000001a9324d3b60 Exception <a 'java/lang/NoSuchMethodError'{0x00000000c315c230}: 'java.lang.Object java.lang.invoke.DirectMethodHandle$Holder.invokeSpecial(java.lang.Object, java.lang.Object, int, java.lang.Object, int, java.lang.Object)'> (0x00000000c315c230) 
thrown [s\src\hotspot\share\interpreter\linkResolver.cpp, line 759]
Event: 13.308 Thread 0x000001a9324d3b60 Exception <a 'java/lang/NoSuchMethodError'{0x00000000c3164038}: 'java.lang.Object java.lang.invoke.DirectMethodHandle$Holder.newInvokeSpecial(java.lang.Object, java.lang.Object, int, java.lang.Object, int)'> (0x00000000c3164038) 
thrown [s\src\hotspot\share\interpreter\linkResolver.cpp, line 759]
Event: 13.308 Thread 0x000001a9324d3b60 Exception <a 'java/lang/NoSuchMethodError'{0x00000000c3168138}: 'java.lang.Object java.lang.invoke.DirectMethodHandle$Holder.invokeSpecial(java.lang.Object, java.lang.Object, java.lang.Object, int, java.lang.Object, int)'> (0x00000000c3168138) 
thrown [s\src\hotspot\share\interpreter\linkResolver.cpp, line 759]
Event: 13.866 Thread 0x000001a945409150 Exception <a 'java/lang/NoSuchMethodError'{0x00000000c41acf28}: 'java.lang.Object java.lang.invoke.DirectMethodHandle$Holder.invokeStatic(java.lang.Object, int, java.lang.Object)'> (0x00000000c41acf28) 
thrown [s\src\hotspot\share\interpreter\linkResolver.cpp, line 759]
Event: 53.369 Thread 0x000001a94527e770 Exception <a 'java/lang/NoSuchMethodError'{0x00000000c4002c90}: 'void java.lang.invoke.DirectMethodHandle$Holder.invokeStatic(java.lang.Object, long)'> (0x00000000c4002c90) 
thrown [s\src\hotspot\share\interpreter\linkResolver.cpp, line 759]
Event: 53.370 Thread 0x000001a94527e770 Exception <a 'java/lang/NoSuchMethodError'{0x00000000c4008038}: 'java.lang.Object java.lang.invoke.DirectMethodHandle$Holder.newInvokeSpecial(java.lang.Object, long)'> (0x00000000c4008038) 
thrown [s\src\hotspot\share\interpreter\linkResolver.cpp, line 759]

VM Operations (20 events):
Event: 1246.549 Executing VM operation: G1CollectFull done
Event: 1258.534 Executing VM operation: G1CollectFull
Event: 1258.572 Executing VM operation: G1CollectFull done
Event: 1270.592 Executing VM operation: G1CollectFull
Event: 1270.617 Executing VM operation: G1CollectFull done
Event: 1282.643 Executing VM operation: G1CollectFull
Event: 1282.684 Executing VM operation: G1CollectFull done
Event: 1294.628 Executing VM operation: G1CollectFull
Event: 1294.672 Executing VM operation: G1CollectFull done
Event: 1306.660 Executing VM operation: G1CollectFull
Event: 1306.683 Executing VM operation: G1CollectFull done
Event: 1318.722 Executing VM operation: G1CollectFull
Event: 1318.761 Executing VM operation: G1CollectFull done
Event: 1330.710 Executing VM operation: G1CollectFull
Event: 1330.743 Executing VM operation: G1CollectFull done
Event: 1342.933 Executing VM operation: G1CollectFull
Event: 1342.969 Executing VM operation: G1CollectFull done
Event: 1355.385 Executing VM operation: G1CollectFull
Event: 1355.550 Executing VM operation: G1CollectFull done
Event: 1373.662 Executing VM operation: G1CollectFull

Events (20 events):
Event: 13.872 loading class java/util/stream/Streams$ConcatSpliterator done
Event: 13.872 loading class java/util/stream/Streams$ConcatSpliterator$OfRef done
Event: 13.873 loading class java/util/stream/Streams$2
Event: 13.873 loading class java/util/stream/Streams$2 done
Event: 13.884 loading class java/util/concurrent/ForkJoinWorkerThread
Event: 13.884 loading class java/util/concurrent/ForkJoinWorkerThread done
Event: 19.026 Thread 0x000001a94493b320 Thread exited: 0x000001a94493b320
Event: 24.038 Thread 0x000001a93f9ee940 Thread exited: 0x000001a93f9ee940
Event: 53.317 loading class java/lang/ProcessBuilder
Event: 53.318 loading class java/lang/ProcessBuilder done
Event: 53.318 loading class java/lang/ProcessImpl
Event: 53.319 loading class java/lang/ProcessImpl done
Event: 53.370 loading class java/lang/ProcessImpl$2
Event: 53.370 loading class java/lang/ProcessImpl$2 done
Event: 53.370 loading class java/lang/Process$PipeInputStream
Event: 53.370 loading class java/lang/Process$PipeInputStream done
Event: 53.371 loading class jdk/internal/event/ProcessStartEvent
Event: 53.371 loading class jdk/internal/event/ProcessStartEvent done
Event: 55.477 loading class java/io/FileOutputStream$1
Event: 55.477 loading class java/io/FileOutputStream$1 done


Dynamic libraries:
0x00007ff7fee70000 - 0x00007ff7fee7e000 	c:\Users\user\.vscode\extensions\redhat.java-1.26.0-win32-x64\jre\17.0.9-win32-x86_64\bin\java.exe
0x00007ff859a30000 - 0x00007ff859c47000 	C:\WINDOWS\SYSTEM32\ntdll.dll
0x00007ff8581a0000 - 0x00007ff858264000 	C:\WINDOWS\System32\KERNEL32.DLL
0x00007ff857210000 - 0x00007ff8575b5000 	C:\WINDOWS\System32\KERNELBASE.dll
0x00007ff853c10000 - 0x00007ff853ca7000 	C:\WINDOWS\SYSTEM32\apphelp.dll
0x00007ff8570f0000 - 0x00007ff857201000 	C:\WINDOWS\System32\ucrtbase.dll
0x00007ff83cf60000 - 0x00007ff83cf7b000 	c:\Users\user\.vscode\extensions\redhat.java-1.26.0-win32-x64\jre\17.0.9-win32-x86_64\bin\VCRUNTIME140.dll
0x00007ff83d020000 - 0x00007ff83d037000 	c:\Users\user\.vscode\extensions\redhat.java-1.26.0-win32-x64\jre\17.0.9-win32-x86_64\bin\jli.dll
0x00007ff858de0000 - 0x00007ff858f8e000 	C:\WINDOWS\System32\USER32.dll
0x00007ff840440000 - 0x00007ff8406d3000 	C:\WINDOWS\WinSxS\amd64_microsoft.windows.common-controls_6595b64144ccf1df_6.0.22621.2506_none_270c5ae97388e100\COMCTL32.dll
0x00007ff858350000 - 0x00007ff8583f7000 	C:\WINDOWS\System32\msvcrt.dll
0x00007ff856ed0000 - 0x00007ff856ef6000 	C:\WINDOWS\System32\win32u.dll
0x00007ff857780000 - 0x00007ff8577a9000 	C:\WINDOWS\System32\GDI32.dll
0x00007ff857660000 - 0x00007ff857779000 	C:\WINDOWS\System32\gdi32full.dll
0x00007ff8575c0000 - 0x00007ff85765a000 	C:\WINDOWS\System32\msvcp_win.dll
0x00007ff858da0000 - 0x00007ff858dd1000 	C:\WINDOWS\System32\IMM32.DLL
0x00007ff82bec0000 - 0x00007ff82bf71000 	C:\Program Files\McAfee\Endpoint Security\Threat Prevention\Ips\EpMPApi.dll
0x00007ff8598d0000 - 0x00007ff8599e7000 	C:\WINDOWS\System32\RPCRT4.dll
0x00007ff859810000 - 0x00007ff8598c1000 	C:\WINDOWS\System32\ADVAPI32.dll
0x00007ff858560000 - 0x00007ff858606000 	C:\WINDOWS\System32\sechost.dll
0x00007ff856da0000 - 0x00007ff856e0c000 	C:\WINDOWS\System32\WINTRUST.dll
0x00007ff856f00000 - 0x00007ff857066000 	C:\WINDOWS\System32\CRYPT32.dll
0x00007ff8564d0000 - 0x00007ff8564e2000 	C:\WINDOWS\SYSTEM32\MSASN1.dll
0x000000006c940000 - 0x000000006c94c000 	C:\Program Files\McAfee\Endpoint Security\Threat Prevention\Ips\EpMPThe.dll
0x00007ff8537d0000 - 0x00007ff85382b000 	C:\Program Files\McAfee\Endpoint Security\Threat Prevention\Ips\HIPHandlers64.dll
0x00007ff858f90000 - 0x00007ff8597e9000 	C:\WINDOWS\System32\SHELL32.dll
0x00007ff858270000 - 0x00007ff8582ce000 	C:\WINDOWS\System32\SHLWAPI.dll
0x00007ff8545c0000 - 0x00007ff8547f3000 	C:\WINDOWS\SYSTEM32\dbghelp.dll
0x00007ff858850000 - 0x00007ff858bd9000 	C:\WINDOWS\System32\combase.dll
0x00007ff857b80000 - 0x00007ff857c57000 	C:\WINDOWS\System32\OLEAUT32.dll
0x00007ff849440000 - 0x00007ff84944c000 	c:\Users\user\.vscode\extensions\redhat.java-1.26.0-win32-x64\jre\17.0.9-win32-x86_64\bin\vcruntime140_1.dll
0x00007ff829270000 - 0x00007ff8292fd000 	c:\Users\user\.vscode\extensions\redhat.java-1.26.0-win32-x64\jre\17.0.9-win32-x86_64\bin\msvcp140.dll
0x00007fffe1da0000 - 0x00007fffe2a01000 	c:\Users\user\.vscode\extensions\redhat.java-1.26.0-win32-x64\jre\17.0.9-win32-x86_64\bin\server\jvm.dll
0x00007ff856c70000 - 0x00007ff856cbd000 	C:\WINDOWS\SYSTEM32\POWRPROF.dll
0x00007ff82e880000 - 0x00007ff82e889000 	C:\WINDOWS\SYSTEM32\WSOCK32.dll
0x00007ff84c550000 - 0x00007ff84c584000 	C:\WINDOWS\SYSTEM32\WINMM.dll
0x00007ff8587d0000 - 0x00007ff858841000 	C:\WINDOWS\System32\WS2_32.dll
0x00007ff836b20000 - 0x00007ff836b2a000 	C:\WINDOWS\SYSTEM32\VERSION.dll
0x00007ff856c50000 - 0x00007ff856c63000 	C:\WINDOWS\SYSTEM32\UMPDC.dll
0x00007ff855da0000 - 0x00007ff855db8000 	C:\WINDOWS\SYSTEM32\kernel.appcore.dll
0x00007ff848de0000 - 0x00007ff848dea000 	c:\Users\user\.vscode\extensions\redhat.java-1.26.0-win32-x64\jre\17.0.9-win32-x86_64\bin\jimage.dll
0x00007ff82ff40000 - 0x00007ff82ff72000 	C:\WINDOWS\SYSTEM32\dbgcore.DLL
0x00007ff857070000 - 0x00007ff8570ea000 	C:\WINDOWS\System32\bcryptPrimitives.dll
0x00007ff831280000 - 0x00007ff8312a5000 	c:\Users\user\.vscode\extensions\redhat.java-1.26.0-win32-x64\jre\17.0.9-win32-x86_64\bin\java.dll
0x00007ff83bc50000 - 0x00007ff83bc68000 	c:\Users\user\.vscode\extensions\redhat.java-1.26.0-win32-x64\jre\17.0.9-win32-x86_64\bin\zip.dll
0x00007ff854cc0000 - 0x00007ff8555b4000 	C:\WINDOWS\SYSTEM32\windows.storage.dll
0x00007ff854b80000 - 0x00007ff854cbe000 	C:\WINDOWS\SYSTEM32\wintypes.dll
0x00007ff8578b0000 - 0x00007ff8579a3000 	C:\WINDOWS\System32\SHCORE.dll
0x00007ff856cd0000 - 0x00007ff856cf6000 	C:\WINDOWS\SYSTEM32\profapi.dll
0x00007ff837770000 - 0x00007ff837789000 	C:\Users\user\.vscode\extensions\redhat.java-1.26.0-win32-x64\jre\17.0.9-win32-x86_64\bin\net.dll
0x00007ff84fbd0000 - 0x00007ff84fd07000 	C:\WINDOWS\SYSTEM32\WINHTTP.dll
0x00007ff856220000 - 0x00007ff856289000 	C:\WINDOWS\system32\mswsock.dll
0x00007ff82fdd0000 - 0x00007ff82fde6000 	C:\Users\user\.vscode\extensions\redhat.java-1.26.0-win32-x64\jre\17.0.9-win32-x86_64\bin\nio.dll
0x00007ff856470000 - 0x00007ff85648b000 	C:\WINDOWS\SYSTEM32\CRYPTSP.dll
0x00007ff855d00000 - 0x00007ff855d35000 	C:\WINDOWS\system32\rsaenh.dll
0x00007ff856310000 - 0x00007ff85633c000 	C:\WINDOWS\SYSTEM32\USERENV.dll
0x00007ff856660000 - 0x00007ff856688000 	C:\WINDOWS\SYSTEM32\bcrypt.dll
0x00007ff856490000 - 0x00007ff85649c000 	C:\WINDOWS\SYSTEM32\CRYPTBASE.dll
0x00007ff855820000 - 0x00007ff85584d000 	C:\WINDOWS\SYSTEM32\IPHLPAPI.DLL
0x00007ff858550000 - 0x00007ff858559000 	C:\WINDOWS\System32\NSI.dll
0x00007ff84fe30000 - 0x00007ff84fe49000 	C:\WINDOWS\SYSTEM32\dhcpcsvc6.DLL
0x00007ff84fe10000 - 0x00007ff84fe2f000 	C:\WINDOWS\SYSTEM32\dhcpcsvc.DLL
0x00007ff855850000 - 0x00007ff855949000 	C:\WINDOWS\SYSTEM32\DNSAPI.dll
0x00007ff848640000 - 0x00007ff848650000 	c:\Users\user\.vscode\extensions\redhat.java-1.26.0-win32-x64\jre\17.0.9-win32-x86_64\bin\verify.dll
0x00007ff850390000 - 0x00007ff850399000 	C:\Users\user\.vscode\extensions\redhat.java-1.26.0-win32-x64\jre\17.0.9-win32-x86_64\bin\management.dll
0x00007ff848170000 - 0x00007ff84817b000 	C:\Users\user\.vscode\extensions\redhat.java-1.26.0-win32-x64\jre\17.0.9-win32-x86_64\bin\management_ext.dll
0x00007ff858190000 - 0x00007ff858198000 	C:\WINDOWS\System32\PSAPI.DLL

dbghelp: loaded successfully - version: 4.0.5 - missing functions: none
symbol engine: initialized successfully - sym options: 0x614 - pdb path: .;c:\Users\user\.vscode\extensions\redhat.java-1.26.0-win32-x64\jre\17.0.9-win32-x86_64\bin;C:\WINDOWS\SYSTEM32;C:\WINDOWS\WinSxS\amd64_microsoft.windows.common-controls_6595b64144ccf1df_6.0.22621.2506_none_270c5ae97388e100;C:\Program Files\McAfee\Endpoint Security\Threat Prevention\Ips;c:\Users\user\.vscode\extensions\redhat.java-1.26.0-win32-x64\jre\17.0.9-win32-x86_64\bin\server

VM Arguments:
jvm_args: -XX:+HeapDumpOnOutOfMemoryError -Xmx1024m -Dsts.lsp.client=vscode -Dsts.log.file=/dev/null -XX:TieredStopAtLevel=1 -Xlog:jni+resolve=off -Dspring.config.location=file:c:\Users\user\.vscode\extensions\vmware.vscode-spring-boot-1.51.0\language-server\BOOT-INF\classes\application.properties 
java_command: org.springframework.ide.vscode.boot.app.BootLanguageServerBootApp
java_class_path (initial): c:\Users\user\.vscode\extensions\vmware.vscode-spring-boot-1.51.0\language-server\BOOT-INF\classes;c:\Users\user\.vscode\extensions\vmware.vscode-spring-boot-1.51.0\language-server\BOOT-INF\lib\annotations-24.1.0.jar;c:\Users\user\.vscode\extensions\vmware.vscode-spring-boot-1.51.0\language-server\BOOT-INF\lib\antlr-runtime-3.5.3.jar;c:\Users\user\.vscode\extensions\vmware.vscode-spring-boot-1.51.0\language-server\BOOT-INF\lib\antlr4-4.11.1.jar;c:\Users\user\.vscode\extensions\vmware.vscode-spring-boot-1.51.0\language-server\BOOT-INF\lib\antlr4-runtime-4.11.1.jar;c:\Users\user\.vscode\extensions\vmware.vscode-spring-boot-1.51.0\language-server\BOOT-INF\lib\asm-9.6.jar;c:\Users\user\.vscode\extensions\vmware.vscode-spring-boot-1.51.0\language-server\BOOT-INF\lib\asm-analysis-9.6.jar;c:\Users\user\.vscode\extensions\vmware.vscode-spring-boot-1.51.0\language-server\BOOT-INF\lib\asm-tree-9.6.jar;c:\Users\user\.vscode\extensions\vmware.vscode-spring-boot-1.51.0\language-server\BOOT-INF\lib\asm-util-9.6.jar;c:\Users\user\.vscode\extensions\vmware.vscode-spring-boot-1.51.0\language-server\BOOT-INF\lib\bosh-language-server-1.51.0-SNAPSHOT.jar;c:\Users\user\.vscode\extensions\vmware.vscode-spring-boot-1.51.0\language-server\BOOT-INF\lib\caffeine-3.1.8.jar;c:\Users\user\.vscode\extensions\vmware.vscode-spring-boot-1.51.0\language-server\BOOT-INF\lib\checker-qual-3.12.0.jar;c:\Users\user\.vscode\extensions\vmware.vscode-spring-boot-1.51.0\language-server\BOOT-INF\lib\classgraph-4.8.149.jar;c:\Users\user\.vscode\extensions\vmware.vscode-spring-boot-1.51.0\language-server\BOOT-INF\lib\commons-codec-1.15.jar;c:\Users\user\.vscode\extensions\vmware.vscode-spring-boot-1.51.0\language-server\BOOT-INF\lib\commons-compress-1.25.0.jar;c:\Users\user\.vscode\extensions\vmware.vscode-spring-boot-1.51.0\language-server\BOOT-INF\lib\commons-io-2.4.jar;c:\Users\user\.vscode\extensions\vmware.vscode-spring-boot-1.51.0\language-server\BOOT-INF\lib\commons-java-1.51
Launcher Type: SUN_STANDARD

[Global flags]
     intx CICompilerCount                          = 4                                         {product} {ergonomic}
     uint ConcGCThreads                            = 2                                         {product} {ergonomic}
     uint G1ConcRefinementThreads                  = 8                                         {product} {ergonomic}
   size_t G1HeapRegionSize                         = 1048576                                   {product} {ergonomic}
    uintx GCDrainStackTargetSize                   = 64                                        {product} {ergonomic}
     bool HeapDumpOnOutOfMemoryError               = true                                   {manageable} {command line}
   size_t InitialHeapSize                          = 130023424                                 {product} {ergonomic}
   size_t MarkStackSize                            = 4194304                                   {product} {ergonomic}
   size_t MaxHeapSize                              = 1073741824                                {product} {command line}
   size_t MaxNewSize                               = 643825664                                 {product} {ergonomic}
   size_t MinHeapDeltaBytes                        = 1048576                                   {product} {ergonomic}
   size_t MinHeapSize                              = 8388608                                   {product} {ergonomic}
    uintx NonProfiledCodeHeapSize                  = 0                                      {pd product} {ergonomic}
     bool ProfileInterpreter                       = false                                  {pd product} {command line}
    uintx ProfiledCodeHeapSize                     = 0                                      {pd product} {ergonomic}
   size_t SoftMaxHeapSize                          = 1073741824                             {manageable} {ergonomic}
     intx TieredStopAtLevel                        = 1                                         {product} {command line}
     bool UseCompressedClassPointers               = true                           {product lp64_product} {ergonomic}
     bool UseCompressedOops                        = true                           {product lp64_product} {ergonomic}
     bool UseG1GC                                  = true                                      {product} {ergonomic}
     bool UseLargePagesIndividualAllocation        = false                                  {pd product} {ergonomic}

Logging:
Log output configuration:
 #0: stdout all=warning,jni+resolve=off uptime,level,tags
 #1: stderr all=off uptime,level,tags

Environment Variables:
JAVA_HOME=C:\Program Files\Java\jdk-11
PATH=C:\Program Files\Python312\Scripts\;C:\Program Files\Python312\;C:\Program Files\Common Files\Oracle\Java\javapath;C:\WINDOWS\system32;C:\WINDOWS;C:\WINDOWS\System32\Wbem;C:\WINDOWS\System32\WindowsPowerShell\v1.0\;C:\WINDOWS\System32\OpenSSH\;C:\Program Files\nodejs\;%JAVA_HOME%\bin;C:\Program Files\Git\cmd;C:\Users\user\AppData\Local\Programs\Python\Python311\Scripts\;C:\Users\user\AppData\Local\Programs\Python\Python311\;C:\Program Files\MySQL\MySQL Shell 8.0\bin\;C:\Users\user\AppData\Local\Microsoft\WindowsApps;C:\Users\user\AppData\Roaming\npm;C:\Users\user\AppData\Local\Programs\Microsoft VS Code\bin;C:\Users\user\AppData\Local\GitHubDesktop\bin
USERNAME=mindcraft
OS=Windows_NT
PROCESSOR_IDENTIFIER=Intel64 Family 6 Model 154 Stepping 4, GenuineIntel
TMP=C:\Users\user\AppData\Local\Temp
TEMP=C:\Users\user\AppData\Local\Temp



Periodic native trim disabled


---------------  S Y S T E M  ---------------

OS:
 Windows 11 , 64 bit Build 22621 (10.0.22621.2506)
OS uptime: 34 days 3:46 hours

CPU: total 8 (initial active 8) (4 cores per cpu, 2 threads per core) family 6 model 154 stepping 4 microcode 0x424, cx8, cmov, fxsr, ht, mmx, 3dnowpref, sse, sse2, sse3, ssse3, sse4.1, sse4.2, popcnt, lzcnt, tsc, tscinvbit, avx, avx2, aes, erms, clmul, bmi1, bmi2, adx, sha, fma, vzeroupper, clflush, clflushopt, clwb
Processor Information for processor 0
  Max Mhz: 1200, Current Mhz: 1200, Mhz Limit: 1200
Processor Information for processor 1
  Max Mhz: 1200, Current Mhz: 1200, Mhz Limit: 1200
Processor Information for processor 2
  Max Mhz: 1200, Current Mhz: 1200, Mhz Limit: 1200
Processor Information for processor 3
  Max Mhz: 1200, Current Mhz: 1200, Mhz Limit: 1200
Processor Information for processor 4
  Max Mhz: 1200, Current Mhz: 900, Mhz Limit: 900
Processor Information for processor 5
  Max Mhz: 1200, Current Mhz: 900, Mhz Limit: 900
Processor Information for processor 6
  Max Mhz: 1200, Current Mhz: 900, Mhz Limit: 900
Processor Information for processor 7
  Max Mhz: 1200, Current Mhz: 900, Mhz Limit: 900

Memory: 4k page, system-wide physical 7810M (118M free)
TotalPageFile size 31362M (AvailPageFile size 1M)
current process WorkingSet (physical memory assigned to process): 9M, peak: 166M
current process commit charge ("private bytes"): 204M, peak: 230M

vm_info: OpenJDK 64-Bit Server VM (17.0.9+9) for windows-amd64 JRE (17.0.9+9), built on Oct 26 2023 14:01:42 by "admin" with MS VC++ 16.10 / 16.11 (VS2019)

END.
