#
# There is insufficient memory for the Java Runtime Environment to continue.
# Native memory allocation (malloc) failed to allocate 1048576 bytes for AllocateHeap
# Possible reasons:
#   The system is out of physical RAM or swap space
#   The process is running with CompressedOops enabled, and the Java Heap may be blocking the growth of the native heap
# Possible solutions:
#   Reduce memory load on the system
#   Increase physical memory or swap space
#   Check if swap backing store is full
#   Decrease Java heap size (-Xmx/-Xms)
#   Decrease number of Java threads
#   Decrease Java thread stack sizes (-Xss)
#   Set larger code cache with -XX:ReservedCodeCacheSize=
#   JVM is running with Unscaled Compressed Oops mode in which the Java heap is
#     placed in the first 4GB address space. The Java Heap base address is the
#     maximum limit for the native heap growth. Please use -XX:HeapBaseMinAddress
#     to set the Java Heap base and to place the Java Heap above 4GB virtual address.
# This output file may be truncated or incomplete.
#
#  Out of Memory Error (allocation.cpp:44), pid=31048, tid=44088
#
# JRE version: OpenJDK Runtime Environment Temurin-17.0.10+7 (17.0.10+7) (build 17.0.10+7)
# Java VM: OpenJDK 64-Bit Server VM Temurin-17.0.10+7 (17.0.10+7, mixed mode, emulated-client, tiered, compressed oops, compressed class ptrs, g1 gc, windows-amd64)
# No core dump will be written. Minidumps are not enabled by default on client versions of Windows
#

---------------  S U M M A R Y ------------

Command Line: -XX:+HeapDumpOnOutOfMemoryError -Xmx1024m -Dsts.lsp.client=vscode -Dsts.log.file=/dev/null -XX:TieredStopAtLevel=1 -Xlog:jni+resolve=off -Dspring.config.location=file:c:\Users\user\.vscode\extensions\vmware.vscode-spring-boot-1.52.0\language-server\BOOT-INF\classes\application.properties org.springframework.ide.vscode.boot.app.BootLanguageServerBootApp

Host: 12th Gen Intel(R) Core(TM) i3-1215U, 8 cores, 7G,  Windows 11 , 64 bit Build 22621 (10.0.22621.2506)
Time: Wed Mar  6 17:30:08 2024 India Standard Time elapsed time: 10987.145833 seconds (0d 3h 3m 7s)

---------------  T H R E A D  ---------------

Current thread (0x00000229614e2b80):  VMThread "VM Thread" [stack: 0x000000a94f700000,0x000000a94f800000] [id=44088]

Stack: [0x000000a94f700000,0x000000a94f800000]
Native frames: (J=compiled Java code, j=interpreted, Vv=VM code, C=native code)
V  [jvm.dll+0x67d2c9]
V  [jvm.dll+0x834afa]
V  [jvm.dll+0x8365be]
V  [jvm.dll+0x836c23]
V  [jvm.dll+0x2477ff]
V  [jvm.dll+0xa6c93]
V  [jvm.dll+0x2f8663]
V  [jvm.dll+0x2f42e0]
V  [jvm.dll+0x2dc8c7]
V  [jvm.dll+0x31fb87]
V  [jvm.dll+0x83b11b]
V  [jvm.dll+0x83be61]
V  [jvm.dll+0x83c37d]
V  [jvm.dll+0x83c754]
V  [jvm.dll+0x83c820]
V  [jvm.dll+0x7e3fba]
V  [jvm.dll+0x67c1b5]
C  [ucrtbase.dll+0x29363]
C  [KERNEL32.DLL+0x1257d]
C  [ntdll.dll+0x5aa58]

VM_Operation (0x000000a950dfe8d0): G1CollectFull, mode: safepoint, requested by thread 0x000002296735b040


---------------  P R O C E S S  ---------------

Threads class SMR info:
_java_thread_list=0x0000022961708440, length=27, elements={
0x00000229614ed440, 0x00000229614ee8d0, 0x0000022961527a20, 0x00000229615295f0,
0x000002296152c4c0, 0x000002296152ce80, 0x000002296152e760, 0x0000022961552f90,
0x000002296173ee60, 0x0000022961748620, 0x0000022966ca61d0, 0x000002296735b040,
0x000002296733b780, 0x00000229541fca30, 0x0000022966bb3670, 0x0000022966b86870,
0x000002296705c460, 0x000002296705c940, 0x000002296743b750, 0x000002296743bc60,
0x000002296743c680, 0x000002296743dac0, 0x000002296743e9f0, 0x000002296743d0a0,
0x000002296743cb90, 0x000002296743dfd0, 0x000002296743c170
}

Java Threads: ( => current thread )
  0x00000229614ed440 JavaThread "Reference Handler" daemon [_thread_blocked, id=80344, stack(0x000000a94f800000,0x000000a94f900000)]
  0x00000229614ee8d0 JavaThread "Finalizer" daemon [_thread_blocked, id=5536, stack(0x000000a94f900000,0x000000a94fa00000)]
  0x0000022961527a20 JavaThread "Signal Dispatcher" daemon [_thread_blocked, id=3356, stack(0x000000a94fa00000,0x000000a94fb00000)]
  0x00000229615295f0 JavaThread "Attach Listener" daemon [_thread_blocked, id=34112, stack(0x000000a94fb00000,0x000000a94fc00000)]
  0x000002296152c4c0 JavaThread "Service Thread" daemon [_thread_blocked, id=50956, stack(0x000000a94fc00000,0x000000a94fd00000)]
  0x000002296152ce80 JavaThread "Monitor Deflation Thread" daemon [_thread_blocked, id=84504, stack(0x000000a94fd00000,0x000000a94fe00000)]
  0x000002296152e760 JavaThread "C1 CompilerThread0" daemon [_thread_blocked, id=54152, stack(0x000000a94fe00000,0x000000a94ff00000)]
  0x0000022961552f90 JavaThread "Sweeper thread" daemon [_thread_blocked, id=28524, stack(0x000000a94ff00000,0x000000a950000000)]
  0x000002296173ee60 JavaThread "Notification Thread" daemon [_thread_blocked, id=67032, stack(0x000000a950000000,0x000000a950100000)]
  0x0000022961748620 JavaThread "Common-Cleaner" daemon [_thread_blocked, id=37328, stack(0x000000a950200000,0x000000a950300000)]
  0x0000022966ca61d0 JavaThread "boundedElastic-evictor-1" daemon [_thread_blocked, id=52660, stack(0x000000a950900000,0x000000a950a00000)]
  0x000002296735b040 JavaThread "pool-12-thread-1" [_thread_blocked, id=29972, stack(0x000000a950d00000,0x000000a950e00000)]
  0x000002296733b780 JavaThread "LanguageServerApp-lifecycle" [_thread_blocked, id=42092, stack(0x000000a950e00000,0x000000a950f00000)]
  0x00000229541fca30 JavaThread "DestroyJavaVM" [_thread_blocked, id=37624, stack(0x000000a94f100000,0x000000a94f200000)]
  0x0000022966bb3670 JavaThread "pool-13-thread-1" [_thread_in_native, id=64056, stack(0x000000a950f00000,0x000000a951000000)]
  0x0000022966b86870 JavaThread "Simple-Language-Server main thread" daemon [_thread_blocked, id=27600, stack(0x000000a951000000,0x000000a951100000)]
  0x000002296705c460 JavaThread "pool-8-thread-1" [_thread_blocked, id=54524, stack(0x000000a951100000,0x000000a951200000)]
  0x000002296705c940 JavaThread "parallel-1" daemon [_thread_blocked, id=53752, stack(0x000000a951200000,0x000000a951300000)]
  0x000002296743b750 JavaThread "parallel-2" daemon [_thread_blocked, id=45344, stack(0x000000a951300000,0x000000a951400000)]
  0x000002296743bc60 JavaThread "parallel-3" daemon [_thread_blocked, id=62012, stack(0x000000a951400000,0x000000a951500000)]
  0x000002296743c680 JavaThread "parallel-4" daemon [_thread_blocked, id=63212, stack(0x000000a951500000,0x000000a951600000)]
  0x000002296743dac0 JavaThread "parallel-5" daemon [_thread_blocked, id=41812, stack(0x000000a951600000,0x000000a951700000)]
  0x000002296743e9f0 JavaThread "parallel-6" daemon [_thread_blocked, id=2388, stack(0x000000a951700000,0x000000a951800000)]
  0x000002296743d0a0 JavaThread "parallel-7" daemon [_thread_blocked, id=37360, stack(0x000000a951800000,0x000000a951900000)]
  0x000002296743cb90 JavaThread "parallel-8" daemon [_thread_blocked, id=61688, stack(0x000000a951900000,0x000000a951a00000)]
  0x000002296743dfd0 JavaThread "pool-6-thread-1" [_thread_blocked, id=61932, stack(0x000000a951b00000,0x000000a951c00000)]
  0x000002296743c170 JavaThread "Reconciler-1" daemon [_thread_blocked, id=77764, stack(0x000000a951e00000,0x000000a951f00000)]

Other Threads:
=>0x00000229614e2b80 VMThread "VM Thread" [stack: 0x000000a94f700000,0x000000a94f800000] [id=44088]
  0x000002296173f340 WatcherThread [stack: 0x000000a950100000,0x000000a950200000] [id=65440]
  0x00000229566f0d10 GCTaskThread "GC Thread#0" [stack: 0x000000a94f200000,0x000000a94f300000] [id=38088]
  0x00000229668d1240 GCTaskThread "GC Thread#1" [stack: 0x000000a950400000,0x000000a950500000] [id=72988]
  0x0000022966928d80 GCTaskThread "GC Thread#2" [stack: 0x000000a950500000,0x000000a950600000] [id=57608]
  0x0000022966929040 GCTaskThread "GC Thread#3" [stack: 0x000000a950600000,0x000000a950700000] [id=34308]
  0x00000229666c63e0 GCTaskThread "GC Thread#4" [stack: 0x000000a950700000,0x000000a950800000] [id=80972]
  0x00000229616475c0 GCTaskThread "GC Thread#5" [stack: 0x000000a950800000,0x000000a950900000] [id=74224]
  0x0000022966d328a0 GCTaskThread "GC Thread#6" [stack: 0x000000a950a00000,0x000000a950b00000] [id=49536]
  0x0000022966d32b60 GCTaskThread "GC Thread#7" [stack: 0x000000a950b00000,0x000000a950c00000] [id=74068]
  0x00000229566f9c60 ConcurrentGCThread "G1 Main Marker" [stack: 0x000000a94f300000,0x000000a94f400000] [id=51248]
  0x00000229566fa680 ConcurrentGCThread "G1 Conc#0" [stack: 0x000000a94f400000,0x000000a94f500000] [id=82424]
  0x0000022966d32e20 ConcurrentGCThread "G1 Conc#1" [stack: 0x000000a950c00000,0x000000a950d00000] [id=78688]
  0x0000022961341a40 ConcurrentGCThread "G1 Refine#0" [stack: 0x000000a94f500000,0x000000a94f600000] [id=40932]
  0x0000022961342380 ConcurrentGCThread "G1 Service" [stack: 0x000000a94f600000,0x000000a94f700000] [id=16096]

Threads with active compile tasks:

VM state: at safepoint (normal execution)

VM Mutex/Monitor currently owned by a thread:  ([mutex/lock_event])
[0x00000229541570d0] Threads_lock - owner thread: 0x00000229614e2b80
[0x0000022954153860] Heap_lock - owner thread: 0x000002296735b040

Heap address: 0x00000000c0000000, size: 1024 MB, Compressed Oops mode: 32-bit

CDS archive(s) not mapped
Compressed class space mapped at: 0x0000000100000000-0x0000000140000000, reserved size: 1073741824
Narrow klass base: 0x0000000000000000, Narrow klass shift: 3, Narrow klass range: 0x140000000

GC Precious Log:
 CPUs: 8 total, 8 available
 Memory: 7810M
 Large Page Support: Disabled
 NUMA Support: Disabled
 Compressed Oops: Enabled (32-bit)
 Heap Region Size: 1M
 Heap Min Capacity: 8M
 Heap Initial Capacity: 124M
 Heap Max Capacity: 1G
 Pre-touch: Disabled
 Parallel Workers: 8
 Concurrent Workers: 2
 Concurrent Refinement Workers: 8
 Periodic GC: Disabled

Heap:
 garbage-first heap   total 86016K, used 24894K [0x00000000c0000000, 0x0000000100000000)
  region size 1024K, 1 young (1024K), 0 survivors (0K)
 Metaspace       used 39488K, committed 40064K, reserved 1114112K
  class space    used 5218K, committed 5440K, reserved 1048576K

Heap Regions: E=young(eden), S=young(survivor), O=old, HS=humongous(starts), HC=humongous(continues), CS=collection set, F=free, OA=open archive, CA=closed archive, TAMS=top-at-mark-start (previous, next)
|   0|0x00000000c0000000, 0x00000000c0100000, 0x00000000c0100000|100%|HS|  |TAMS 0x00000000c0100000, 0x00000000c0000000| Untracked 
|   1|0x00000000c0100000, 0x00000000c0200000, 0x00000000c0200000|100%|HC|  |TAMS 0x00000000c0200000, 0x00000000c0100000| Untracked 
|   2|0x00000000c0200000, 0x00000000c0300000, 0x00000000c0300000|100%|HC|  |TAMS 0x00000000c0300000, 0x00000000c0200000| Untracked 
|   3|0x00000000c0300000, 0x00000000c0400000, 0x00000000c0400000|100%|HC|  |TAMS 0x00000000c0400000, 0x00000000c0300000| Untracked 
|   4|0x00000000c0400000, 0x00000000c0500000, 0x00000000c0500000|100%|HS|  |TAMS 0x00000000c0500000, 0x00000000c0400000| Untracked 
|   5|0x00000000c0500000, 0x00000000c0600000, 0x00000000c0600000|100%|HC|  |TAMS 0x00000000c0600000, 0x00000000c0500000| Untracked 
|   6|0x00000000c0600000, 0x00000000c0700000, 0x00000000c0700000|100%| O|  |TAMS 0x00000000c0700000, 0x00000000c0600000| Untracked 
|   7|0x00000000c0700000, 0x00000000c07ff0c8, 0x00000000c0800000| 99%| O|  |TAMS 0x00000000c07ff0c8, 0x00000000c0700000| Untracked 
|   8|0x00000000c0800000, 0x00000000c08ffff0, 0x00000000c0900000| 99%| O|  |TAMS 0x00000000c08ffff0, 0x00000000c0800000| Untracked 
|   9|0x00000000c0900000, 0x00000000c0a00000, 0x00000000c0a00000|100%| O|  |TAMS 0x00000000c0a00000, 0x00000000c0900000| Untracked 
|  10|0x00000000c0a00000, 0x00000000c0b00000, 0x00000000c0b00000|100%| O|  |TAMS 0x00000000c0b00000, 0x00000000c0a00000| Untracked 
|  11|0x00000000c0b00000, 0x00000000c0c00000, 0x00000000c0c00000|100%| O|  |TAMS 0x00000000c0c00000, 0x00000000c0b00000| Untracked 
|  12|0x00000000c0c00000, 0x00000000c0cfffd0, 0x00000000c0d00000| 99%| O|  |TAMS 0x00000000c0cfffd0, 0x00000000c0c00000| Untracked 
|  13|0x00000000c0d00000, 0x00000000c0e00000, 0x00000000c0e00000|100%| O|  |TAMS 0x00000000c0e00000, 0x00000000c0d00000| Untracked 
|  14|0x00000000c0e00000, 0x00000000c0f00000, 0x00000000c0f00000|100%| O|  |TAMS 0x00000000c0f00000, 0x00000000c0e00000| Untracked 
|  15|0x00000000c0f00000, 0x00000000c0fffff8, 0x00000000c1000000| 99%| O|  |TAMS 0x00000000c0fffff8, 0x00000000c0f00000| Untracked 
|  16|0x00000000c1000000, 0x00000000c10fff98, 0x00000000c1100000| 99%| O|  |TAMS 0x00000000c10fff98, 0x00000000c1000000| Untracked 
|  17|0x00000000c1100000, 0x00000000c11ff850, 0x00000000c1200000| 99%| O|  |TAMS 0x00000000c11ff850, 0x00000000c1100000| Untracked 
|  18|0x00000000c1200000, 0x00000000c12fffe0, 0x00000000c1300000| 99%| O|  |TAMS 0x00000000c12fffe0, 0x00000000c1200000| Untracked 
|  19|0x00000000c1300000, 0x00000000c13ffff8, 0x00000000c1400000| 99%| O|  |TAMS 0x00000000c13ffff8, 0x00000000c1300000| Untracked 
|  20|0x00000000c1400000, 0x00000000c14ffff8, 0x00000000c1500000| 99%| O|  |TAMS 0x00000000c14ffff8, 0x00000000c1400000| Untracked 
|  21|0x00000000c1500000, 0x00000000c15ffff0, 0x00000000c1600000| 99%| O|  |TAMS 0x00000000c15ffff0, 0x00000000c1500000| Untracked 
|  22|0x00000000c1600000, 0x00000000c16fffc0, 0x00000000c1700000| 99%| O|  |TAMS 0x00000000c16fffc0, 0x00000000c1600000| Untracked 
|  23|0x00000000c1700000, 0x00000000c17fffe0, 0x00000000c1800000| 99%| O|  |TAMS 0x00000000c17fffe0, 0x00000000c1700000| Untracked 
|  24|0x00000000c1800000, 0x00000000c18511e0, 0x00000000c1900000| 31%| O|  |TAMS 0x00000000c1800000, 0x00000000c1800000| Untracked 
|  25|0x00000000c1900000, 0x00000000c1900068, 0x00000000c1a00000|  0%| O|  |TAMS 0x00000000c1900000, 0x00000000c1900000| Untracked 
|  26|0x00000000c1a00000, 0x00000000c1a00000, 0x00000000c1b00000|  0%| F|  |TAMS 0x00000000c1a00000, 0x00000000c1a00000| Untracked 
|  27|0x00000000c1b00000, 0x00000000c1b00000, 0x00000000c1c00000|  0%| F|  |TAMS 0x00000000c1b00000, 0x00000000c1b00000| Untracked 
|  28|0x00000000c1c00000, 0x00000000c1c00000, 0x00000000c1d00000|  0%| F|  |TAMS 0x00000000c1c00000, 0x00000000c1c00000| Untracked 
|  29|0x00000000c1d00000, 0x00000000c1d00000, 0x00000000c1e00000|  0%| F|  |TAMS 0x00000000c1d00000, 0x00000000c1d00000| Untracked 
|  30|0x00000000c1e00000, 0x00000000c1e00000, 0x00000000c1f00000|  0%| F|  |TAMS 0x00000000c1e00000, 0x00000000c1e00000| Untracked 
|  31|0x00000000c1f00000, 0x00000000c1f00000, 0x00000000c2000000|  0%| F|  |TAMS 0x00000000c1f00000, 0x00000000c1f00000| Untracked 
|  32|0x00000000c2000000, 0x00000000c2000000, 0x00000000c2100000|  0%| F|  |TAMS 0x00000000c2000000, 0x00000000c2000000| Untracked 
|  33|0x00000000c2100000, 0x00000000c2100000, 0x00000000c2200000|  0%| F|  |TAMS 0x00000000c2100000, 0x00000000c2100000| Untracked 
|  34|0x00000000c2200000, 0x00000000c2200000, 0x00000000c2300000|  0%| F|  |TAMS 0x00000000c2200000, 0x00000000c2200000| Untracked 
|  35|0x00000000c2300000, 0x00000000c2300000, 0x00000000c2400000|  0%| F|  |TAMS 0x00000000c2300000, 0x00000000c2300000| Untracked 
|  36|0x00000000c2400000, 0x00000000c2400000, 0x00000000c2500000|  0%| F|  |TAMS 0x00000000c2400000, 0x00000000c2400000| Untracked 
|  37|0x00000000c2500000, 0x00000000c2500000, 0x00000000c2600000|  0%| F|  |TAMS 0x00000000c2500000, 0x00000000c2500000| Untracked 
|  38|0x00000000c2600000, 0x00000000c2600000, 0x00000000c2700000|  0%| F|  |TAMS 0x00000000c2600000, 0x00000000c2600000| Untracked 
|  39|0x00000000c2700000, 0x00000000c2700000, 0x00000000c2800000|  0%| F|  |TAMS 0x00000000c2700000, 0x00000000c2700000| Untracked 
|  40|0x00000000c2800000, 0x00000000c2800000, 0x00000000c2900000|  0%| F|  |TAMS 0x00000000c2800000, 0x00000000c2800000| Untracked 
|  41|0x00000000c2900000, 0x00000000c2900000, 0x00000000c2a00000|  0%| F|  |TAMS 0x00000000c2900000, 0x00000000c2900000| Untracked 
|  42|0x00000000c2a00000, 0x00000000c2a00000, 0x00000000c2b00000|  0%| F|  |TAMS 0x00000000c2a00000, 0x00000000c2a00000| Untracked 
|  43|0x00000000c2b00000, 0x00000000c2b00000, 0x00000000c2c00000|  0%| F|  |TAMS 0x00000000c2b00000, 0x00000000c2b00000| Untracked 
|  44|0x00000000c2c00000, 0x00000000c2c00000, 0x00000000c2d00000|  0%| F|  |TAMS 0x00000000c2c00000, 0x00000000c2c00000| Untracked 
|  45|0x00000000c2d00000, 0x00000000c2d00000, 0x00000000c2e00000|  0%| F|  |TAMS 0x00000000c2d00000, 0x00000000c2d00000| Untracked 
|  46|0x00000000c2e00000, 0x00000000c2e00000, 0x00000000c2f00000|  0%| F|  |TAMS 0x00000000c2e00000, 0x00000000c2e00000| Untracked 
|  47|0x00000000c2f00000, 0x00000000c2f00000, 0x00000000c3000000|  0%| F|  |TAMS 0x00000000c2f00000, 0x00000000c2f00000| Untracked 
|  48|0x00000000c3000000, 0x00000000c3000000, 0x00000000c3100000|  0%| F|  |TAMS 0x00000000c3000000, 0x00000000c3000000| Untracked 
|  49|0x00000000c3100000, 0x00000000c3100000, 0x00000000c3200000|  0%| F|  |TAMS 0x00000000c3100000, 0x00000000c3100000| Untracked 
|  50|0x00000000c3200000, 0x00000000c3200000, 0x00000000c3300000|  0%| F|  |TAMS 0x00000000c3200000, 0x00000000c3200000| Untracked 
|  51|0x00000000c3300000, 0x00000000c3300000, 0x00000000c3400000|  0%| F|  |TAMS 0x00000000c3300000, 0x00000000c3300000| Untracked 
|  52|0x00000000c3400000, 0x00000000c3400000, 0x00000000c3500000|  0%| F|  |TAMS 0x00000000c3400000, 0x00000000c3400000| Untracked 
|  53|0x00000000c3500000, 0x00000000c3500000, 0x00000000c3600000|  0%| F|  |TAMS 0x00000000c3500000, 0x00000000c3500000| Untracked 
|  54|0x00000000c3600000, 0x00000000c3600000, 0x00000000c3700000|  0%| F|  |TAMS 0x00000000c3600000, 0x00000000c3600000| Untracked 
|  55|0x00000000c3700000, 0x00000000c3700000, 0x00000000c3800000|  0%| F|  |TAMS 0x00000000c3700000, 0x00000000c3700000| Untracked 
|  56|0x00000000c3800000, 0x00000000c3800000, 0x00000000c3900000|  0%| F|  |TAMS 0x00000000c3800000, 0x00000000c3800000| Untracked 
|  57|0x00000000c3900000, 0x00000000c3900000, 0x00000000c3a00000|  0%| F|  |TAMS 0x00000000c3900000, 0x00000000c3900000| Untracked 
|  58|0x00000000c3a00000, 0x00000000c3a00000, 0x00000000c3b00000|  0%| F|  |TAMS 0x00000000c3a00000, 0x00000000c3a00000| Untracked 
|  59|0x00000000c3b00000, 0x00000000c3b00000, 0x00000000c3c00000|  0%| F|  |TAMS 0x00000000c3b00000, 0x00000000c3b00000| Untracked 
|  60|0x00000000c3c00000, 0x00000000c3c00000, 0x00000000c3d00000|  0%| F|  |TAMS 0x00000000c3c00000, 0x00000000c3c00000| Untracked 
|  61|0x00000000c3d00000, 0x00000000c3d00000, 0x00000000c3e00000|  0%| F|  |TAMS 0x00000000c3d00000, 0x00000000c3d00000| Untracked 
|  62|0x00000000c3e00000, 0x00000000c3e00000, 0x00000000c3f00000|  0%| F|  |TAMS 0x00000000c3e00000, 0x00000000c3e00000| Untracked 
|  63|0x00000000c3f00000, 0x00000000c3f00000, 0x00000000c4000000|  0%| F|  |TAMS 0x00000000c3f00000, 0x00000000c3f00000| Untracked 
|  64|0x00000000c4000000, 0x00000000c4000000, 0x00000000c4100000|  0%| F|  |TAMS 0x00000000c4000000, 0x00000000c4000000| Untracked 
|  65|0x00000000c4100000, 0x00000000c4100000, 0x00000000c4200000|  0%| F|  |TAMS 0x00000000c4100000, 0x00000000c4100000| Untracked 
|  66|0x00000000c4200000, 0x00000000c4200000, 0x00000000c4300000|  0%| F|  |TAMS 0x00000000c4200000, 0x00000000c4200000| Untracked 
|  67|0x00000000c4300000, 0x00000000c4300000, 0x00000000c4400000|  0%| F|  |TAMS 0x00000000c4300000, 0x00000000c4300000| Untracked 
|  68|0x00000000c4400000, 0x00000000c4400000, 0x00000000c4500000|  0%| F|  |TAMS 0x00000000c4400000, 0x00000000c4400000| Untracked 
|  69|0x00000000c4500000, 0x00000000c4500000, 0x00000000c4600000|  0%| F|  |TAMS 0x00000000c4500000, 0x00000000c4500000| Untracked 
|  70|0x00000000c4600000, 0x00000000c4600000, 0x00000000c4700000|  0%| F|  |TAMS 0x00000000c4600000, 0x00000000c4600000| Untracked 
|  71|0x00000000c4700000, 0x00000000c4700000, 0x00000000c4800000|  0%| F|  |TAMS 0x00000000c4700000, 0x00000000c4700000| Untracked 
|  72|0x00000000c4800000, 0x00000000c4800000, 0x00000000c4900000|  0%| F|  |TAMS 0x00000000c4800000, 0x00000000c4800000| Untracked 
|  73|0x00000000c4900000, 0x00000000c4900000, 0x00000000c4a00000|  0%| F|  |TAMS 0x00000000c4900000, 0x00000000c4900000| Untracked 
|  74|0x00000000c4a00000, 0x00000000c4a00000, 0x00000000c4b00000|  0%| F|  |TAMS 0x00000000c4a00000, 0x00000000c4a00000| Untracked 
|  86|0x00000000c5600000, 0x00000000c5600000, 0x00000000c5700000|  0%| F|  |TAMS 0x00000000c5600000, 0x00000000c5600000| Untracked 
|  87|0x00000000c5700000, 0x00000000c5700000, 0x00000000c5800000|  0%| F|  |TAMS 0x00000000c5700000, 0x00000000c5700000| Untracked 
|  88|0x00000000c5800000, 0x00000000c5800000, 0x00000000c5900000|  0%| F|  |TAMS 0x00000000c5800000, 0x00000000c5800000| Untracked 
|  89|0x00000000c5900000, 0x00000000c5900000, 0x00000000c5a00000|  0%| F|  |TAMS 0x00000000c5900000, 0x00000000c5900000| Untracked 
|  90|0x00000000c5a00000, 0x00000000c5a00000, 0x00000000c5b00000|  0%| F|  |TAMS 0x00000000c5a00000, 0x00000000c5a00000| Untracked 
| 120|0x00000000c7800000, 0x00000000c7800000, 0x00000000c7900000|  0%| F|  |TAMS 0x00000000c7800000, 0x00000000c7800000| Untracked 
| 121|0x00000000c7900000, 0x00000000c7900000, 0x00000000c7a00000|  0%| F|  |TAMS 0x00000000c7900000, 0x00000000c7900000| Untracked 
| 122|0x00000000c7a00000, 0x00000000c7a00000, 0x00000000c7b00000|  0%| F|  |TAMS 0x00000000c7a00000, 0x00000000c7a00000| Untracked 
| 123|0x00000000c7b00000, 0x00000000c7b29170, 0x00000000c7c00000| 16%| E|  |TAMS 0x00000000c7b00000, 0x00000000c7b00000| Complete 

Card table byte_map: [0x000002295c610000,0x000002295c810000] _byte_map_base: 0x000002295c010000

Marking Bits (Prev, Next): (CMBitMap*) 0x00000229566f1330, (CMBitMap*) 0x00000229566f1370
 Prev Bits: [0x000002295ca10000, 0x000002295da10000)
 Next Bits: [0x000002295da10000, 0x000002295ea10000)

Polling page: 0x0000022955e20000

Metaspace:

Usage:
  Non-class:     33.47 MB used.
      Class:      5.10 MB used.
       Both:     38.56 MB used.

Virtual space:
  Non-class space:       64.00 MB reserved,      33.81 MB ( 53%) committed,  1 nodes.
      Class space:        1.00 GB reserved,       5.31 MB ( <1%) committed,  1 nodes.
             Both:        1.06 GB reserved,      39.12 MB (  4%) committed. 

Chunk freelists:
   Non-Class:  14.34 MB
       Class:  10.71 MB
        Both:  25.05 MB

MaxMetaspaceSize: unlimited
CompressedClassSpaceSize: 1.00 GB
Initial GC threshold: 21.00 MB
Current GC threshold: 65.25 MB
CDS: off
MetaspaceReclaimPolicy: balanced
 - commit_granule_bytes: 65536.
 - commit_granule_words: 8192.
 - virtual_space_node_default_size: 8388608.
 - enlarge_chunks_in_place: 1.
 - new_chunks_are_fully_committed: 0.
 - uncommit_free_chunks: 1.
 - use_allocation_guard: 0.
 - handle_deallocations: 1.


Internal statistics:

num_allocs_failed_limit: 11.
num_arena_births: 520.
num_arena_deaths: 158.
num_vsnodes_births: 2.
num_vsnodes_deaths: 0.
num_space_committed: 626.
num_space_uncommitted: 0.
num_chunks_returned_to_freelist: 188.
num_chunks_taken_from_freelist: 1704.
num_chunk_merges: 60.
num_chunk_splits: 1173.
num_chunks_enlarged: 896.
num_inconsistent_stats: 0.

CodeCache: size=49152Kb used=7725Kb max_used=9357Kb free=41426Kb
 bounds [0x0000022959300000, 0x0000022959c80000, 0x000002295c300000]
 total_blobs=4746 nmethods=4200 adapters=473
 compilation: enabled
              stopped_count=0, restarted_count=0
 full_count=0

Compilation events (20 events):
Event: 4593.217 Thread 0x000002296152e760 4193       1       org.eclipse.lsp4j.jsonrpc.RemoteEndpoint::consume (73 bytes)
Event: 4593.219 Thread 0x000002296152e760 nmethod 4193 0x0000022959b05d90 code [0x0000022959b05f80, 0x0000022959b06358]
Event: 4593.566 Thread 0x000002296152e760 4195       1       com.google.gson.Gson::newJsonWriter (61 bytes)
Event: 4593.571 Thread 0x000002296152e760 nmethod 4195 0x0000022959b05810 code [0x0000022959b059c0, 0x0000022959b05c78]
Event: 4593.571 Thread 0x000002296152e760 4196       1       org.eclipse.lsp4j.jsonrpc.json.adapters.MessageTypeAdapter::write (10 bytes)
Event: 4593.572 Thread 0x000002296152e760 nmethod 4196 0x0000022959b05490 code [0x0000022959b05620, 0x0000022959b05728]
Event: 4593.572 Thread 0x000002296152e760 4197       1       org.eclipse.lsp4j.jsonrpc.json.adapters.MessageTypeAdapter::write (299 bytes)
Event: 4593.578 Thread 0x000002296152e760 nmethod 4197 0x0000022959b03e10 code [0x0000022959b041c0, 0x0000022959b04ce8]
Event: 4593.578 Thread 0x000002296152e760 4198       1       java.lang.String::encodeUTF8 (141 bytes)
Event: 4593.579 Thread 0x000002296152e760 nmethod 4198 0x0000022959b03490 code [0x0000022959b03680, 0x0000022959b03c08]
Event: 4593.579 Thread 0x000002296152e760 4199       1       org.eclipse.lsp4j.jsonrpc.json.StreamMessageConsumer::getHeader (82 bytes)
Event: 4593.582 Thread 0x000002296152e760 nmethod 4199 0x0000022959b02890 code [0x0000022959b02b00, 0x0000022959b030b8]
Event: 4593.582 Thread 0x000002296152e760 4200       1       org.eclipse.lsp4j.jsonrpc.json.StreamMessageConsumer::appendHeader (15 bytes)
Event: 4593.582 Thread 0x000002296152e760 nmethod 4200 0x0000022959b02390 code [0x0000022959b02560, 0x0000022959b026f8]
Event: 5191.585 Thread 0x000002296152e760 4202 % !   1       org.eclipse.lsp4j.jsonrpc.json.StreamMessageProducer::listen @ 43 (319 bytes)
Event: 5191.639 Thread 0x000002296152e760 nmethod 4202% 0x0000022959aff690 code [0x0000022959aff9e0, 0x0000022959b01038]
Event: 5203.128 Thread 0x000002296152e760 4203   !   1       org.eclipse.lsp4j.jsonrpc.json.StreamMessageProducer::listen (319 bytes)
Event: 5203.136 Thread 0x000002296152e760 nmethod 4203 0x0000022959afd510 code [0x0000022959afd860, 0x0000022959afe8b8]
Event: 5355.849 Thread 0x000002296152e760 4204       1       java.math.BigDecimal::checkScale (78 bytes)
Event: 5355.858 Thread 0x000002296152e760 nmethod 4204 0x0000022959afd090 code [0x0000022959afd240, 0x0000022959afd448]

GC Heap History (20 events):
Event: 10864.946 GC heap before
{Heap before GC invocations=849 (full 840):
 garbage-first heap   total 86016K, used 24894K [0x00000000c0000000, 0x0000000100000000)
  region size 1024K, 1 young (1024K), 0 survivors (0K)
 Metaspace       used 39488K, committed 40064K, reserved 1114112K
  class space    used 5218K, committed 5440K, reserved 1048576K
}
Event: 10864.966 GC heap after
{Heap after GC invocations=850 (full 841):
 garbage-first heap   total 86016K, used 24894K [0x00000000c0000000, 0x0000000100000000)
  region size 1024K, 0 young (0K), 0 survivors (0K)
 Metaspace       used 39488K, committed 40064K, reserved 1114112K
  class space    used 5218K, committed 5440K, reserved 1048576K
}
Event: 10876.543 GC heap before
{Heap before GC invocations=850 (full 841):
 garbage-first heap   total 86016K, used 24894K [0x00000000c0000000, 0x0000000100000000)
  region size 1024K, 1 young (1024K), 0 survivors (0K)
 Metaspace       used 39488K, committed 40064K, reserved 1114112K
  class space    used 5218K, committed 5440K, reserved 1048576K
}
Event: 10876.566 GC heap after
{Heap after GC invocations=851 (full 842):
 garbage-first heap   total 86016K, used 24894K [0x00000000c0000000, 0x0000000100000000)
  region size 1024K, 0 young (0K), 0 survivors (0K)
 Metaspace       used 39488K, committed 40064K, reserved 1114112K
  class space    used 5218K, committed 5440K, reserved 1048576K
}
Event: 10887.693 GC heap before
{Heap before GC invocations=851 (full 842):
 garbage-first heap   total 86016K, used 24894K [0x00000000c0000000, 0x0000000100000000)
  region size 1024K, 1 young (1024K), 0 survivors (0K)
 Metaspace       used 39488K, committed 40064K, reserved 1114112K
  class space    used 5218K, committed 5440K, reserved 1048576K
}
Event: 10887.713 GC heap after
{Heap after GC invocations=852 (full 843):
 garbage-first heap   total 86016K, used 24894K [0x00000000c0000000, 0x0000000100000000)
  region size 1024K, 0 young (0K), 0 survivors (0K)
 Metaspace       used 39488K, committed 40064K, reserved 1114112K
  class space    used 5218K, committed 5440K, reserved 1048576K
}
Event: 10898.905 GC heap before
{Heap before GC invocations=852 (full 843):
 garbage-first heap   total 86016K, used 24894K [0x00000000c0000000, 0x0000000100000000)
  region size 1024K, 1 young (1024K), 0 survivors (0K)
 Metaspace       used 39488K, committed 40064K, reserved 1114112K
  class space    used 5218K, committed 5440K, reserved 1048576K
}
Event: 10898.930 GC heap after
{Heap after GC invocations=853 (full 844):
 garbage-first heap   total 86016K, used 24894K [0x00000000c0000000, 0x0000000100000000)
  region size 1024K, 0 young (0K), 0 survivors (0K)
 Metaspace       used 39488K, committed 40064K, reserved 1114112K
  class space    used 5218K, committed 5440K, reserved 1048576K
}
Event: 10910.236 GC heap before
{Heap before GC invocations=853 (full 844):
 garbage-first heap   total 86016K, used 24894K [0x00000000c0000000, 0x0000000100000000)
  region size 1024K, 1 young (1024K), 0 survivors (0K)
 Metaspace       used 39488K, committed 40064K, reserved 1114112K
  class space    used 5218K, committed 5440K, reserved 1048576K
}
Event: 10910.271 GC heap after
{Heap after GC invocations=854 (full 845):
 garbage-first heap   total 86016K, used 24894K [0x00000000c0000000, 0x0000000100000000)
  region size 1024K, 0 young (0K), 0 survivors (0K)
 Metaspace       used 39488K, committed 40064K, reserved 1114112K
  class space    used 5218K, committed 5440K, reserved 1048576K
}
Event: 10926.095 GC heap before
{Heap before GC invocations=854 (full 845):
 garbage-first heap   total 86016K, used 24894K [0x00000000c0000000, 0x0000000100000000)
  region size 1024K, 1 young (1024K), 0 survivors (0K)
 Metaspace       used 39488K, committed 40064K, reserved 1114112K
  class space    used 5218K, committed 5440K, reserved 1048576K
}
Event: 10926.165 GC heap after
{Heap after GC invocations=855 (full 846):
 garbage-first heap   total 86016K, used 24894K [0x00000000c0000000, 0x0000000100000000)
  region size 1024K, 0 young (0K), 0 survivors (0K)
 Metaspace       used 39488K, committed 40064K, reserved 1114112K
  class space    used 5218K, committed 5440K, reserved 1048576K
}
Event: 10937.329 GC heap before
{Heap before GC invocations=855 (full 846):
 garbage-first heap   total 86016K, used 24894K [0x00000000c0000000, 0x0000000100000000)
  region size 1024K, 1 young (1024K), 0 survivors (0K)
 Metaspace       used 39488K, committed 40064K, reserved 1114112K
  class space    used 5218K, committed 5440K, reserved 1048576K
}
Event: 10937.363 GC heap after
{Heap after GC invocations=856 (full 847):
 garbage-first heap   total 86016K, used 24894K [0x00000000c0000000, 0x0000000100000000)
  region size 1024K, 0 young (0K), 0 survivors (0K)
 Metaspace       used 39488K, committed 40064K, reserved 1114112K
  class space    used 5218K, committed 5440K, reserved 1048576K
}
Event: 10948.374 GC heap before
{Heap before GC invocations=856 (full 847):
 garbage-first heap   total 86016K, used 24894K [0x00000000c0000000, 0x0000000100000000)
  region size 1024K, 1 young (1024K), 0 survivors (0K)
 Metaspace       used 39488K, committed 40064K, reserved 1114112K
  class space    used 5218K, committed 5440K, reserved 1048576K
}
Event: 10948.400 GC heap after
{Heap after GC invocations=857 (full 848):
 garbage-first heap   total 86016K, used 24894K [0x00000000c0000000, 0x0000000100000000)
  region size 1024K, 0 young (0K), 0 survivors (0K)
 Metaspace       used 39488K, committed 40064K, reserved 1114112K
  class space    used 5218K, committed 5440K, reserved 1048576K
}
Event: 10959.647 GC heap before
{Heap before GC invocations=857 (full 848):
 garbage-first heap   total 86016K, used 24894K [0x00000000c0000000, 0x0000000100000000)
  region size 1024K, 1 young (1024K), 0 survivors (0K)
 Metaspace       used 39488K, committed 40064K, reserved 1114112K
  class space    used 5218K, committed 5440K, reserved 1048576K
}
Event: 10959.665 GC heap after
{Heap after GC invocations=858 (full 849):
 garbage-first heap   total 86016K, used 24894K [0x00000000c0000000, 0x0000000100000000)
  region size 1024K, 0 young (0K), 0 survivors (0K)
 Metaspace       used 39488K, committed 40064K, reserved 1114112K
  class space    used 5218K, committed 5440K, reserved 1048576K
}
Event: 10974.671 GC heap before
{Heap before GC invocations=858 (full 849):
 garbage-first heap   total 86016K, used 24894K [0x00000000c0000000, 0x0000000100000000)
  region size 1024K, 1 young (1024K), 0 survivors (0K)
 Metaspace       used 39488K, committed 40064K, reserved 1114112K
  class space    used 5218K, committed 5440K, reserved 1048576K
}
Event: 10974.730 GC heap after
{Heap after GC invocations=859 (full 850):
 garbage-first heap   total 86016K, used 24894K [0x00000000c0000000, 0x0000000100000000)
  region size 1024K, 0 young (0K), 0 survivors (0K)
 Metaspace       used 39488K, committed 40064K, reserved 1114112K
  class space    used 5218K, committed 5440K, reserved 1048576K
}

Dll operation events (8 events):
Event: 0.041 Loaded shared library c:\Users\user\.vscode\extensions\redhat.java-1.28.1-win32-x64\jre\17.0.10-win32-x86_64\bin\java.dll
Event: 0.804 Loaded shared library C:\Users\user\.vscode\extensions\redhat.java-1.28.1-win32-x64\jre\17.0.10-win32-x86_64\bin\net.dll
Event: 1.783 Loaded shared library C:\Users\user\.vscode\extensions\redhat.java-1.28.1-win32-x64\jre\17.0.10-win32-x86_64\bin\nio.dll
Event: 1.800 Loaded shared library C:\Users\user\.vscode\extensions\redhat.java-1.28.1-win32-x64\jre\17.0.10-win32-x86_64\bin\zip.dll
Event: 3.403 Loaded shared library C:\Users\user\.vscode\extensions\redhat.java-1.28.1-win32-x64\jre\17.0.10-win32-x86_64\bin\jimage.dll
Event: 7.442 Loaded shared library c:\Users\user\.vscode\extensions\redhat.java-1.28.1-win32-x64\jre\17.0.10-win32-x86_64\bin\verify.dll
Event: 13.235 Loaded shared library C:\Users\user\.vscode\extensions\redhat.java-1.28.1-win32-x64\jre\17.0.10-win32-x86_64\bin\management.dll
Event: 13.244 Loaded shared library C:\Users\user\.vscode\extensions\redhat.java-1.28.1-win32-x64\jre\17.0.10-win32-x86_64\bin\management_ext.dll

Deoptimization events (6 events):
Event: 13.880 Thread 0x0000022966bb3670 DEOPT PACKING pc=0x0000022959781781 sp=0x000000a950ffd9f0
Event: 13.880 Thread 0x0000022966bb3670 DEOPT UNPACKING pc=0x0000022959357143 sp=0x000000a950ffce80 mode 3
Event: 13.883 Thread 0x000002296705c460 DEOPT PACKING pc=0x0000022959781297 sp=0x000000a9511fef10
Event: 13.883 Thread 0x000002296705c460 DEOPT UNPACKING pc=0x0000022959357143 sp=0x000000a9511fe368 mode 3
Event: 3385.332 Thread 0x0000022966bb3670 DEOPT PACKING pc=0x000002295986f154 sp=0x000000a950ffebd0
Event: 3385.335 Thread 0x0000022966bb3670 DEOPT UNPACKING pc=0x0000022959357143 sp=0x000000a950ffe078 mode 0

Classes unloaded (20 events):
Event: 88.781 Thread 0x00000229614e2b80 Unloading class 0x0000000100095c00 'java/lang/invoke/LambdaForm$MH+0x0000000100095c00'
Event: 88.781 Thread 0x00000229614e2b80 Unloading class 0x0000000100095800 'java/lang/invoke/LambdaForm$MH+0x0000000100095800'
Event: 88.781 Thread 0x00000229614e2b80 Unloading class 0x0000000100095400 'java/lang/invoke/LambdaForm$MH+0x0000000100095400'
Event: 88.781 Thread 0x00000229614e2b80 Unloading class 0x0000000100095000 'java/lang/invoke/LambdaForm$MH+0x0000000100095000'
Event: 88.781 Thread 0x00000229614e2b80 Unloading class 0x0000000100094c00 'java/lang/invoke/LambdaForm$MH+0x0000000100094c00'
Event: 88.781 Thread 0x00000229614e2b80 Unloading class 0x0000000100094800 'java/lang/invoke/LambdaForm$MH+0x0000000100094800'
Event: 88.781 Thread 0x00000229614e2b80 Unloading class 0x0000000100094400 'java/lang/invoke/LambdaForm$MH+0x0000000100094400'
Event: 88.781 Thread 0x00000229614e2b80 Unloading class 0x000000010008e800 'java/lang/invoke/LambdaForm$MH+0x000000010008e800'
Event: 88.781 Thread 0x00000229614e2b80 Unloading class 0x000000010008e400 'java/lang/invoke/LambdaForm$MH+0x000000010008e400'
Event: 88.781 Thread 0x00000229614e2b80 Unloading class 0x000000010008e000 'java/lang/invoke/LambdaForm$MH+0x000000010008e000'
Event: 88.781 Thread 0x00000229614e2b80 Unloading class 0x000000010008dc00 'java/lang/invoke/LambdaForm$MH+0x000000010008dc00'
Event: 88.781 Thread 0x00000229614e2b80 Unloading class 0x000000010008d800 'java/lang/invoke/LambdaForm$MH+0x000000010008d800'
Event: 88.781 Thread 0x00000229614e2b80 Unloading class 0x000000010008d400 'java/lang/invoke/LambdaForm$MH+0x000000010008d400'
Event: 88.781 Thread 0x00000229614e2b80 Unloading class 0x000000010008cc00 'java/lang/invoke/LambdaForm$MH+0x000000010008cc00'
Event: 88.781 Thread 0x00000229614e2b80 Unloading class 0x000000010008c800 'java/lang/invoke/LambdaForm$MH+0x000000010008c800'
Event: 88.781 Thread 0x00000229614e2b80 Unloading class 0x000000010008c000 'java/lang/invoke/LambdaForm$MH+0x000000010008c000'
Event: 88.781 Thread 0x00000229614e2b80 Unloading class 0x000000010008bc00 'java/lang/invoke/LambdaForm$MH+0x000000010008bc00'
Event: 5759.444 Thread 0x00000229614e2b80 Unloading class 0x0000000100480400 'java/lang/invoke/LambdaForm$MH+0x0000000100480400'
Event: 5759.445 Thread 0x00000229614e2b80 Unloading class 0x000000010050c400 'java/lang/invoke/LambdaForm$MH+0x000000010050c400'
Event: 5759.446 Thread 0x00000229614e2b80 Unloading class 0x0000000100540000 'java/lang/invoke/LambdaForm$MH+0x0000000100540000'

Classes redefined (0 events):
No events

Internal exceptions (20 events):
Event: 10.440 Thread 0x00000229541fca30 Exception <a 'java/lang/NoSuchMethodError'{0x00000000c79a3510}: 'java.lang.Object java.lang.invoke.DirectMethodHandle$Holder.invokeSpecial(java.lang.Object, java.lang.Object, int, java.lang.Object, java.lang.Object)'> (0x00000000c79a3510) 
thrown [s\src\hotspot\share\interpreter\linkResolver.cpp, line 759]
Event: 10.440 Thread 0x00000229541fca30 Exception <a 'java/lang/NoSuchMethodError'{0x00000000c79a71b8}: 'java.lang.Object java.lang.invoke.DelegatingMethodHandle$Holder.delegate(java.lang.Object, int, java.lang.Object, java.lang.Object)'> (0x00000000c79a71b8) 
thrown [s\src\hotspot\share\interpreter\linkResolver.cpp, line 759]
Event: 10.441 Thread 0x00000229541fca30 Exception <a 'java/lang/NoSuchMethodError'{0x00000000c79b8040}: 'int java.lang.invoke.Invokers$Holder.linkToTargetMethod(java.lang.Object, java.lang.Object, java.lang.Object)'> (0x00000000c79b8040) 
thrown [s\src\hotspot\share\interpreter\linkResolver.cpp, line 759]
Event: 10.694 Thread 0x00000229541fca30 Exception <a 'java/lang/NoSuchMethodError'{0x00000000c5736db8}: 'java.lang.Object java.lang.invoke.DirectMethodHandle$Holder.invokeStaticInit(java.lang.Object, int, int, int, int)'> (0x00000000c5736db8) 
thrown [s\src\hotspot\share\interpreter\linkResolver.cpp, line 759]
Event: 11.190 Thread 0x00000229541fca30 Exception <a 'java/lang/NoSuchMethodError'{0x00000000c577bf30}: 'java.lang.Object java.lang.invoke.DirectMethodHandle$Holder.invokeStaticInit(java.lang.Object, java.lang.Object, int, int, int, int)'> (0x00000000c577bf30) 
thrown [s\src\hotspot\share\interpreter\linkResolver.cpp, line 759]
Event: 11.778 Thread 0x00000229541fca30 Exception <a 'java/lang/NoSuchMethodError'{0x00000000c4497038}: 'void java.lang.invoke.DirectMethodHandle$Holder.invokeSpecialIFC(java.lang.Object, java.lang.Object, java.lang.Object)'> (0x00000000c4497038) 
thrown [s\src\hotspot\share\interpreter\linkResolver.cpp, line 759]
Event: 12.576 Thread 0x00000229541fca30 Exception <a 'java/lang/NoSuchMethodError'{0x00000000c7a16ef8}: 'int java.lang.invoke.DirectMethodHandle$Holder.invokeStaticInit(java.lang.Object, java.lang.Object, int, java.lang.Object)'> (0x00000000c7a16ef8) 
thrown [s\src\hotspot\share\interpreter\linkResolver.cpp, line 759]
Event: 12.678 Thread 0x00000229541fca30 Exception <a 'java/lang/NoSuchMethodError'{0x00000000c7932778}: 'void java.lang.invoke.DirectMethodHandle$Holder.invokeSpecial(java.lang.Object, java.lang.Object, java.lang.Object, java.lang.Object, java.lang.Object, java.lang.Object, java.lang.Object)'> (0x00000000c7932778) 
thrown [s\src\hotspot\share\interpreter\linkResolver.cpp, line 759]
Event: 12.974 Thread 0x00000229541fca30 Exception <a 'java/lang/NoSuchMethodError'{0x00000000c583df08}: 'java.lang.Object java.lang.invoke.DirectMethodHandle$Holder.invokeInterface(java.lang.Object, java.lang.Object, int)'> (0x00000000c583df08) 
thrown [s\src\hotspot\share\interpreter\linkResolver.cpp, line 759]
Event: 12.978 Thread 0x00000229541fca30 Exception <a 'java/lang/IncompatibleClassChangeError'{0x00000000c58514d0}: Found class java.lang.Object, but interface was expected> (0x00000000c58514d0) 
thrown [s\src\hotspot\share\interpreter\linkResolver.cpp, line 826]
Event: 13.226 Thread 0x00000229541fca30 Exception <a 'java/lang/NoSuchMethodError'{0x00000000c470c6c0}: 'java.lang.Object java.lang.invoke.DirectMethodHandle$Holder.newInvokeSpecial(java.lang.Object, java.lang.Object, int, java.lang.Object, java.lang.Object)'> (0x00000000c470c6c0) 
thrown [s\src\hotspot\share\interpreter\linkResolver.cpp, line 759]
Event: 13.228 Thread 0x00000229541fca30 Exception <a 'java/lang/NoSuchMethodError'{0x00000000c471f4e8}: 'java.lang.Object java.lang.invoke.DirectMethodHandle$Holder.invokeSpecial(java.lang.Object, java.lang.Object, int, java.lang.Object, int, java.lang.Object)'> (0x00000000c471f4e8) 
thrown [s\src\hotspot\share\interpreter\linkResolver.cpp, line 759]
Event: 13.228 Thread 0x00000229541fca30 Exception <a 'java/lang/NoSuchMethodError'{0x00000000c47272f0}: 'java.lang.Object java.lang.invoke.DirectMethodHandle$Holder.newInvokeSpecial(java.lang.Object, java.lang.Object, int, java.lang.Object, int)'> (0x00000000c47272f0) 
thrown [s\src\hotspot\share\interpreter\linkResolver.cpp, line 759]
Event: 13.228 Thread 0x00000229541fca30 Exception <a 'java/lang/NoSuchMethodError'{0x00000000c472b3f0}: 'java.lang.Object java.lang.invoke.DirectMethodHandle$Holder.invokeSpecial(java.lang.Object, java.lang.Object, java.lang.Object, int, java.lang.Object, int)'> (0x00000000c472b3f0) 
thrown [s\src\hotspot\share\interpreter\linkResolver.cpp, line 759]
Event: 13.760 Thread 0x0000022966b86870 Exception <a 'java/lang/NoSuchMethodError'{0x00000000c3dc4778}: 'java.lang.Object java.lang.invoke.DirectMethodHandle$Holder.invokeStatic(java.lang.Object, int, java.lang.Object)'> (0x00000000c3dc4778) 
thrown [s\src\hotspot\share\interpreter\linkResolver.cpp, line 759]
Event: 13.812 Thread 0x0000022966bb3670 Exception <a 'java/lang/NoSuchMethodError'{0x00000000c3d965b8}: 'java.lang.Object java.lang.invoke.DirectMethodHandle$Holder.invokeStatic(java.lang.Object, java.lang.Object, java.lang.Object, int, java.lang.Object, java.lang.Object)'> (0x00000000c3d965b8) 
thrown [s\src\hotspot\share\interpreter\linkResolver.cpp, line 759]
Event: 14.668 Thread 0x000002296743c170 Exception <a 'java/lang/NoSuchMethodError'{0x00000000c5ab2d38}: 'int java.lang.invoke.DirectMethodHandle$Holder.invokeStatic(java.lang.Object)'> (0x00000000c5ab2d38) 
thrown [s\src\hotspot\share\interpreter\linkResolver.cpp, line 759]
Event: 14.668 Thread 0x000002296743c170 Exception <a 'java/lang/NoSuchMethodError'{0x00000000c5ab6218}: 'int java.lang.invoke.DirectMethodHandle$Holder.invokeStaticInit(java.lang.Object)'> (0x00000000c5ab6218) 
thrown [s\src\hotspot\share\interpreter\linkResolver.cpp, line 759]
Event: 53.279 Thread 0x000002296735b040 Exception <a 'java/lang/NoSuchMethodError'{0x00000000c56024b0}: 'void java.lang.invoke.DirectMethodHandle$Holder.invokeStatic(java.lang.Object, long)'> (0x00000000c56024b0) 
thrown [s\src\hotspot\share\interpreter\linkResolver.cpp, line 759]
Event: 53.281 Thread 0x000002296735b040 Exception <a 'java/lang/NoSuchMethodError'{0x00000000c5607858}: 'java.lang.Object java.lang.invoke.DirectMethodHandle$Holder.newInvokeSpecial(java.lang.Object, long)'> (0x00000000c5607858) 
thrown [s\src\hotspot\share\interpreter\linkResolver.cpp, line 759]

VM Operations (20 events):
Event: 10864.967 Executing VM operation: G1CollectFull done
Event: 10876.542 Executing VM operation: G1CollectFull
Event: 10876.566 Executing VM operation: G1CollectFull done
Event: 10887.692 Executing VM operation: G1CollectFull
Event: 10887.713 Executing VM operation: G1CollectFull done
Event: 10898.905 Executing VM operation: G1CollectFull
Event: 10898.931 Executing VM operation: G1CollectFull done
Event: 10910.236 Executing VM operation: G1CollectFull
Event: 10910.271 Executing VM operation: G1CollectFull done
Event: 10926.094 Executing VM operation: G1CollectFull
Event: 10926.165 Executing VM operation: G1CollectFull done
Event: 10937.328 Executing VM operation: G1CollectFull
Event: 10937.363 Executing VM operation: G1CollectFull done
Event: 10948.373 Executing VM operation: G1CollectFull
Event: 10948.400 Executing VM operation: G1CollectFull done
Event: 10959.647 Executing VM operation: G1CollectFull
Event: 10959.665 Executing VM operation: G1CollectFull done
Event: 10974.671 Executing VM operation: G1CollectFull
Event: 10974.730 Executing VM operation: G1CollectFull done
Event: 10987.125 Executing VM operation: G1CollectFull

Events (20 events):
Event: 4514.190 Thread 0x0000022967508840 Thread exited: 0x0000022967508840
Event: 4524.673 Thread 0x000002296743d5b0 Thread added: 0x000002296743d5b0
Event: 4546.799 Thread 0x0000022966886b40 Thread added: 0x0000022966886b40
Event: 4546.802 Thread 0x0000022966887060 Thread added: 0x0000022966887060
Event: 4546.802 Thread 0x0000022966887580 Thread added: 0x0000022966887580
Event: 4548.832 Thread 0x0000022966887580 Thread exited: 0x0000022966887580
Event: 4554.006 Thread 0x0000022966887060 Thread exited: 0x0000022966887060
Event: 4555.086 Thread 0x0000022966886b40 Thread exited: 0x0000022966886b40
Event: 4563.224 Thread 0x0000022966886e10 Thread added: 0x0000022966886e10
Event: 4566.249 Thread 0x0000022966886e10 Thread exited: 0x0000022966886e10
Event: 4566.496 Thread 0x0000022966886e10 Thread added: 0x0000022966886e10
Event: 4566.496 Thread 0x00000229667a4600 Thread added: 0x00000229667a4600
Event: 4566.497 Thread 0x00000229667a4b20 Thread added: 0x00000229667a4b20
Event: 4575.338 Thread 0x00000229667a4b20 Thread exited: 0x00000229667a4b20
Event: 4575.339 Thread 0x00000229667a4600 Thread exited: 0x00000229667a4600
Event: 4580.350 Thread 0x0000022966886e10 Thread exited: 0x0000022966886e10
Event: 4614.021 Thread 0x000002296743b240 Thread exited: 0x000002296743b240
Event: 5025.649 Thread 0x000002296743e4e0 Thread added: 0x000002296743e4e0
Event: 5085.651 Thread 0x000002296743d5b0 Thread exited: 0x000002296743d5b0
Event: 5786.607 Thread 0x000002296743e4e0 Thread exited: 0x000002296743e4e0


Dynamic libraries:
0x00007ff7b0640000 - 0x00007ff7b064e000 	c:\Users\user\.vscode\extensions\redhat.java-1.28.1-win32-x64\jre\17.0.10-win32-x86_64\bin\java.exe
0x00007ffbde3f0000 - 0x00007ffbde607000 	C:\WINDOWS\SYSTEM32\ntdll.dll
0x00007ffbdc2f0000 - 0x00007ffbdc3b4000 	C:\WINDOWS\System32\KERNEL32.DLL
0x00007ffbdbb50000 - 0x00007ffbdbef5000 	C:\WINDOWS\System32\KERNELBASE.dll
0x00007ffbdbfa0000 - 0x00007ffbdc0b1000 	C:\WINDOWS\System32\ucrtbase.dll
0x00007ffbd85d0000 - 0x00007ffbd85e7000 	c:\Users\user\.vscode\extensions\redhat.java-1.28.1-win32-x64\jre\17.0.10-win32-x86_64\bin\jli.dll
0x00007ffbd8580000 - 0x00007ffbd859b000 	c:\Users\user\.vscode\extensions\redhat.java-1.28.1-win32-x64\jre\17.0.10-win32-x86_64\bin\VCRUNTIME140.dll
0x00007ffbdd830000 - 0x00007ffbdd9de000 	C:\WINDOWS\System32\USER32.dll
0x00007ffbbb300000 - 0x00007ffbbb593000 	C:\WINDOWS\WinSxS\amd64_microsoft.windows.common-controls_6595b64144ccf1df_6.0.22621.2506_none_270c5ae97388e100\COMCTL32.dll
0x00007ffbdbf70000 - 0x00007ffbdbf96000 	C:\WINDOWS\System32\win32u.dll
0x00007ffbde290000 - 0x00007ffbde337000 	C:\WINDOWS\System32\msvcrt.dll
0x00007ffbdd800000 - 0x00007ffbdd829000 	C:\WINDOWS\System32\GDI32.dll
0x00007ffbdba30000 - 0x00007ffbdbb49000 	C:\WINDOWS\System32\gdi32full.dll
0x00007ffbdb760000 - 0x00007ffbdb7fa000 	C:\WINDOWS\System32\msvcp_win.dll
0x00007ffbde1a0000 - 0x00007ffbde1d1000 	C:\WINDOWS\System32\IMM32.DLL
0x00007ffb8a8b0000 - 0x00007ffb8a961000 	C:\Program Files\McAfee\Endpoint Security\Threat Prevention\Ips\EpMPApi.dll
0x00007ffbddba0000 - 0x00007ffbddcb7000 	C:\WINDOWS\System32\RPCRT4.dll
0x00007ffbdd160000 - 0x00007ffbdd211000 	C:\WINDOWS\System32\ADVAPI32.dll
0x00007ffbddcc0000 - 0x00007ffbddd66000 	C:\WINDOWS\System32\sechost.dll
0x00007ffbdbf00000 - 0x00007ffbdbf6c000 	C:\WINDOWS\System32\WINTRUST.dll
0x00007ffbdb800000 - 0x00007ffbdb966000 	C:\WINDOWS\System32\CRYPT32.dll
0x00007ffbdae90000 - 0x00007ffbdaea2000 	C:\WINDOWS\SYSTEM32\MSASN1.dll
0x0000000061c20000 - 0x0000000061c2c000 	C:\Program Files\McAfee\Endpoint Security\Threat Prevention\Ips\EpMPThe.dll
0x00007ffb7c2b0000 - 0x00007ffb7c30b000 	C:\Program Files\McAfee\Endpoint Security\Threat Prevention\Ips\HIPHandlers64.dll
0x00007ffbdc570000 - 0x00007ffbdcdc9000 	C:\WINDOWS\System32\SHELL32.dll
0x00007ffbdc510000 - 0x00007ffbdc56e000 	C:\WINDOWS\System32\SHLWAPI.dll
0x00007ffbd8e40000 - 0x00007ffbd9073000 	C:\WINDOWS\SYSTEM32\dbghelp.dll
0x00007ffbdcdd0000 - 0x00007ffbdd159000 	C:\WINDOWS\System32\combase.dll
0x00007ffbdde20000 - 0x00007ffbddef7000 	C:\WINDOWS\System32\OLEAUT32.dll
0x00007ffbd8570000 - 0x00007ffbd857c000 	c:\Users\user\.vscode\extensions\redhat.java-1.28.1-win32-x64\jre\17.0.10-win32-x86_64\bin\vcruntime140_1.dll
0x00007ffb95e40000 - 0x00007ffb95ecd000 	c:\Users\user\.vscode\extensions\redhat.java-1.28.1-win32-x64\jre\17.0.10-win32-x86_64\bin\msvcp140.dll
0x00007ffb8c440000 - 0x00007ffb8d0a2000 	c:\Users\user\.vscode\extensions\redhat.java-1.28.1-win32-x64\jre\17.0.10-win32-x86_64\bin\server\jvm.dll
0x00007ffbdb630000 - 0x00007ffbdb67d000 	C:\WINDOWS\SYSTEM32\POWRPROF.dll
0x00007ffbbcb40000 - 0x00007ffbbcb49000 	C:\WINDOWS\SYSTEM32\WSOCK32.dll
0x00007ffbdc150000 - 0x00007ffbdc1c1000 	C:\WINDOWS\System32\WS2_32.dll
0x00007ffbd19a0000 - 0x00007ffbd19d4000 	C:\WINDOWS\SYSTEM32\WINMM.dll
0x00007ffbbc6e0000 - 0x00007ffbbc6ea000 	C:\WINDOWS\SYSTEM32\VERSION.dll
0x00007ffbdb610000 - 0x00007ffbdb623000 	C:\WINDOWS\SYSTEM32\UMPDC.dll
0x00007ffbda760000 - 0x00007ffbda778000 	C:\WINDOWS\SYSTEM32\kernel.appcore.dll
0x00007ffbd8560000 - 0x00007ffbd856a000 	c:\Users\user\.vscode\extensions\redhat.java-1.28.1-win32-x64\jre\17.0.10-win32-x86_64\bin\jimage.dll
0x00007ffbb64a0000 - 0x00007ffbb64d2000 	C:\WINDOWS\SYSTEM32\dbgcore.DLL
0x00007ffbdc0c0000 - 0x00007ffbdc13a000 	C:\WINDOWS\System32\bcryptPrimitives.dll
0x00007ffb96820000 - 0x00007ffb96845000 	c:\Users\user\.vscode\extensions\redhat.java-1.28.1-win32-x64\jre\17.0.10-win32-x86_64\bin\java.dll
0x00007ffbccac0000 - 0x00007ffbccad8000 	c:\Users\user\.vscode\extensions\redhat.java-1.28.1-win32-x64\jre\17.0.10-win32-x86_64\bin\zip.dll
0x00007ffbd9680000 - 0x00007ffbd9f74000 	C:\WINDOWS\SYSTEM32\windows.storage.dll
0x00007ffbd9540000 - 0x00007ffbd967e000 	C:\WINDOWS\SYSTEM32\wintypes.dll
0x00007ffbde0a0000 - 0x00007ffbde193000 	C:\WINDOWS\System32\SHCORE.dll
0x00007ffbdb690000 - 0x00007ffbdb6b6000 	C:\WINDOWS\SYSTEM32\profapi.dll
0x00007ffb967c0000 - 0x00007ffb967d9000 	C:\Users\user\.vscode\extensions\redhat.java-1.28.1-win32-x64\jre\17.0.10-win32-x86_64\bin\net.dll
0x00007ffbd4900000 - 0x00007ffbd4a37000 	C:\WINDOWS\SYSTEM32\WINHTTP.dll
0x00007ffbdabe0000 - 0x00007ffbdac49000 	C:\WINDOWS\system32\mswsock.dll
0x00007ffb95c20000 - 0x00007ffb95c36000 	C:\Users\user\.vscode\extensions\redhat.java-1.28.1-win32-x64\jre\17.0.10-win32-x86_64\bin\nio.dll
0x00007ffba0f00000 - 0x00007ffba0f10000 	c:\Users\user\.vscode\extensions\redhat.java-1.28.1-win32-x64\jre\17.0.10-win32-x86_64\bin\verify.dll
0x00007ffbdae40000 - 0x00007ffbdae5b000 	C:\WINDOWS\SYSTEM32\CRYPTSP.dll
0x00007ffbda6c0000 - 0x00007ffbda6f5000 	C:\WINDOWS\system32\rsaenh.dll
0x00007ffbdacd0000 - 0x00007ffbdacfc000 	C:\WINDOWS\SYSTEM32\USERENV.dll
0x00007ffbdb020000 - 0x00007ffbdb048000 	C:\WINDOWS\SYSTEM32\bcrypt.dll
0x00007ffbdae30000 - 0x00007ffbdae3c000 	C:\WINDOWS\SYSTEM32\CRYPTBASE.dll
0x00007ffbda1e0000 - 0x00007ffbda20d000 	C:\WINDOWS\SYSTEM32\IPHLPAPI.DLL
0x00007ffbdd370000 - 0x00007ffbdd379000 	C:\WINDOWS\System32\NSI.dll
0x00007ffbd3bc0000 - 0x00007ffbd3bd9000 	C:\WINDOWS\SYSTEM32\dhcpcsvc6.DLL
0x00007ffbd3ba0000 - 0x00007ffbd3bbf000 	C:\WINDOWS\SYSTEM32\dhcpcsvc.DLL
0x00007ffbda210000 - 0x00007ffbda309000 	C:\WINDOWS\SYSTEM32\DNSAPI.dll
0x00007ffba4d50000 - 0x00007ffba4d59000 	C:\Users\user\.vscode\extensions\redhat.java-1.28.1-win32-x64\jre\17.0.10-win32-x86_64\bin\management.dll
0x00007ffb9e460000 - 0x00007ffb9e46b000 	C:\Users\user\.vscode\extensions\redhat.java-1.28.1-win32-x64\jre\17.0.10-win32-x86_64\bin\management_ext.dll
0x00007ffbdc140000 - 0x00007ffbdc148000 	C:\WINDOWS\System32\PSAPI.DLL

dbghelp: loaded successfully - version: 4.0.5 - missing functions: none
symbol engine: initialized successfully - sym options: 0x614 - pdb path: .;c:\Users\user\.vscode\extensions\redhat.java-1.28.1-win32-x64\jre\17.0.10-win32-x86_64\bin;C:\WINDOWS\SYSTEM32;C:\WINDOWS\WinSxS\amd64_microsoft.windows.common-controls_6595b64144ccf1df_6.0.22621.2506_none_270c5ae97388e100;C:\Program Files\McAfee\Endpoint Security\Threat Prevention\Ips;c:\Users\user\.vscode\extensions\redhat.java-1.28.1-win32-x64\jre\17.0.10-win32-x86_64\bin\server

VM Arguments:
jvm_args: -XX:+HeapDumpOnOutOfMemoryError -Xmx1024m -Dsts.lsp.client=vscode -Dsts.log.file=/dev/null -XX:TieredStopAtLevel=1 -Xlog:jni+resolve=off -Dspring.config.location=file:c:\Users\user\.vscode\extensions\vmware.vscode-spring-boot-1.52.0\language-server\BOOT-INF\classes\application.properties 
java_command: org.springframework.ide.vscode.boot.app.BootLanguageServerBootApp
java_class_path (initial): c:\Users\user\.vscode\extensions\vmware.vscode-spring-boot-1.52.0\language-server\BOOT-INF\classes;c:\Users\user\.vscode\extensions\vmware.vscode-spring-boot-1.52.0\language-server\BOOT-INF\lib\annotations-24.1.0.jar;c:\Users\user\.vscode\extensions\vmware.vscode-spring-boot-1.52.0\language-server\BOOT-INF\lib\antlr4-runtime-4.11.1.jar;c:\Users\user\.vscode\extensions\vmware.vscode-spring-boot-1.52.0\language-server\BOOT-INF\lib\asm-9.6.jar;c:\Users\user\.vscode\extensions\vmware.vscode-spring-boot-1.52.0\language-server\BOOT-INF\lib\asm-analysis-9.6.jar;c:\Users\user\.vscode\extensions\vmware.vscode-spring-boot-1.52.0\language-server\BOOT-INF\lib\asm-tree-9.6.jar;c:\Users\user\.vscode\extensions\vmware.vscode-spring-boot-1.52.0\language-server\BOOT-INF\lib\asm-util-9.6.jar;c:\Users\user\.vscode\extensions\vmware.vscode-spring-boot-1.52.0\language-server\BOOT-INF\lib\caffeine-3.1.8.jar;c:\Users\user\.vscode\extensions\vmware.vscode-spring-boot-1.52.0\language-server\BOOT-INF\lib\checker-qual-3.12.0.jar;c:\Users\user\.vscode\extensions\vmware.vscode-spring-boot-1.52.0\language-server\BOOT-INF\lib\classgraph-4.8.149.jar;c:\Users\user\.vscode\extensions\vmware.vscode-spring-boot-1.52.0\language-server\BOOT-INF\lib\commons-codec-1.16.0.jar;c:\Users\user\.vscode\extensions\vmware.vscode-spring-boot-1.52.0\language-server\BOOT-INF\lib\commons-compress-1.25.0.jar;c:\Users\user\.vscode\extensions\vmware.vscode-spring-boot-1.52.0\language-server\BOOT-INF\lib\commons-io-2.4.jar;c:\Users\user\.vscode\extensions\vmware.vscode-spring-boot-1.52.0\language-server\BOOT-INF\lib\commons-java-1.52.0-SNAPSHOT.jar;c:\Users\user\.vscode\extensions\vmware.vscode-spring-boot-1.52.0\language-server\BOOT-INF\lib\commons-lang3-3.13.0.jar;c:\Users\user\.vscode\extensions\vmware.vscode-spring-boot-1.52.0\language-server\BOOT-INF\lib\commons-language-server-1.52.0-SNAPSHOT.jar;c:\Users\user\.vscode\extensions\vmware.vscode-spring-boot-1.52.0\language-server\BOOT-INF\
Launcher Type: SUN_STANDARD

[Global flags]
     intx CICompilerCount                          = 4                                         {product} {ergonomic}
     uint ConcGCThreads                            = 2                                         {product} {ergonomic}
     uint G1ConcRefinementThreads                  = 8                                         {product} {ergonomic}
   size_t G1HeapRegionSize                         = 1048576                                   {product} {ergonomic}
    uintx GCDrainStackTargetSize                   = 64                                        {product} {ergonomic}
     bool HeapDumpOnOutOfMemoryError               = true                                   {manageable} {command line}
   size_t InitialHeapSize                          = 130023424                                 {product} {ergonomic}
   size_t MarkStackSize                            = 4194304                                   {product} {ergonomic}
   size_t MaxHeapSize                              = 1073741824                                {product} {command line}
   size_t MaxNewSize                               = 643825664                                 {product} {ergonomic}
   size_t MinHeapDeltaBytes                        = 1048576                                   {product} {ergonomic}
   size_t MinHeapSize                              = 8388608                                   {product} {ergonomic}
    uintx NonProfiledCodeHeapSize                  = 0                                      {pd product} {ergonomic}
     bool ProfileInterpreter                       = false                                  {pd product} {command line}
    uintx ProfiledCodeHeapSize                     = 0                                      {pd product} {ergonomic}
   size_t SoftMaxHeapSize                          = 1073741824                             {manageable} {ergonomic}
     intx TieredStopAtLevel                        = 1                                         {product} {command line}
     bool UseCompressedClassPointers               = true                           {product lp64_product} {ergonomic}
     bool UseCompressedOops                        = true                           {product lp64_product} {ergonomic}
     bool UseG1GC                                  = true                                      {product} {ergonomic}
     bool UseLargePagesIndividualAllocation        = false                                  {pd product} {ergonomic}

Logging:
Log output configuration:
 #0: stdout all=warning,jni+resolve=off uptime,level,tags
 #1: stderr all=off uptime,level,tags

Environment Variables:
JAVA_HOME=C:\Program Files\Java\jdk-11
PATH=C:\Program Files\Python312\Scripts\;C:\Program Files\Python312\;C:\Program Files\Common Files\Oracle\Java\javapath;C:\WINDOWS\system32;C:\WINDOWS;C:\WINDOWS\System32\Wbem;C:\WINDOWS\System32\WindowsPowerShell\v1.0\;C:\WINDOWS\System32\OpenSSH\;C:\Program Files\nodejs\;%JAVA_HOME%\bin;C:\Program Files\Git\cmd;C:\Users\user\AppData\Local\Programs\Python\Python311\Scripts\;C:\Users\user\AppData\Local\Programs\Python\Python311\;C:\Program Files\MySQL\MySQL Shell 8.0\bin\;C:\Users\user\AppData\Local\Microsoft\WindowsApps;C:\Users\user\AppData\Roaming\npm;C:\Users\user\AppData\Local\Programs\Microsoft VS Code\bin;C:\Users\user\AppData\Local\GitHubDesktop\bin
USERNAME=mindcraft
OS=Windows_NT
PROCESSOR_IDENTIFIER=Intel64 Family 6 Model 154 Stepping 4, GenuineIntel
TMP=C:\Users\user\AppData\Local\Temp
TEMP=C:\Users\user\AppData\Local\Temp



Periodic native trim disabled


---------------  S Y S T E M  ---------------

OS:
 Windows 11 , 64 bit Build 22621 (10.0.22621.2506)
OS uptime: 9 days 3:56 hours

CPU: total 8 (initial active 8) (4 cores per cpu, 2 threads per core) family 6 model 154 stepping 4 microcode 0x424, cx8, cmov, fxsr, ht, mmx, 3dnowpref, sse, sse2, sse3, ssse3, sse4.1, sse4.2, popcnt, lzcnt, tsc, tscinvbit, avx, avx2, aes, erms, clmul, bmi1, bmi2, adx, sha, fma, vzeroupper, clflush, clflushopt, clwb
Processor Information for processor 0
  Max Mhz: 1200, Current Mhz: 1200, Mhz Limit: 1200
Processor Information for processor 1
  Max Mhz: 1200, Current Mhz: 1200, Mhz Limit: 1200
Processor Information for processor 2
  Max Mhz: 1200, Current Mhz: 1200, Mhz Limit: 1200
Processor Information for processor 3
  Max Mhz: 1200, Current Mhz: 1200, Mhz Limit: 1200
Processor Information for processor 4
  Max Mhz: 1200, Current Mhz: 700, Mhz Limit: 900
Processor Information for processor 5
  Max Mhz: 1200, Current Mhz: 700, Mhz Limit: 900
Processor Information for processor 6
  Max Mhz: 1200, Current Mhz: 700, Mhz Limit: 900
Processor Information for processor 7
  Max Mhz: 1200, Current Mhz: 700, Mhz Limit: 900

Memory: 4k page, system-wide physical 7810M (415M free)
TotalPageFile size 31362M (AvailPageFile size 13M)
current process WorkingSet (physical memory assigned to process): 10M, peak: 180M
current process commit charge ("private bytes"): 222M, peak: 237M

vm_info: OpenJDK 64-Bit Server VM (17.0.10+7) for windows-amd64 JRE (17.0.10+7), built on Jan 16 2024 23:25:11 by "admin" with MS VC++ 16.10 / 16.11 (VS2019)

END.
