#
# There is insufficient memory for the Java Runtime Environment to continue.
# Native memory allocation (malloc) failed to allocate 2097152 bytes for AllocateHeap
# Possible reasons:
#   The system is out of physical RAM or swap space
#   The process is running with CompressedOops enabled, and the Java Heap may be blocking the growth of the native heap
# Possible solutions:
#   Reduce memory load on the system
#   Increase physical memory or swap space
#   Check if swap backing store is full
#   Decrease Java heap size (-Xmx/-Xms)
#   Decrease number of Java threads
#   Decrease Java thread stack sizes (-Xss)
#   Set larger code cache with -XX:ReservedCodeCacheSize=
#   JVM is running with Unscaled Compressed Oops mode in which the Java heap is
#     placed in the first 4GB address space. The Java Heap base address is the
#     maximum limit for the native heap growth. Please use -XX:HeapBaseMinAddress
#     to set the Java Heap base and to place the Java Heap above 4GB virtual address.
# This output file may be truncated or incomplete.
#
#  Out of Memory Error (allocation.cpp:44), pid=178888, tid=178204
#
# JRE version: OpenJDK Runtime Environment Temurin-17.0.9+9 (17.0.9+9) (build 17.0.9+9)
# Java VM: OpenJDK 64-Bit Server VM Temurin-17.0.9+9 (17.0.9+9, mixed mode, emulated-client, tiered, compressed oops, compressed class ptrs, g1 gc, windows-amd64)
# No core dump will be written. Minidumps are not enabled by default on client versions of Windows
#

---------------  S U M M A R Y ------------

Command Line: -XX:+HeapDumpOnOutOfMemoryError -Xmx1024m -Dsts.lsp.client=vscode -Dsts.log.file=/dev/null -XX:TieredStopAtLevel=1 -Xlog:jni+resolve=off -Dspring.config.location=file:c:\Users\user\.vscode\extensions\vmware.vscode-spring-boot-1.51.0\language-server\BOOT-INF\classes\application.properties org.springframework.ide.vscode.boot.app.BootLanguageServerBootApp

Host: 12th Gen Intel(R) Core(TM) i3-1215U, 8 cores, 7G,  Windows 11 , 64 bit Build 22621 (10.0.22621.2506)
Time: Sun Feb  4 17:13:58 2024 India Standard Time elapsed time: 11372.397889 seconds (0d 3h 9m 32s)

---------------  T H R E A D  ---------------

Current thread (0x00000230207b8d90):  VMThread "VM Thread" [stack: 0x000000cb23800000,0x000000cb23900000] [id=178204]

Stack: [0x000000cb23800000,0x000000cb23900000]
Native frames: (J=compiled Java code, j=interpreted, Vv=VM code, C=native code)
V  [jvm.dll+0x67cf49]
V  [jvm.dll+0x83478a]
V  [jvm.dll+0x83624e]
V  [jvm.dll+0x8368b3]
V  [jvm.dll+0x247f1f]
V  [jvm.dll+0xa6b4b]
V  [jvm.dll+0x2f8f01]
V  [jvm.dll+0x2f4af0]
V  [jvm.dll+0x2dd0d7]
V  [jvm.dll+0x320357]
V  [jvm.dll+0x83adab]
V  [jvm.dll+0x83baf1]
V  [jvm.dll+0x83c00d]
V  [jvm.dll+0x83c3e4]
V  [jvm.dll+0x83c4b0]
V  [jvm.dll+0x7e3c3a]
V  [jvm.dll+0x67be35]
C  [ucrtbase.dll+0x29363]
C  [KERNEL32.DLL+0x1257d]
C  [ntdll.dll+0x5aa58]

VM_Operation (0x000000cb24ffea20): G1CollectFull, mode: safepoint, requested by thread 0x0000023026336060


---------------  P R O C E S S  ---------------

Threads class SMR info:
_java_thread_list=0x0000023026396010, length=19, elements={
0x00000230207cd0b0, 0x00000230207cde40, 0x00000230208086d0, 0x000002302080f210,
0x000002302080fce0, 0x00000230208125c0, 0x0000023020812f40, 0x0000023020813850,
0x0000023020a2a690, 0x0000023020a33290, 0x0000023025cee050, 0x0000023026336060,
0x00000230263b4020, 0x00000230158bfb40, 0x0000023025f7b260, 0x00000230264911d0,
0x0000023026498ae0, 0x0000023026498fc0, 0x00000230263da300
}

Java Threads: ( => current thread )
  0x00000230207cd0b0 JavaThread "Reference Handler" daemon [_thread_blocked, id=178212, stack(0x000000cb23900000,0x000000cb23a00000)]
  0x00000230207cde40 JavaThread "Finalizer" daemon [_thread_blocked, id=176332, stack(0x000000cb23a00000,0x000000cb23b00000)]
  0x00000230208086d0 JavaThread "Signal Dispatcher" daemon [_thread_blocked, id=177880, stack(0x000000cb23b00000,0x000000cb23c00000)]
  0x000002302080f210 JavaThread "Attach Listener" daemon [_thread_blocked, id=175548, stack(0x000000cb23c00000,0x000000cb23d00000)]
  0x000002302080fce0 JavaThread "Service Thread" daemon [_thread_blocked, id=178040, stack(0x000000cb23d00000,0x000000cb23e00000)]
  0x00000230208125c0 JavaThread "Monitor Deflation Thread" daemon [_thread_blocked, id=178044, stack(0x000000cb23e00000,0x000000cb23f00000)]
  0x0000023020812f40 JavaThread "C1 CompilerThread0" daemon [_thread_blocked, id=178160, stack(0x000000cb23f00000,0x000000cb24000000)]
  0x0000023020813850 JavaThread "Sweeper thread" daemon [_thread_blocked, id=178156, stack(0x000000cb24000000,0x000000cb24100000)]
  0x0000023020a2a690 JavaThread "Notification Thread" daemon [_thread_blocked, id=178324, stack(0x000000cb24300000,0x000000cb24400000)]
  0x0000023020a33290 JavaThread "Common-Cleaner" daemon [_thread_blocked, id=178296, stack(0x000000cb24500000,0x000000cb24600000)]
  0x0000023025cee050 JavaThread "boundedElastic-evictor-1" daemon [_thread_blocked, id=157968, stack(0x000000cb24b00000,0x000000cb24c00000)]
  0x0000023026336060 JavaThread "pool-12-thread-1" [_thread_blocked, id=172812, stack(0x000000cb24f00000,0x000000cb25000000)]
  0x00000230263b4020 JavaThread "LanguageServerApp-lifecycle" [_thread_blocked, id=179032, stack(0x000000cb25000000,0x000000cb25100000)]
  0x00000230158bfb40 JavaThread "DestroyJavaVM" [_thread_blocked, id=179192, stack(0x000000cb23200000,0x000000cb23300000)]
  0x0000023025f7b260 JavaThread "pool-13-thread-1" [_thread_in_native, id=178968, stack(0x000000cb25100000,0x000000cb25200000)]
  0x00000230264911d0 JavaThread "Simple-Language-Server main thread" daemon [_thread_blocked, id=177828, stack(0x000000cb25200000,0x000000cb25300000)]
  0x0000023026498ae0 JavaThread "pool-8-thread-1" [_thread_blocked, id=178548, stack(0x000000cb25300000,0x000000cb25400000)]
  0x0000023026498fc0 JavaThread "parallel-1" daemon [_thread_blocked, id=178720, stack(0x000000cb25400000,0x000000cb25500000)]
  0x00000230263da300 JavaThread "Reconciler-1" daemon [_thread_blocked, id=178764, stack(0x000000cb25500000,0x000000cb25600000)]

Other Threads:
=>0x00000230207b8d90 VMThread "VM Thread" [stack: 0x000000cb23800000,0x000000cb23900000] [id=178204]
  0x0000023020a2ab70 WatcherThread [stack: 0x000000cb24400000,0x000000cb24500000] [id=178340]
  0x00000230158fc560 GCTaskThread "GC Thread#0" [stack: 0x000000cb23300000,0x000000cb23400000] [id=177864]
  0x00000230258b1530 GCTaskThread "GC Thread#1" [stack: 0x000000cb24600000,0x000000cb24700000] [id=173680]
  0x000002302588ccf0 GCTaskThread "GC Thread#2" [stack: 0x000000cb24700000,0x000000cb24800000] [id=159404]
  0x00000230259108a0 GCTaskThread "GC Thread#3" [stack: 0x000000cb24800000,0x000000cb24900000] [id=161420]
  0x0000023025a6dd30 GCTaskThread "GC Thread#4" [stack: 0x000000cb24900000,0x000000cb24a00000] [id=164588]
  0x0000023025a6dff0 GCTaskThread "GC Thread#5" [stack: 0x000000cb24a00000,0x000000cb24b00000] [id=156068]
  0x000002302099e2b0 GCTaskThread "GC Thread#6" [stack: 0x000000cb24c00000,0x000000cb24d00000] [id=178092]
  0x000002302099e570 GCTaskThread "GC Thread#7" [stack: 0x000000cb24d00000,0x000000cb24e00000] [id=178256]
  0x00000230159054b0 ConcurrentGCThread "G1 Main Marker" [stack: 0x000000cb23400000,0x000000cb23500000] [id=178024]
  0x0000023015905ed0 ConcurrentGCThread "G1 Conc#0" [stack: 0x000000cb23500000,0x000000cb23600000] [id=176644]
  0x0000023025d6a820 ConcurrentGCThread "G1 Conc#1" [stack: 0x000000cb24e00000,0x000000cb24f00000] [id=151716]
  0x000002302060f1f0 ConcurrentGCThread "G1 Refine#0" [stack: 0x000000cb23600000,0x000000cb23700000] [id=176536]
  0x000002302060fb30 ConcurrentGCThread "G1 Service" [stack: 0x000000cb23700000,0x000000cb23800000] [id=178184]

Threads with active compile tasks:

VM state: at safepoint (normal execution)

VM Mutex/Monitor currently owned by a thread:  ([mutex/lock_event])
[0x00000230134267c0] Threads_lock - owner thread: 0x00000230207b8d90
[0x00000230134214c0] Heap_lock - owner thread: 0x0000023026336060

Heap address: 0x00000000c0000000, size: 1024 MB, Compressed Oops mode: 32-bit

CDS archive(s) not mapped
Compressed class space mapped at: 0x0000000100000000-0x0000000140000000, reserved size: 1073741824
Narrow klass base: 0x0000000000000000, Narrow klass shift: 3, Narrow klass range: 0x140000000

GC Precious Log:
 CPUs: 8 total, 8 available
 Memory: 7810M
 Large Page Support: Disabled
 NUMA Support: Disabled
 Compressed Oops: Enabled (32-bit)
 Heap Region Size: 1M
 Heap Min Capacity: 8M
 Heap Initial Capacity: 124M
 Heap Max Capacity: 1G
 Pre-touch: Disabled
 Parallel Workers: 8
 Concurrent Workers: 2
 Concurrent Refinement Workers: 8
 Periodic GC: Disabled

Heap:
 garbage-first heap   total 71680K, used 22025K [0x00000000c0000000, 0x0000000100000000)
  region size 1024K, 1 young (1024K), 0 survivors (0K)
 Metaspace       used 38385K, committed 38976K, reserved 1114112K
  class space    used 5043K, committed 5248K, reserved 1048576K

Heap Regions: E=young(eden), S=young(survivor), O=old, HS=humongous(starts), HC=humongous(continues), CS=collection set, F=free, OA=open archive, CA=closed archive, TAMS=top-at-mark-start (previous, next)
|   0|0x00000000c0000000, 0x00000000c0100000, 0x00000000c0100000|100%|HS|  |TAMS 0x00000000c0100000, 0x00000000c0000000| Untracked 
|   1|0x00000000c0100000, 0x00000000c0200000, 0x00000000c0200000|100%|HC|  |TAMS 0x00000000c0200000, 0x00000000c0100000| Untracked 
|   2|0x00000000c0200000, 0x00000000c0300000, 0x00000000c0300000|100%|HC|  |TAMS 0x00000000c0300000, 0x00000000c0200000| Untracked 
|   3|0x00000000c0300000, 0x00000000c0400000, 0x00000000c0400000|100%|HC|  |TAMS 0x00000000c0400000, 0x00000000c0300000| Untracked 
|   4|0x00000000c0400000, 0x00000000c04ffc90, 0x00000000c0500000| 99%| O|  |TAMS 0x00000000c04ffc90, 0x00000000c0400000| Untracked 
|   5|0x00000000c0500000, 0x00000000c0600000, 0x00000000c0600000|100%| O|  |TAMS 0x00000000c0600000, 0x00000000c0500000| Untracked 
|   6|0x00000000c0600000, 0x00000000c06ffff8, 0x00000000c0700000| 99%| O|  |TAMS 0x00000000c06ffff8, 0x00000000c0600000| Untracked 
|   7|0x00000000c0700000, 0x00000000c0800000, 0x00000000c0800000|100%| O|  |TAMS 0x00000000c0800000, 0x00000000c0700000| Untracked 
|   8|0x00000000c0800000, 0x00000000c0900000, 0x00000000c0900000|100%| O|  |TAMS 0x00000000c0900000, 0x00000000c0800000| Untracked 
|   9|0x00000000c0900000, 0x00000000c09fdb48, 0x00000000c0a00000| 99%| O|  |TAMS 0x00000000c09fdb48, 0x00000000c0900000| Untracked 
|  10|0x00000000c0a00000, 0x00000000c0affff8, 0x00000000c0b00000| 99%| O|  |TAMS 0x00000000c0affff8, 0x00000000c0a00000| Untracked 
|  11|0x00000000c0b00000, 0x00000000c0c00000, 0x00000000c0c00000|100%| O|  |TAMS 0x00000000c0c00000, 0x00000000c0b00000| Untracked 
|  12|0x00000000c0c00000, 0x00000000c0d00000, 0x00000000c0d00000|100%| O|  |TAMS 0x00000000c0d00000, 0x00000000c0c00000| Untracked 
|  13|0x00000000c0d00000, 0x00000000c0dfffb0, 0x00000000c0e00000| 99%| O|  |TAMS 0x00000000c0dfffb0, 0x00000000c0d00000| Untracked 
|  14|0x00000000c0e00000, 0x00000000c0efffe0, 0x00000000c0f00000| 99%| O|  |TAMS 0x00000000c0efffe0, 0x00000000c0e00000| Untracked 
|  15|0x00000000c0f00000, 0x00000000c0ffffd8, 0x00000000c1000000| 99%| O|  |TAMS 0x00000000c0ffffd8, 0x00000000c0f00000| Untracked 
|  16|0x00000000c1000000, 0x00000000c10ffff0, 0x00000000c1100000| 99%| O|  |TAMS 0x00000000c10ffff0, 0x00000000c1000000| Untracked 
|  17|0x00000000c1100000, 0x00000000c11fffb0, 0x00000000c1200000| 99%| O|  |TAMS 0x00000000c11fffb0, 0x00000000c1100000| Untracked 
|  18|0x00000000c1200000, 0x00000000c12fffe8, 0x00000000c1300000| 99%| O|  |TAMS 0x00000000c12fffe8, 0x00000000c1200000| Untracked 
|  19|0x00000000c1300000, 0x00000000c13fffd8, 0x00000000c1400000| 99%| O|  |TAMS 0x00000000c13fffd8, 0x00000000c1300000| Untracked 
|  20|0x00000000c1400000, 0x00000000c14fd2c8, 0x00000000c1500000| 98%| O|  |TAMS 0x00000000c14fd2c8, 0x00000000c1400000| Untracked 
|  21|0x00000000c1500000, 0x00000000c1587ce8, 0x00000000c1600000| 53%| O|  |TAMS 0x00000000c1500000, 0x00000000c1500000| Untracked 
|  22|0x00000000c1600000, 0x00000000c1600068, 0x00000000c1700000|  0%| O|  |TAMS 0x00000000c1600000, 0x00000000c1600000| Untracked 
|  23|0x00000000c1700000, 0x00000000c1700000, 0x00000000c1800000|  0%| F|  |TAMS 0x00000000c1700000, 0x00000000c1700000| Untracked 
|  24|0x00000000c1800000, 0x00000000c1800000, 0x00000000c1900000|  0%| F|  |TAMS 0x00000000c1800000, 0x00000000c1800000| Untracked 
|  25|0x00000000c1900000, 0x00000000c1900000, 0x00000000c1a00000|  0%| F|  |TAMS 0x00000000c1900000, 0x00000000c1900000| Untracked 
|  26|0x00000000c1a00000, 0x00000000c1a00000, 0x00000000c1b00000|  0%| F|  |TAMS 0x00000000c1a00000, 0x00000000c1a00000| Untracked 
|  27|0x00000000c1b00000, 0x00000000c1b00000, 0x00000000c1c00000|  0%| F|  |TAMS 0x00000000c1b00000, 0x00000000c1b00000| Untracked 
|  28|0x00000000c1c00000, 0x00000000c1c00000, 0x00000000c1d00000|  0%| F|  |TAMS 0x00000000c1c00000, 0x00000000c1c00000| Untracked 
|  29|0x00000000c1d00000, 0x00000000c1d00000, 0x00000000c1e00000|  0%| F|  |TAMS 0x00000000c1d00000, 0x00000000c1d00000| Untracked 
|  30|0x00000000c1e00000, 0x00000000c1e00000, 0x00000000c1f00000|  0%| F|  |TAMS 0x00000000c1e00000, 0x00000000c1e00000| Untracked 
|  31|0x00000000c1f00000, 0x00000000c1f00000, 0x00000000c2000000|  0%| F|  |TAMS 0x00000000c1f00000, 0x00000000c1f00000| Untracked 
|  32|0x00000000c2000000, 0x00000000c2000000, 0x00000000c2100000|  0%| F|  |TAMS 0x00000000c2000000, 0x00000000c2000000| Untracked 
|  33|0x00000000c2100000, 0x00000000c2100000, 0x00000000c2200000|  0%| F|  |TAMS 0x00000000c2100000, 0x00000000c2100000| Untracked 
|  34|0x00000000c2200000, 0x00000000c2200000, 0x00000000c2300000|  0%| F|  |TAMS 0x00000000c2200000, 0x00000000c2200000| Untracked 
|  35|0x00000000c2300000, 0x00000000c2300000, 0x00000000c2400000|  0%| F|  |TAMS 0x00000000c2300000, 0x00000000c2300000| Untracked 
|  36|0x00000000c2400000, 0x00000000c2400000, 0x00000000c2500000|  0%| F|  |TAMS 0x00000000c2400000, 0x00000000c2400000| Untracked 
|  37|0x00000000c2500000, 0x00000000c2500000, 0x00000000c2600000|  0%| F|  |TAMS 0x00000000c2500000, 0x00000000c2500000| Untracked 
|  38|0x00000000c2600000, 0x00000000c2600000, 0x00000000c2700000|  0%| F|  |TAMS 0x00000000c2600000, 0x00000000c2600000| Untracked 
|  39|0x00000000c2700000, 0x00000000c2700000, 0x00000000c2800000|  0%| F|  |TAMS 0x00000000c2700000, 0x00000000c2700000| Untracked 
|  40|0x00000000c2800000, 0x00000000c2800000, 0x00000000c2900000|  0%| F|  |TAMS 0x00000000c2800000, 0x00000000c2800000| Untracked 
|  41|0x00000000c2900000, 0x00000000c2900000, 0x00000000c2a00000|  0%| F|  |TAMS 0x00000000c2900000, 0x00000000c2900000| Untracked 
|  42|0x00000000c2a00000, 0x00000000c2a00000, 0x00000000c2b00000|  0%| F|  |TAMS 0x00000000c2a00000, 0x00000000c2a00000| Untracked 
|  43|0x00000000c2b00000, 0x00000000c2b00000, 0x00000000c2c00000|  0%| F|  |TAMS 0x00000000c2b00000, 0x00000000c2b00000| Untracked 
|  44|0x00000000c2c00000, 0x00000000c2c00000, 0x00000000c2d00000|  0%| F|  |TAMS 0x00000000c2c00000, 0x00000000c2c00000| Untracked 
|  45|0x00000000c2d00000, 0x00000000c2d00000, 0x00000000c2e00000|  0%| F|  |TAMS 0x00000000c2d00000, 0x00000000c2d00000| Untracked 
|  46|0x00000000c2e00000, 0x00000000c2e00000, 0x00000000c2f00000|  0%| F|  |TAMS 0x00000000c2e00000, 0x00000000c2e00000| Untracked 
|  47|0x00000000c2f00000, 0x00000000c2f00000, 0x00000000c3000000|  0%| F|  |TAMS 0x00000000c2f00000, 0x00000000c2f00000| Untracked 
|  48|0x00000000c3000000, 0x00000000c3000000, 0x00000000c3100000|  0%| F|  |TAMS 0x00000000c3000000, 0x00000000c3000000| Untracked 
|  49|0x00000000c3100000, 0x00000000c3100000, 0x00000000c3200000|  0%| F|  |TAMS 0x00000000c3100000, 0x00000000c3100000| Untracked 
|  50|0x00000000c3200000, 0x00000000c3200000, 0x00000000c3300000|  0%| F|  |TAMS 0x00000000c3200000, 0x00000000c3200000| Untracked 
|  51|0x00000000c3300000, 0x00000000c3300000, 0x00000000c3400000|  0%| F|  |TAMS 0x00000000c3300000, 0x00000000c3300000| Untracked 
|  52|0x00000000c3400000, 0x00000000c3400000, 0x00000000c3500000|  0%| F|  |TAMS 0x00000000c3400000, 0x00000000c3400000| Untracked 
|  53|0x00000000c3500000, 0x00000000c3500000, 0x00000000c3600000|  0%| F|  |TAMS 0x00000000c3500000, 0x00000000c3500000| Untracked 
|  54|0x00000000c3600000, 0x00000000c3600000, 0x00000000c3700000|  0%| F|  |TAMS 0x00000000c3600000, 0x00000000c3600000| Untracked 
|  55|0x00000000c3700000, 0x00000000c3700000, 0x00000000c3800000|  0%| F|  |TAMS 0x00000000c3700000, 0x00000000c3700000| Untracked 
|  56|0x00000000c3800000, 0x00000000c3800000, 0x00000000c3900000|  0%| F|  |TAMS 0x00000000c3800000, 0x00000000c3800000| Untracked 
|  57|0x00000000c3900000, 0x00000000c3900000, 0x00000000c3a00000|  0%| F|  |TAMS 0x00000000c3900000, 0x00000000c3900000| Untracked 
|  58|0x00000000c3a00000, 0x00000000c3a00000, 0x00000000c3b00000|  0%| F|  |TAMS 0x00000000c3a00000, 0x00000000c3a00000| Untracked 
|  59|0x00000000c3b00000, 0x00000000c3b00000, 0x00000000c3c00000|  0%| F|  |TAMS 0x00000000c3b00000, 0x00000000c3b00000| Untracked 
|  60|0x00000000c3c00000, 0x00000000c3c00000, 0x00000000c3d00000|  0%| F|  |TAMS 0x00000000c3c00000, 0x00000000c3c00000| Untracked 
|  61|0x00000000c3d00000, 0x00000000c3d00000, 0x00000000c3e00000|  0%| F|  |TAMS 0x00000000c3d00000, 0x00000000c3d00000| Untracked 
|  62|0x00000000c3e00000, 0x00000000c3e00000, 0x00000000c3f00000|  0%| F|  |TAMS 0x00000000c3e00000, 0x00000000c3e00000| Untracked 
|  87|0x00000000c5700000, 0x00000000c5700000, 0x00000000c5800000|  0%| F|  |TAMS 0x00000000c5700000, 0x00000000c5700000| Untracked 
|  88|0x00000000c5800000, 0x00000000c5800000, 0x00000000c5900000|  0%| F|  |TAMS 0x00000000c5800000, 0x00000000c5800000| Untracked 
|  89|0x00000000c5900000, 0x00000000c5900000, 0x00000000c5a00000|  0%| F|  |TAMS 0x00000000c5900000, 0x00000000c5900000| Untracked 
|  90|0x00000000c5a00000, 0x00000000c5a00000, 0x00000000c5b00000|  0%| F|  |TAMS 0x00000000c5a00000, 0x00000000c5a00000| Untracked 
|  91|0x00000000c5b00000, 0x00000000c5b00000, 0x00000000c5c00000|  0%| F|  |TAMS 0x00000000c5b00000, 0x00000000c5b00000| Untracked 
| 122|0x00000000c7a00000, 0x00000000c7a00000, 0x00000000c7b00000|  0%| F|  |TAMS 0x00000000c7a00000, 0x00000000c7a00000| Untracked 
| 123|0x00000000c7b00000, 0x00000000c7b1c880, 0x00000000c7c00000| 11%| E|  |TAMS 0x00000000c7b00000, 0x00000000c7b00000| Complete 

Card table byte_map: [0x000002301b940000,0x000002301bb40000] _byte_map_base: 0x000002301b340000

Marking Bits (Prev, Next): (CMBitMap*) 0x00000230158fcb80, (CMBitMap*) 0x00000230158fcbc0
 Prev Bits: [0x000002301bd40000, 0x000002301cd40000)
 Next Bits: [0x000002301cd40000, 0x000002301dd40000)

Polling page: 0x0000023015030000

Metaspace:

Usage:
  Non-class:     32.56 MB used.
      Class:      4.93 MB used.
       Both:     37.49 MB used.

Virtual space:
  Non-class space:       64.00 MB reserved,      32.94 MB ( 51%) committed,  1 nodes.
      Class space:        1.00 GB reserved,       5.12 MB ( <1%) committed,  1 nodes.
             Both:        1.06 GB reserved,      38.06 MB (  3%) committed. 

Chunk freelists:
   Non-Class:  14.57 MB
       Class:  10.85 MB
        Both:  25.42 MB

MaxMetaspaceSize: unlimited
CompressedClassSpaceSize: 1.00 GB
Initial GC threshold: 21.00 MB
Current GC threshold: 63.44 MB
CDS: off
MetaspaceReclaimPolicy: balanced
 - commit_granule_bytes: 65536.
 - commit_granule_words: 8192.
 - virtual_space_node_default_size: 8388608.
 - enlarge_chunks_in_place: 1.
 - new_chunks_are_fully_committed: 0.
 - uncommit_free_chunks: 1.
 - use_allocation_guard: 0.
 - handle_deallocations: 1.


Internal statistics:

num_allocs_failed_limit: 8.
num_arena_births: 502.
num_arena_deaths: 152.
num_vsnodes_births: 2.
num_vsnodes_deaths: 0.
num_space_committed: 609.
num_space_uncommitted: 0.
num_chunks_returned_to_freelist: 169.
num_chunks_taken_from_freelist: 1631.
num_chunk_merges: 53.
num_chunk_splits: 1137.
num_chunks_enlarged: 870.
num_inconsistent_stats: 0.

CodeCache: size=49152Kb used=6908Kb max_used=7782Kb free=42243Kb
 bounds [0x0000023018510000, 0x0000023018cb0000, 0x000002301b510000]
 total_blobs=4227 nmethods=3686 adapters=468
 compilation: enabled
              stopped_count=0, restarted_count=0
 full_count=0

Compilation events (20 events):
Event: 3061.651 Thread 0x0000023020812f40 3674       1       java.lang.ProcessImpl$2::run (5 bytes)
Event: 3061.651 Thread 0x0000023020812f40 nmethod 3674 0x000002301870b810 code [0x000002301870b9a0, 0x000002301870ba88]
Event: 3061.651 Thread 0x0000023020812f40 3675       1       java.lang.ProcessImpl$2::run (242 bytes)
Event: 3061.652 Thread 0x0000023020812f40 nmethod 3675 0x000002301870a190 code [0x000002301870a440, 0x000002301870b1d8]
Event: 3061.652 Thread 0x0000023020812f40 3676       1       java.io.BufferedOutputStream::<init> (9 bytes)
Event: 3061.652 Thread 0x0000023020812f40 nmethod 3676 0x0000023018709c10 code [0x0000023018709da0, 0x000002301870a078]
Event: 3061.652 Thread 0x0000023020812f40 3677       1       java.lang.ProcessImpl::waitFor (136 bytes)
Event: 3061.652 Thread 0x0000023020812f40 nmethod 3677 0x0000023018709390 code [0x00000230187095a0, 0x00000230187099d8]
Event: 3063.239 Thread 0x0000023020812f40 3679   !   1       java.io.FilterOutputStream::close (183 bytes)
Event: 3063.264 Thread 0x0000023020812f40 nmethod 3679 0x0000023018708610 code [0x0000023018708820, 0x0000023018708cf8]
Event: 3063.264 Thread 0x0000023020812f40 3680   !   1       java.io.FileOutputStream::close (69 bytes)
Event: 3063.266 Thread 0x0000023020812f40 nmethod 3680 0x0000023018707b90 code [0x0000023018707d60, 0x00000230187080d8]
Event: 3063.266 Thread 0x0000023020812f40 3684       1       java.lang.ProcessImpl$$Lambda$722/0x00000001003dd920::run (8 bytes)
Event: 3063.266 Thread 0x0000023020812f40 nmethod 3684 0x0000023018707890 code [0x0000023018707a20, 0x0000023018707b08]
Event: 3063.266 Thread 0x0000023020812f40 3685       1       java.lang.ProcessImpl::lambda$new$0 (6 bytes)
Event: 3063.266 Thread 0x0000023020812f40 nmethod 3685 0x0000023018707590 code [0x0000023018707720, 0x00000230187077e8]
Event: 3063.266 Thread 0x0000023020812f40 3681       1       java.io.FileOutputStream$1::<init> (10 bytes)
Event: 3063.266 Thread 0x0000023020812f40 nmethod 3681 0x0000023018707290 code [0x0000023018707420, 0x0000023018707538]
Event: 3063.266 Thread 0x0000023020812f40 3682       1       java.io.FileOutputStream$1::close (11 bytes)
Event: 3063.266 Thread 0x0000023020812f40 nmethod 3682 0x0000023018706c10 code [0x0000023018706dc0, 0x00000230187070d8]

GC Heap History (20 events):
Event: 11246.156 GC heap before
{Heap before GC invocations=927 (full 918):
 garbage-first heap   total 71680K, used 22025K [0x00000000c0000000, 0x0000000100000000)
  region size 1024K, 1 young (1024K), 0 survivors (0K)
 Metaspace       used 38385K, committed 38976K, reserved 1114112K
  class space    used 5043K, committed 5248K, reserved 1048576K
}
Event: 11246.179 GC heap after
{Heap after GC invocations=928 (full 919):
 garbage-first heap   total 71680K, used 22025K [0x00000000c0000000, 0x0000000100000000)
  region size 1024K, 0 young (0K), 0 survivors (0K)
 Metaspace       used 38385K, committed 38976K, reserved 1114112K
  class space    used 5043K, committed 5248K, reserved 1048576K
}
Event: 11258.748 GC heap before
{Heap before GC invocations=928 (full 919):
 garbage-first heap   total 71680K, used 22025K [0x00000000c0000000, 0x0000000100000000)
  region size 1024K, 1 young (1024K), 0 survivors (0K)
 Metaspace       used 38385K, committed 38976K, reserved 1114112K
  class space    used 5043K, committed 5248K, reserved 1048576K
}
Event: 11258.776 GC heap after
{Heap after GC invocations=929 (full 920):
 garbage-first heap   total 71680K, used 22025K [0x00000000c0000000, 0x0000000100000000)
  region size 1024K, 0 young (0K), 0 survivors (0K)
 Metaspace       used 38385K, committed 38976K, reserved 1114112K
  class space    used 5043K, committed 5248K, reserved 1048576K
}
Event: 11271.920 GC heap before
{Heap before GC invocations=929 (full 920):
 garbage-first heap   total 71680K, used 22025K [0x00000000c0000000, 0x0000000100000000)
  region size 1024K, 1 young (1024K), 0 survivors (0K)
 Metaspace       used 38385K, committed 38976K, reserved 1114112K
  class space    used 5043K, committed 5248K, reserved 1048576K
}
Event: 11271.948 GC heap after
{Heap after GC invocations=930 (full 921):
 garbage-first heap   total 71680K, used 22025K [0x00000000c0000000, 0x0000000100000000)
  region size 1024K, 0 young (0K), 0 survivors (0K)
 Metaspace       used 38385K, committed 38976K, reserved 1114112K
  class space    used 5043K, committed 5248K, reserved 1048576K
}
Event: 11284.488 GC heap before
{Heap before GC invocations=930 (full 921):
 garbage-first heap   total 71680K, used 22025K [0x00000000c0000000, 0x0000000100000000)
  region size 1024K, 1 young (1024K), 0 survivors (0K)
 Metaspace       used 38385K, committed 38976K, reserved 1114112K
  class space    used 5043K, committed 5248K, reserved 1048576K
}
Event: 11284.515 GC heap after
{Heap after GC invocations=931 (full 922):
 garbage-first heap   total 71680K, used 22025K [0x00000000c0000000, 0x0000000100000000)
  region size 1024K, 0 young (0K), 0 survivors (0K)
 Metaspace       used 38385K, committed 38976K, reserved 1114112K
  class space    used 5043K, committed 5248K, reserved 1048576K
}
Event: 11297.207 GC heap before
{Heap before GC invocations=931 (full 922):
 garbage-first heap   total 71680K, used 22025K [0x00000000c0000000, 0x0000000100000000)
  region size 1024K, 1 young (1024K), 0 survivors (0K)
 Metaspace       used 38385K, committed 38976K, reserved 1114112K
  class space    used 5043K, committed 5248K, reserved 1048576K
}
Event: 11297.229 GC heap after
{Heap after GC invocations=932 (full 923):
 garbage-first heap   total 71680K, used 22025K [0x00000000c0000000, 0x0000000100000000)
  region size 1024K, 0 young (0K), 0 survivors (0K)
 Metaspace       used 38385K, committed 38976K, reserved 1114112K
  class space    used 5043K, committed 5248K, reserved 1048576K
}
Event: 11310.239 GC heap before
{Heap before GC invocations=932 (full 923):
 garbage-first heap   total 71680K, used 22025K [0x00000000c0000000, 0x0000000100000000)
  region size 1024K, 1 young (1024K), 0 survivors (0K)
 Metaspace       used 38385K, committed 38976K, reserved 1114112K
  class space    used 5043K, committed 5248K, reserved 1048576K
}
Event: 11310.264 GC heap after
{Heap after GC invocations=933 (full 924):
 garbage-first heap   total 71680K, used 22025K [0x00000000c0000000, 0x0000000100000000)
  region size 1024K, 0 young (0K), 0 survivors (0K)
 Metaspace       used 38385K, committed 38976K, reserved 1114112K
  class space    used 5043K, committed 5248K, reserved 1048576K
}
Event: 11322.921 GC heap before
{Heap before GC invocations=933 (full 924):
 garbage-first heap   total 71680K, used 22025K [0x00000000c0000000, 0x0000000100000000)
  region size 1024K, 1 young (1024K), 0 survivors (0K)
 Metaspace       used 38385K, committed 38976K, reserved 1114112K
  class space    used 5043K, committed 5248K, reserved 1048576K
}
Event: 11322.944 GC heap after
{Heap after GC invocations=934 (full 925):
 garbage-first heap   total 71680K, used 22025K [0x00000000c0000000, 0x0000000100000000)
  region size 1024K, 0 young (0K), 0 survivors (0K)
 Metaspace       used 38385K, committed 38976K, reserved 1114112K
  class space    used 5043K, committed 5248K, reserved 1048576K
}
Event: 11336.087 GC heap before
{Heap before GC invocations=934 (full 925):
 garbage-first heap   total 71680K, used 22025K [0x00000000c0000000, 0x0000000100000000)
  region size 1024K, 1 young (1024K), 0 survivors (0K)
 Metaspace       used 38385K, committed 38976K, reserved 1114112K
  class space    used 5043K, committed 5248K, reserved 1048576K
}
Event: 11336.115 GC heap after
{Heap after GC invocations=935 (full 926):
 garbage-first heap   total 71680K, used 22025K [0x00000000c0000000, 0x0000000100000000)
  region size 1024K, 0 young (0K), 0 survivors (0K)
 Metaspace       used 38385K, committed 38976K, reserved 1114112K
  class space    used 5043K, committed 5248K, reserved 1048576K
}
Event: 11348.632 GC heap before
{Heap before GC invocations=935 (full 926):
 garbage-first heap   total 71680K, used 22025K [0x00000000c0000000, 0x0000000100000000)
  region size 1024K, 1 young (1024K), 0 survivors (0K)
 Metaspace       used 38385K, committed 38976K, reserved 1114112K
  class space    used 5043K, committed 5248K, reserved 1048576K
}
Event: 11348.656 GC heap after
{Heap after GC invocations=936 (full 927):
 garbage-first heap   total 71680K, used 22025K [0x00000000c0000000, 0x0000000100000000)
  region size 1024K, 0 young (0K), 0 survivors (0K)
 Metaspace       used 38385K, committed 38976K, reserved 1114112K
  class space    used 5043K, committed 5248K, reserved 1048576K
}
Event: 11361.173 GC heap before
{Heap before GC invocations=936 (full 927):
 garbage-first heap   total 71680K, used 22025K [0x00000000c0000000, 0x0000000100000000)
  region size 1024K, 1 young (1024K), 0 survivors (0K)
 Metaspace       used 38385K, committed 38976K, reserved 1114112K
  class space    used 5043K, committed 5248K, reserved 1048576K
}
Event: 11361.198 GC heap after
{Heap after GC invocations=937 (full 928):
 garbage-first heap   total 71680K, used 22025K [0x00000000c0000000, 0x0000000100000000)
  region size 1024K, 0 young (0K), 0 survivors (0K)
 Metaspace       used 38385K, committed 38976K, reserved 1114112K
  class space    used 5043K, committed 5248K, reserved 1048576K
}

Dll operation events (8 events):
Event: 0.011 Loaded shared library c:\Users\user\.vscode\extensions\redhat.java-1.26.0-win32-x64\jre\17.0.9-win32-x86_64\bin\java.dll
Event: 0.365 Loaded shared library C:\Users\user\.vscode\extensions\redhat.java-1.26.0-win32-x64\jre\17.0.9-win32-x86_64\bin\net.dll
Event: 0.369 Loaded shared library C:\Users\user\.vscode\extensions\redhat.java-1.26.0-win32-x64\jre\17.0.9-win32-x86_64\bin\nio.dll
Event: 0.393 Loaded shared library C:\Users\user\.vscode\extensions\redhat.java-1.26.0-win32-x64\jre\17.0.9-win32-x86_64\bin\zip.dll
Event: 2.049 Loaded shared library C:\Users\user\.vscode\extensions\redhat.java-1.26.0-win32-x64\jre\17.0.9-win32-x86_64\bin\jimage.dll
Event: 8.175 Loaded shared library c:\Users\user\.vscode\extensions\redhat.java-1.26.0-win32-x64\jre\17.0.9-win32-x86_64\bin\verify.dll
Event: 8.971 Loaded shared library C:\Users\user\.vscode\extensions\redhat.java-1.26.0-win32-x64\jre\17.0.9-win32-x86_64\bin\management.dll
Event: 8.977 Loaded shared library C:\Users\user\.vscode\extensions\redhat.java-1.26.0-win32-x64\jre\17.0.9-win32-x86_64\bin\management_ext.dll

Deoptimization events (6 events):
Event: 5.815 Thread 0x00000230158bfb40 DEOPT PACKING pc=0x0000023018a91899 sp=0x000000cb232fd810
Event: 5.816 Thread 0x00000230158bfb40 DEOPT UNPACKING pc=0x0000023018567143 sp=0x000000cb232fccf0 mode 3
Event: 6.457 Thread 0x00000230158bfb40 DEOPT PACKING pc=0x0000023018b09fd5 sp=0x000000cb232fee50
Event: 6.457 Thread 0x00000230158bfb40 DEOPT UNPACKING pc=0x0000023018567143 sp=0x000000cb232fe2f8 mode 3
Event: 9.923 Thread 0x00000230264911d0 DEOPT PACKING pc=0x0000023018c9b535 sp=0x000000cb252fe250
Event: 9.923 Thread 0x00000230264911d0 DEOPT UNPACKING pc=0x0000023018567143 sp=0x000000cb252fd768 mode 3

Classes unloaded (20 events):
Event: 66.467 Thread 0x00000230207b8d90 Unloading class 0x0000000100094800 'java/lang/invoke/LambdaForm$MH+0x0000000100094800'
Event: 66.467 Thread 0x00000230207b8d90 Unloading class 0x0000000100094400 'java/lang/invoke/LambdaForm$MH+0x0000000100094400'
Event: 66.467 Thread 0x00000230207b8d90 Unloading class 0x000000010008e800 'java/lang/invoke/LambdaForm$MH+0x000000010008e800'
Event: 66.468 Thread 0x00000230207b8d90 Unloading class 0x000000010008e400 'java/lang/invoke/LambdaForm$MH+0x000000010008e400'
Event: 66.468 Thread 0x00000230207b8d90 Unloading class 0x000000010008e000 'java/lang/invoke/LambdaForm$MH+0x000000010008e000'
Event: 66.468 Thread 0x00000230207b8d90 Unloading class 0x000000010008dc00 'java/lang/invoke/LambdaForm$MH+0x000000010008dc00'
Event: 66.468 Thread 0x00000230207b8d90 Unloading class 0x000000010008d800 'java/lang/invoke/LambdaForm$MH+0x000000010008d800'
Event: 66.468 Thread 0x00000230207b8d90 Unloading class 0x000000010008d400 'java/lang/invoke/LambdaForm$MH+0x000000010008d400'
Event: 66.468 Thread 0x00000230207b8d90 Unloading class 0x000000010008cc00 'java/lang/invoke/LambdaForm$MH+0x000000010008cc00'
Event: 66.468 Thread 0x00000230207b8d90 Unloading class 0x000000010008c800 'java/lang/invoke/LambdaForm$MH+0x000000010008c800'
Event: 66.468 Thread 0x00000230207b8d90 Unloading class 0x000000010008c000 'java/lang/invoke/LambdaForm$MH+0x000000010008c000'
Event: 66.468 Thread 0x00000230207b8d90 Unloading class 0x000000010008bc00 'java/lang/invoke/LambdaForm$MH+0x000000010008bc00'
Event: 66.468 Thread 0x00000230207b8d90 Unloading class 0x000000010008ac00 'java/lang/invoke/LambdaForm$MH+0x000000010008ac00'
Event: 66.468 Thread 0x00000230207b8d90 Unloading class 0x000000010008a400 'java/lang/invoke/LambdaForm$MH+0x000000010008a400'
Event: 66.468 Thread 0x00000230207b8d90 Unloading class 0x000000010008a000 'java/lang/invoke/LambdaForm$MH+0x000000010008a000'
Event: 66.468 Thread 0x00000230207b8d90 Unloading class 0x0000000100089c00 'java/lang/invoke/LambdaForm$MH+0x0000000100089c00'
Event: 66.468 Thread 0x00000230207b8d90 Unloading class 0x0000000100089800 'java/lang/invoke/LambdaForm$MH+0x0000000100089800'
Event: 66.468 Thread 0x00000230207b8d90 Unloading class 0x0000000100089400 'java/lang/invoke/LambdaForm$MH+0x0000000100089400'
Event: 66.468 Thread 0x00000230207b8d90 Unloading class 0x0000000100088c00 'java/lang/invoke/LambdaForm$MH+0x0000000100088c00'
Event: 66.468 Thread 0x00000230207b8d90 Unloading class 0x0000000100088400 'java/lang/invoke/LambdaForm$MH+0x0000000100088400'

Classes redefined (0 events):
No events

Internal exceptions (20 events):
Event: 6.857 Thread 0x00000230158bfb40 Exception <a 'java/lang/NoSuchMethodError'{0x00000000c3b4ad68}: 'java.lang.Object java.lang.invoke.DirectMethodHandle$Holder.invokeSpecial(java.lang.Object, java.lang.Object, int, java.lang.Object, java.lang.Object)'> (0x00000000c3b4ad68) 
thrown [s\src\hotspot\share\interpreter\linkResolver.cpp, line 759]
Event: 6.857 Thread 0x00000230158bfb40 Exception <a 'java/lang/NoSuchMethodError'{0x00000000c3b4ea10}: 'java.lang.Object java.lang.invoke.DelegatingMethodHandle$Holder.delegate(java.lang.Object, int, java.lang.Object, java.lang.Object)'> (0x00000000c3b4ea10) 
thrown [s\src\hotspot\share\interpreter\linkResolver.cpp, line 759]
Event: 6.860 Thread 0x00000230158bfb40 Exception <a 'java/lang/NoSuchMethodError'{0x00000000c3b5f898}: 'int java.lang.invoke.Invokers$Holder.linkToTargetMethod(java.lang.Object, java.lang.Object, java.lang.Object)'> (0x00000000c3b5f898) 
thrown [s\src\hotspot\share\interpreter\linkResolver.cpp, line 759]
Event: 7.099 Thread 0x00000230158bfb40 Exception <a 'java/lang/NoSuchMethodError'{0x00000000c37bc660}: 'java.lang.Object java.lang.invoke.DirectMethodHandle$Holder.invokeStaticInit(java.lang.Object, int, int, int, int)'> (0x00000000c37bc660) 
thrown [s\src\hotspot\share\interpreter\linkResolver.cpp, line 759]
Event: 7.268 Thread 0x00000230158bfb40 Exception <a 'java/lang/NoSuchMethodError'{0x00000000c3615cc8}: 'java.lang.Object java.lang.invoke.DirectMethodHandle$Holder.invokeStaticInit(java.lang.Object, java.lang.Object, int, int, int, int)'> (0x00000000c3615cc8) 
thrown [s\src\hotspot\share\interpreter\linkResolver.cpp, line 759]
Event: 7.648 Thread 0x00000230158bfb40 Exception <a 'java/lang/NoSuchMethodError'{0x00000000c2e0d0f8}: 'void java.lang.invoke.DirectMethodHandle$Holder.invokeSpecialIFC(java.lang.Object, java.lang.Object, java.lang.Object)'> (0x00000000c2e0d0f8) 
thrown [s\src\hotspot\share\interpreter\linkResolver.cpp, line 759]
Event: 8.368 Thread 0x00000230158bfb40 Exception <a 'java/lang/NoSuchMethodError'{0x00000000c3689930}: 'int java.lang.invoke.DirectMethodHandle$Holder.invokeStaticInit(java.lang.Object, java.lang.Object, int, java.lang.Object)'> (0x00000000c3689930) 
thrown [s\src\hotspot\share\interpreter\linkResolver.cpp, line 759]
Event: 8.449 Thread 0x00000230158bfb40 Exception <a 'java/lang/NoSuchMethodError'{0x00000000c3598858}: 'void java.lang.invoke.DirectMethodHandle$Holder.invokeSpecial(java.lang.Object, java.lang.Object, java.lang.Object, java.lang.Object, java.lang.Object, java.lang.Object, java.lang.Object)'> (0x00000000c3598858) 
thrown [s\src\hotspot\share\interpreter\linkResolver.cpp, line 759]
Event: 8.627 Thread 0x00000230158bfb40 Exception <a 'java/lang/NoSuchMethodError'{0x00000000c3199a00}: 'java.lang.Object java.lang.invoke.DirectMethodHandle$Holder.invokeInterface(java.lang.Object, java.lang.Object, int)'> (0x00000000c3199a00) 
thrown [s\src\hotspot\share\interpreter\linkResolver.cpp, line 759]
Event: 8.628 Thread 0x00000230158bfb40 Exception <a 'java/lang/IncompatibleClassChangeError'{0x00000000c31acfc8}: Found class java.lang.Object, but interface was expected> (0x00000000c31acfc8) 
thrown [s\src\hotspot\share\interpreter\linkResolver.cpp, line 826]
Event: 8.945 Thread 0x00000230158bfb40 Exception <a 'java/lang/NoSuchMethodError'{0x00000000c7a43a10}: 'java.lang.Object java.lang.invoke.DirectMethodHandle$Holder.newInvokeSpecial(java.lang.Object, java.lang.Object, int, java.lang.Object, java.lang.Object)'> (0x00000000c7a43a10) 
thrown [s\src\hotspot\share\interpreter\linkResolver.cpp, line 759]
Event: 8.946 Thread 0x00000230158bfb40 Exception <a 'java/lang/NoSuchMethodError'{0x00000000c7a56790}: 'java.lang.Object java.lang.invoke.DirectMethodHandle$Holder.invokeSpecial(java.lang.Object, java.lang.Object, int, java.lang.Object, int, java.lang.Object)'> (0x00000000c7a56790) 
thrown [s\src\hotspot\share\interpreter\linkResolver.cpp, line 759]
Event: 8.947 Thread 0x00000230158bfb40 Exception <a 'java/lang/NoSuchMethodError'{0x00000000c7a5e598}: 'java.lang.Object java.lang.invoke.DirectMethodHandle$Holder.newInvokeSpecial(java.lang.Object, java.lang.Object, int, java.lang.Object, int)'> (0x00000000c7a5e598) 
thrown [s\src\hotspot\share\interpreter\linkResolver.cpp, line 759]
Event: 8.947 Thread 0x00000230158bfb40 Exception <a 'java/lang/NoSuchMethodError'{0x00000000c7a62698}: 'java.lang.Object java.lang.invoke.DirectMethodHandle$Holder.invokeSpecial(java.lang.Object, java.lang.Object, java.lang.Object, int, java.lang.Object, int)'> (0x00000000c7a62698) 
thrown [s\src\hotspot\share\interpreter\linkResolver.cpp, line 759]
Event: 9.570 Thread 0x0000023025f7b260 Exception <a 'java/lang/NoSuchMethodError'{0x00000000c3a08c48}: 'java.lang.Object java.lang.invoke.DirectMethodHandle$Holder.invokeStatic(java.lang.Object, java.lang.Object, java.lang.Object, int, java.lang.Object, java.lang.Object)'> (0x00000000c3a08c48) 
thrown [s\src\hotspot\share\interpreter\linkResolver.cpp, line 759]
Event: 9.909 Thread 0x00000230264911d0 Exception <a 'java/lang/NoSuchMethodError'{0x00000000c3bffe70}: 'java.lang.Object java.lang.invoke.DirectMethodHandle$Holder.invokeStatic(java.lang.Object, int, java.lang.Object)'> (0x00000000c3bffe70) 
thrown [s\src\hotspot\share\interpreter\linkResolver.cpp, line 759]
Event: 10.237 Thread 0x00000230263da300 Exception <a 'java/lang/NoSuchMethodError'{0x00000000c35abc38}: 'int java.lang.invoke.DirectMethodHandle$Holder.invokeStatic(java.lang.Object)'> (0x00000000c35abc38) 
thrown [s\src\hotspot\share\interpreter\linkResolver.cpp, line 759]
Event: 10.238 Thread 0x00000230263da300 Exception <a 'java/lang/NoSuchMethodError'{0x00000000c35af038}: 'int java.lang.invoke.DirectMethodHandle$Holder.invokeStaticInit(java.lang.Object)'> (0x00000000c35af038) 
thrown [s\src\hotspot\share\interpreter\linkResolver.cpp, line 759]
Event: 49.676 Thread 0x0000023026336060 Exception <a 'java/lang/NoSuchMethodError'{0x00000000c34024b0}: 'void java.lang.invoke.DirectMethodHandle$Holder.invokeStatic(java.lang.Object, long)'> (0x00000000c34024b0) 
thrown [s\src\hotspot\share\interpreter\linkResolver.cpp, line 759]
Event: 49.751 Thread 0x0000023026336060 Exception <a 'java/lang/NoSuchMethodError'{0x00000000c3407858}: 'java.lang.Object java.lang.invoke.DirectMethodHandle$Holder.newInvokeSpecial(java.lang.Object, long)'> (0x00000000c3407858) 
thrown [s\src\hotspot\share\interpreter\linkResolver.cpp, line 759]

VM Operations (20 events):
Event: 11246.180 Executing VM operation: G1CollectFull done
Event: 11258.748 Executing VM operation: G1CollectFull
Event: 11258.776 Executing VM operation: G1CollectFull done
Event: 11271.920 Executing VM operation: G1CollectFull
Event: 11271.948 Executing VM operation: G1CollectFull done
Event: 11284.487 Executing VM operation: G1CollectFull
Event: 11284.515 Executing VM operation: G1CollectFull done
Event: 11297.207 Executing VM operation: G1CollectFull
Event: 11297.229 Executing VM operation: G1CollectFull done
Event: 11310.238 Executing VM operation: G1CollectFull
Event: 11310.265 Executing VM operation: G1CollectFull done
Event: 11322.921 Executing VM operation: G1CollectFull
Event: 11322.944 Executing VM operation: G1CollectFull done
Event: 11336.087 Executing VM operation: G1CollectFull
Event: 11336.115 Executing VM operation: G1CollectFull done
Event: 11348.632 Executing VM operation: G1CollectFull
Event: 11348.656 Executing VM operation: G1CollectFull done
Event: 11361.173 Executing VM operation: G1CollectFull
Event: 11361.198 Executing VM operation: G1CollectFull done
Event: 11372.384 Executing VM operation: G1CollectFull

Events (20 events):
Event: 10.240 loading class java/util/concurrent/atomic/AtomicLongFieldUpdater
Event: 10.241 loading class java/util/concurrent/atomic/AtomicLongFieldUpdater done
Event: 10.241 loading class java/util/concurrent/atomic/AtomicLongFieldUpdater$CASUpdater
Event: 10.242 loading class java/util/concurrent/atomic/AtomicLongFieldUpdater$CASUpdater done
Event: 10.242 loading class java/util/concurrent/atomic/AtomicLongFieldUpdater$CASUpdater$1
Event: 10.242 loading class java/util/concurrent/atomic/AtomicLongFieldUpdater$CASUpdater$1 done
Event: 15.254 Thread 0x0000023020a25d10 Thread exited: 0x0000023020a25d10
Event: 20.259 Thread 0x0000023020a18fb0 Thread exited: 0x0000023020a18fb0
Event: 49.261 loading class java/lang/ProcessBuilder
Event: 49.397 loading class java/lang/ProcessBuilder done
Event: 49.401 loading class java/lang/ProcessImpl
Event: 49.419 loading class java/lang/ProcessImpl done
Event: 49.779 loading class java/lang/ProcessImpl$2
Event: 49.782 loading class java/lang/ProcessImpl$2 done
Event: 49.800 loading class java/lang/Process$PipeInputStream
Event: 49.808 loading class java/lang/Process$PipeInputStream done
Event: 49.938 loading class jdk/internal/event/ProcessStartEvent
Event: 49.944 loading class jdk/internal/event/ProcessStartEvent done
Event: 53.224 loading class java/io/FileOutputStream$1
Event: 53.231 loading class java/io/FileOutputStream$1 done


Dynamic libraries:
0x00007ff65c040000 - 0x00007ff65c04e000 	c:\Users\user\.vscode\extensions\redhat.java-1.26.0-win32-x64\jre\17.0.9-win32-x86_64\bin\java.exe
0x00007ff859a30000 - 0x00007ff859c47000 	C:\WINDOWS\SYSTEM32\ntdll.dll
0x00007ff8581a0000 - 0x00007ff858264000 	C:\WINDOWS\System32\KERNEL32.DLL
0x00007ff857210000 - 0x00007ff8575b5000 	C:\WINDOWS\System32\KERNELBASE.dll
0x00007ff83f720000 - 0x00007ff83f737000 	c:\Users\user\.vscode\extensions\redhat.java-1.26.0-win32-x64\jre\17.0.9-win32-x86_64\bin\jli.dll
0x00007ff8570f0000 - 0x00007ff857201000 	C:\WINDOWS\System32\ucrtbase.dll
0x00007ff840300000 - 0x00007ff84031b000 	c:\Users\user\.vscode\extensions\redhat.java-1.26.0-win32-x64\jre\17.0.9-win32-x86_64\bin\VCRUNTIME140.dll
0x00007ff858de0000 - 0x00007ff858f8e000 	C:\WINDOWS\System32\USER32.dll
0x00007ff840440000 - 0x00007ff8406d3000 	C:\WINDOWS\WinSxS\amd64_microsoft.windows.common-controls_6595b64144ccf1df_6.0.22621.2506_none_270c5ae97388e100\COMCTL32.dll
0x00007ff856ed0000 - 0x00007ff856ef6000 	C:\WINDOWS\System32\win32u.dll
0x00007ff858350000 - 0x00007ff8583f7000 	C:\WINDOWS\System32\msvcrt.dll
0x00007ff857780000 - 0x00007ff8577a9000 	C:\WINDOWS\System32\GDI32.dll
0x00007ff857660000 - 0x00007ff857779000 	C:\WINDOWS\System32\gdi32full.dll
0x00007ff8575c0000 - 0x00007ff85765a000 	C:\WINDOWS\System32\msvcp_win.dll
0x00007ff858da0000 - 0x00007ff858dd1000 	C:\WINDOWS\System32\IMM32.DLL
0x00007ff82bec0000 - 0x00007ff82bf71000 	C:\Program Files\McAfee\Endpoint Security\Threat Prevention\Ips\EpMPApi.dll
0x00007ff8598d0000 - 0x00007ff8599e7000 	C:\WINDOWS\System32\RPCRT4.dll
0x00007ff859810000 - 0x00007ff8598c1000 	C:\WINDOWS\System32\ADVAPI32.dll
0x00007ff858560000 - 0x00007ff858606000 	C:\WINDOWS\System32\sechost.dll
0x00007ff856da0000 - 0x00007ff856e0c000 	C:\WINDOWS\System32\WINTRUST.dll
0x00007ff856f00000 - 0x00007ff857066000 	C:\WINDOWS\System32\CRYPT32.dll
0x00007ff8564d0000 - 0x00007ff8564e2000 	C:\WINDOWS\SYSTEM32\MSASN1.dll
0x000000006c940000 - 0x000000006c94c000 	C:\Program Files\McAfee\Endpoint Security\Threat Prevention\Ips\EpMPThe.dll
0x00007ff8537d0000 - 0x00007ff85382b000 	C:\Program Files\McAfee\Endpoint Security\Threat Prevention\Ips\HIPHandlers64.dll
0x00007ff858f90000 - 0x00007ff8597e9000 	C:\WINDOWS\System32\SHELL32.dll
0x00007ff858270000 - 0x00007ff8582ce000 	C:\WINDOWS\System32\SHLWAPI.dll
0x00007ff8545c0000 - 0x00007ff8547f3000 	C:\WINDOWS\SYSTEM32\dbghelp.dll
0x00007ff858850000 - 0x00007ff858bd9000 	C:\WINDOWS\System32\combase.dll
0x00007ff857b80000 - 0x00007ff857c57000 	C:\WINDOWS\System32\OLEAUT32.dll
0x00007ff8483c0000 - 0x00007ff8483cc000 	c:\Users\user\.vscode\extensions\redhat.java-1.26.0-win32-x64\jre\17.0.9-win32-x86_64\bin\vcruntime140_1.dll
0x00007ff815740000 - 0x00007ff8157cd000 	c:\Users\user\.vscode\extensions\redhat.java-1.26.0-win32-x64\jre\17.0.9-win32-x86_64\bin\msvcp140.dll
0x00007fffe1da0000 - 0x00007fffe2a01000 	c:\Users\user\.vscode\extensions\redhat.java-1.26.0-win32-x64\jre\17.0.9-win32-x86_64\bin\server\jvm.dll
0x00007ff856c70000 - 0x00007ff856cbd000 	C:\WINDOWS\SYSTEM32\POWRPROF.dll
0x00007ff82e880000 - 0x00007ff82e889000 	C:\WINDOWS\SYSTEM32\WSOCK32.dll
0x00007ff8587d0000 - 0x00007ff858841000 	C:\WINDOWS\System32\WS2_32.dll
0x00007ff836b20000 - 0x00007ff836b2a000 	C:\WINDOWS\SYSTEM32\VERSION.dll
0x00007ff84c550000 - 0x00007ff84c584000 	C:\WINDOWS\SYSTEM32\WINMM.dll
0x00007ff856c50000 - 0x00007ff856c63000 	C:\WINDOWS\SYSTEM32\UMPDC.dll
0x00007ff855da0000 - 0x00007ff855db8000 	C:\WINDOWS\SYSTEM32\kernel.appcore.dll
0x00007ff848170000 - 0x00007ff84817a000 	c:\Users\user\.vscode\extensions\redhat.java-1.26.0-win32-x64\jre\17.0.9-win32-x86_64\bin\jimage.dll
0x00007ff82ff40000 - 0x00007ff82ff72000 	C:\WINDOWS\SYSTEM32\dbgcore.DLL
0x00007ff857070000 - 0x00007ff8570ea000 	C:\WINDOWS\System32\bcryptPrimitives.dll
0x00007ff83d5a0000 - 0x00007ff83d5c5000 	c:\Users\user\.vscode\extensions\redhat.java-1.26.0-win32-x64\jre\17.0.9-win32-x86_64\bin\java.dll
0x00007ff83e2f0000 - 0x00007ff83e308000 	c:\Users\user\.vscode\extensions\redhat.java-1.26.0-win32-x64\jre\17.0.9-win32-x86_64\bin\zip.dll
0x00007ff854cc0000 - 0x00007ff8555b4000 	C:\WINDOWS\SYSTEM32\windows.storage.dll
0x00007ff854b80000 - 0x00007ff854cbe000 	C:\WINDOWS\SYSTEM32\wintypes.dll
0x00007ff8578b0000 - 0x00007ff8579a3000 	C:\WINDOWS\System32\SHCORE.dll
0x00007ff856cd0000 - 0x00007ff856cf6000 	C:\WINDOWS\SYSTEM32\profapi.dll
0x00007ff83a140000 - 0x00007ff83a159000 	C:\Users\user\.vscode\extensions\redhat.java-1.26.0-win32-x64\jre\17.0.9-win32-x86_64\bin\net.dll
0x00007ff84fbd0000 - 0x00007ff84fd07000 	C:\WINDOWS\SYSTEM32\WINHTTP.dll
0x00007ff856220000 - 0x00007ff856289000 	C:\WINDOWS\system32\mswsock.dll
0x00007ff8388b0000 - 0x00007ff8388c6000 	C:\Users\user\.vscode\extensions\redhat.java-1.26.0-win32-x64\jre\17.0.9-win32-x86_64\bin\nio.dll
0x00007ff856470000 - 0x00007ff85648b000 	C:\WINDOWS\SYSTEM32\CRYPTSP.dll
0x00007ff855d00000 - 0x00007ff855d35000 	C:\WINDOWS\system32\rsaenh.dll
0x00007ff856310000 - 0x00007ff85633c000 	C:\WINDOWS\SYSTEM32\USERENV.dll
0x00007ff856660000 - 0x00007ff856688000 	C:\WINDOWS\SYSTEM32\bcrypt.dll
0x00007ff856490000 - 0x00007ff85649c000 	C:\WINDOWS\SYSTEM32\CRYPTBASE.dll
0x00007ff855820000 - 0x00007ff85584d000 	C:\WINDOWS\SYSTEM32\IPHLPAPI.DLL
0x00007ff858550000 - 0x00007ff858559000 	C:\WINDOWS\System32\NSI.dll
0x00007ff84fe30000 - 0x00007ff84fe49000 	C:\WINDOWS\SYSTEM32\dhcpcsvc6.DLL
0x00007ff84fe10000 - 0x00007ff84fe2f000 	C:\WINDOWS\SYSTEM32\dhcpcsvc.DLL
0x00007ff855850000 - 0x00007ff855949000 	C:\WINDOWS\SYSTEM32\DNSAPI.dll
0x00007ff846c80000 - 0x00007ff846c90000 	c:\Users\user\.vscode\extensions\redhat.java-1.26.0-win32-x64\jre\17.0.9-win32-x86_64\bin\verify.dll
0x00007ff848e60000 - 0x00007ff848e69000 	C:\Users\user\.vscode\extensions\redhat.java-1.26.0-win32-x64\jre\17.0.9-win32-x86_64\bin\management.dll
0x00007ff848de0000 - 0x00007ff848deb000 	C:\Users\user\.vscode\extensions\redhat.java-1.26.0-win32-x64\jre\17.0.9-win32-x86_64\bin\management_ext.dll
0x00007ff858190000 - 0x00007ff858198000 	C:\WINDOWS\System32\PSAPI.DLL

dbghelp: loaded successfully - version: 4.0.5 - missing functions: none
symbol engine: initialized successfully - sym options: 0x614 - pdb path: .;c:\Users\user\.vscode\extensions\redhat.java-1.26.0-win32-x64\jre\17.0.9-win32-x86_64\bin;C:\WINDOWS\SYSTEM32;C:\WINDOWS\WinSxS\amd64_microsoft.windows.common-controls_6595b64144ccf1df_6.0.22621.2506_none_270c5ae97388e100;C:\Program Files\McAfee\Endpoint Security\Threat Prevention\Ips;c:\Users\user\.vscode\extensions\redhat.java-1.26.0-win32-x64\jre\17.0.9-win32-x86_64\bin\server

VM Arguments:
jvm_args: -XX:+HeapDumpOnOutOfMemoryError -Xmx1024m -Dsts.lsp.client=vscode -Dsts.log.file=/dev/null -XX:TieredStopAtLevel=1 -Xlog:jni+resolve=off -Dspring.config.location=file:c:\Users\user\.vscode\extensions\vmware.vscode-spring-boot-1.51.0\language-server\BOOT-INF\classes\application.properties 
java_command: org.springframework.ide.vscode.boot.app.BootLanguageServerBootApp
java_class_path (initial): c:\Users\user\.vscode\extensions\vmware.vscode-spring-boot-1.51.0\language-server\BOOT-INF\classes;c:\Users\user\.vscode\extensions\vmware.vscode-spring-boot-1.51.0\language-server\BOOT-INF\lib\annotations-24.1.0.jar;c:\Users\user\.vscode\extensions\vmware.vscode-spring-boot-1.51.0\language-server\BOOT-INF\lib\antlr-runtime-3.5.3.jar;c:\Users\user\.vscode\extensions\vmware.vscode-spring-boot-1.51.0\language-server\BOOT-INF\lib\antlr4-4.11.1.jar;c:\Users\user\.vscode\extensions\vmware.vscode-spring-boot-1.51.0\language-server\BOOT-INF\lib\antlr4-runtime-4.11.1.jar;c:\Users\user\.vscode\extensions\vmware.vscode-spring-boot-1.51.0\language-server\BOOT-INF\lib\asm-9.6.jar;c:\Users\user\.vscode\extensions\vmware.vscode-spring-boot-1.51.0\language-server\BOOT-INF\lib\asm-analysis-9.6.jar;c:\Users\user\.vscode\extensions\vmware.vscode-spring-boot-1.51.0\language-server\BOOT-INF\lib\asm-tree-9.6.jar;c:\Users\user\.vscode\extensions\vmware.vscode-spring-boot-1.51.0\language-server\BOOT-INF\lib\asm-util-9.6.jar;c:\Users\user\.vscode\extensions\vmware.vscode-spring-boot-1.51.0\language-server\BOOT-INF\lib\bosh-language-server-1.51.0-SNAPSHOT.jar;c:\Users\user\.vscode\extensions\vmware.vscode-spring-boot-1.51.0\language-server\BOOT-INF\lib\caffeine-3.1.8.jar;c:\Users\user\.vscode\extensions\vmware.vscode-spring-boot-1.51.0\language-server\BOOT-INF\lib\checker-qual-3.12.0.jar;c:\Users\user\.vscode\extensions\vmware.vscode-spring-boot-1.51.0\language-server\BOOT-INF\lib\classgraph-4.8.149.jar;c:\Users\user\.vscode\extensions\vmware.vscode-spring-boot-1.51.0\language-server\BOOT-INF\lib\commons-codec-1.15.jar;c:\Users\user\.vscode\extensions\vmware.vscode-spring-boot-1.51.0\language-server\BOOT-INF\lib\commons-compress-1.25.0.jar;c:\Users\user\.vscode\extensions\vmware.vscode-spring-boot-1.51.0\language-server\BOOT-INF\lib\commons-io-2.4.jar;c:\Users\user\.vscode\extensions\vmware.vscode-spring-boot-1.51.0\language-server\BOOT-INF\lib\commons-java-1.51
Launcher Type: SUN_STANDARD

[Global flags]
     intx CICompilerCount                          = 4                                         {product} {ergonomic}
     uint ConcGCThreads                            = 2                                         {product} {ergonomic}
     uint G1ConcRefinementThreads                  = 8                                         {product} {ergonomic}
   size_t G1HeapRegionSize                         = 1048576                                   {product} {ergonomic}
    uintx GCDrainStackTargetSize                   = 64                                        {product} {ergonomic}
     bool HeapDumpOnOutOfMemoryError               = true                                   {manageable} {command line}
   size_t InitialHeapSize                          = 130023424                                 {product} {ergonomic}
   size_t MarkStackSize                            = 4194304                                   {product} {ergonomic}
   size_t MaxHeapSize                              = 1073741824                                {product} {command line}
   size_t MaxNewSize                               = 643825664                                 {product} {ergonomic}
   size_t MinHeapDeltaBytes                        = 1048576                                   {product} {ergonomic}
   size_t MinHeapSize                              = 8388608                                   {product} {ergonomic}
    uintx NonProfiledCodeHeapSize                  = 0                                      {pd product} {ergonomic}
     bool ProfileInterpreter                       = false                                  {pd product} {command line}
    uintx ProfiledCodeHeapSize                     = 0                                      {pd product} {ergonomic}
   size_t SoftMaxHeapSize                          = 1073741824                             {manageable} {ergonomic}
     intx TieredStopAtLevel                        = 1                                         {product} {command line}
     bool UseCompressedClassPointers               = true                           {product lp64_product} {ergonomic}
     bool UseCompressedOops                        = true                           {product lp64_product} {ergonomic}
     bool UseG1GC                                  = true                                      {product} {ergonomic}
     bool UseLargePagesIndividualAllocation        = false                                  {pd product} {ergonomic}

Logging:
Log output configuration:
 #0: stdout all=warning,jni+resolve=off uptime,level,tags
 #1: stderr all=off uptime,level,tags

Environment Variables:
JAVA_HOME=C:\Program Files\Java\jdk-11
PATH=C:\Program Files\Python312\Scripts\;C:\Program Files\Python312\;C:\Program Files\Common Files\Oracle\Java\javapath;C:\WINDOWS\system32;C:\WINDOWS;C:\WINDOWS\System32\Wbem;C:\WINDOWS\System32\WindowsPowerShell\v1.0\;C:\WINDOWS\System32\OpenSSH\;C:\Program Files\nodejs\;%JAVA_HOME%\bin;C:\Program Files\Git\cmd;C:\Users\user\AppData\Local\Programs\Python\Python311\Scripts\;C:\Users\user\AppData\Local\Programs\Python\Python311\;C:\Program Files\MySQL\MySQL Shell 8.0\bin\;C:\Users\user\AppData\Local\Microsoft\WindowsApps;C:\Users\user\AppData\Roaming\npm;C:\Users\user\AppData\Local\Programs\Microsoft VS Code\bin;C:\Users\user\AppData\Local\GitHubDesktop\bin
USERNAME=mindcraft
OS=Windows_NT
PROCESSOR_IDENTIFIER=Intel64 Family 6 Model 154 Stepping 4, GenuineIntel
TMP=C:\Users\user\AppData\Local\Temp
TEMP=C:\Users\user\AppData\Local\Temp



Periodic native trim disabled


---------------  S Y S T E M  ---------------

OS:
 Windows 11 , 64 bit Build 22621 (10.0.22621.2506)
OS uptime: 44 days 4:04 hours

CPU: total 8 (initial active 8) (4 cores per cpu, 2 threads per core) family 6 model 154 stepping 4 microcode 0x424, cx8, cmov, fxsr, ht, mmx, 3dnowpref, sse, sse2, sse3, ssse3, sse4.1, sse4.2, popcnt, lzcnt, tsc, tscinvbit, avx, avx2, aes, erms, clmul, bmi1, bmi2, adx, sha, fma, vzeroupper, clflush, clflushopt, clwb
Processor Information for processor 0
  Max Mhz: 1200, Current Mhz: 1200, Mhz Limit: 1200
Processor Information for processor 1
  Max Mhz: 1200, Current Mhz: 1200, Mhz Limit: 1200
Processor Information for processor 2
  Max Mhz: 1200, Current Mhz: 1200, Mhz Limit: 1200
Processor Information for processor 3
  Max Mhz: 1200, Current Mhz: 1200, Mhz Limit: 1200
Processor Information for processor 4
  Max Mhz: 1200, Current Mhz: 700, Mhz Limit: 900
Processor Information for processor 5
  Max Mhz: 1200, Current Mhz: 700, Mhz Limit: 900
Processor Information for processor 6
  Max Mhz: 1200, Current Mhz: 700, Mhz Limit: 900
Processor Information for processor 7
  Max Mhz: 1200, Current Mhz: 700, Mhz Limit: 900

Memory: 4k page, system-wide physical 7810M (279M free)
TotalPageFile size 31362M (AvailPageFile size 19M)
current process WorkingSet (physical memory assigned to process): 42M, peak: 162M
current process commit charge ("private bytes"): 206M, peak: 230M

vm_info: OpenJDK 64-Bit Server VM (17.0.9+9) for windows-amd64 JRE (17.0.9+9), built on Oct 26 2023 14:01:42 by "admin" with MS VC++ 16.10 / 16.11 (VS2019)

END.
