#
# There is insufficient memory for the Java Runtime Environment to continue.
# Native memory allocation (mmap) failed to map 65536 bytes for Failed to commit metaspace.
# Possible reasons:
#   The system is out of physical RAM or swap space
#   The process is running with CompressedOops enabled, and the Java Heap may be blocking the growth of the native heap
# Possible solutions:
#   Reduce memory load on the system
#   Increase physical memory or swap space
#   Check if swap backing store is full
#   Decrease Java heap size (-Xmx/-Xms)
#   Decrease number of Java threads
#   Decrease Java thread stack sizes (-Xss)
#   Set larger code cache with -XX:ReservedCodeCacheSize=
#   JVM is running with Unscaled Compressed Oops mode in which the Java heap is
#     placed in the first 4GB address space. The Java Heap base address is the
#     maximum limit for the native heap growth. Please use -XX:HeapBaseMinAddress
#     to set the Java Heap base and to place the Java Heap above 4GB virtual address.
# This output file may be truncated or incomplete.
#
#  Out of Memory Error (virtualSpaceNode.cpp:110), pid=71164, tid=71648
#
# JRE version: OpenJDK Runtime Environment Temurin-17.0.8.1+1 (17.0.8.1+1) (build 17.0.8.1+1)
# Java VM: OpenJDK 64-Bit Server VM Temurin-17.0.8.1+1 (17.0.8.1+1, mixed mode, emulated-client, tiered, compressed oops, compressed class ptrs, g1 gc, windows-amd64)
# No core dump will be written. Minidumps are not enabled by default on client versions of Windows
#

---------------  S U M M A R Y ------------

Command Line: -XX:+HeapDumpOnOutOfMemoryError -Xmx1024m -Dsts.lsp.client=vscode -Dsts.log.file=/dev/null -XX:TieredStopAtLevel=1 -Xlog:jni+resolve=off -Dspring.config.location=file:c:\Users\user\.vscode\extensions\vmware.vscode-spring-boot-1.50.0\language-server\BOOT-INF\classes\application.properties org.springframework.ide.vscode.boot.app.BootLanguageServerBootApp

Host: 12th Gen Intel(R) Core(TM) i3-1215U, 8 cores, 7G,  Windows 10 , 64 bit Build 19041 (10.0.19041.3570)
Time: Thu Dec 21 17:38:22 2023 India Standard Time elapsed time: 0.432549 seconds (0d 0h 0m 0s)

---------------  T H R E A D  ---------------

Current thread (0x000001e85494e4c0):  JavaThread "main" [_thread_in_vm, id=71648, stack(0x000000dabda00000,0x000000dabdb00000)]

Stack: [0x000000dabda00000,0x000000dabdb00000]
Native frames: (J=compiled Java code, j=interpreted, Vv=VM code, C=native code)
V  [jvm.dll+0x678b0a]
V  [jvm.dll+0x835e84]
V  [jvm.dll+0x83762e]
V  [jvm.dll+0x837c93]
V  [jvm.dll+0x24746f]
V  [jvm.dll+0x831f1b]
V  [jvm.dll+0x61d3c6]
V  [jvm.dll+0x61d42a]
V  [jvm.dll+0x61fc5a]
V  [jvm.dll+0x61dd66]
V  [jvm.dll+0x23b9ff]
V  [jvm.dll+0x627c05]
V  [jvm.dll+0x1eb90b]
V  [jvm.dll+0x1ebe45]
V  [jvm.dll+0x1ec87f]
V  [jvm.dll+0x1e1d21]
V  [jvm.dll+0x53fba0]
V  [jvm.dll+0x1f2607]
V  [jvm.dll+0x7b06ab]
V  [jvm.dll+0x7b1a52]
V  [jvm.dll+0x415e85]
C  [java.dll+0x1a55]

Java frames: (J=compiled Java code, j=interpreted, Vv=VM code)
j  java.lang.ClassLoader.findBootstrapClass(Ljava/lang/String;)Ljava/lang/Class;+0 java.base@17.0.8.1
j  java.lang.ClassLoader.findBootstrapClassOrNull(Ljava/lang/String;)Ljava/lang/Class;+10 java.base@17.0.8.1
j  java.lang.System$2.findBootstrapClassOrNull(Ljava/lang/String;)Ljava/lang/Class;+1 java.base@17.0.8.1
j  jdk.internal.loader.ClassLoaders$BootClassLoader.loadClassOrNull(Ljava/lang/String;Z)Ljava/lang/Class;+4 java.base@17.0.8.1
j  jdk.internal.loader.BuiltinClassLoader.loadClassOrNull(Ljava/lang/String;)Ljava/lang/Class;+3 java.base@17.0.8.1
j  jdk.internal.loader.BuiltinClassLoader.loadClassOrNull(Ljava/lang/String;Z)Ljava/lang/Class;+66 java.base@17.0.8.1
j  jdk.internal.loader.BuiltinClassLoader.loadClass(Ljava/lang/String;Z)Ljava/lang/Class;+3 java.base@17.0.8.1
j  jdk.internal.loader.ClassLoaders$AppClassLoader.loadClass(Ljava/lang/String;Z)Ljava/lang/Class;+36 java.base@17.0.8.1
j  java.lang.ClassLoader.loadClass(Ljava/lang/String;)Ljava/lang/Class;+3 java.base@17.0.8.1
v  ~StubRoutines::call_stub
j  org.springframework.ide.vscode.commons.util.StringUtil.<clinit>()V+3
v  ~StubRoutines::call_stub
j  org.springframework.ide.vscode.commons.util.LogRedirect.bootRedirectToFile(Ljava/lang/String;)V+7
j  org.springframework.ide.vscode.boot.app.BootLanguageServerBootApp.main([Ljava/lang/String;)V+13
v  ~StubRoutines::call_stub

---------------  P R O C E S S  ---------------

Threads class SMR info:
_java_thread_list=0x000001e861e2ad30, length=13, elements={
0x000001e85494e4c0, 0x000001e861ad6bf0, 0x000001e861ad7bb0, 0x000001e861c3c010,
0x000001e861c3d8f0, 0x000001e861c402c0, 0x000001e861c41ba0, 0x000001e861c44480,
0x000001e861c44d90, 0x000001e861e42bb0, 0x000001e861e491a0, 0x000001e861e4d7a0,
0x000001e861e4fc90
}

Java Threads: ( => current thread )
=>0x000001e85494e4c0 JavaThread "main" [_thread_in_vm, id=71648, stack(0x000000dabda00000,0x000000dabdb00000)]
  0x000001e861ad6bf0 JavaThread "Reference Handler" daemon [_thread_blocked, id=76776, stack(0x000000dabe100000,0x000000dabe200000)]
  0x000001e861ad7bb0 JavaThread "Finalizer" daemon [_thread_blocked, id=74536, stack(0x000000dabe200000,0x000000dabe300000)]
  0x000001e861c3c010 JavaThread "Signal Dispatcher" daemon [_thread_blocked, id=77560, stack(0x000000dabe300000,0x000000dabe400000)]
  0x000001e861c3d8f0 JavaThread "Attach Listener" daemon [_thread_blocked, id=72088, stack(0x000000dabe400000,0x000000dabe500000)]
  0x000001e861c402c0 JavaThread "Service Thread" daemon [_thread_blocked, id=71956, stack(0x000000dabe500000,0x000000dabe600000)]
  0x000001e861c41ba0 JavaThread "Monitor Deflation Thread" daemon [_thread_blocked, id=63196, stack(0x000000dabe600000,0x000000dabe700000)]
  0x000001e861c44480 JavaThread "C1 CompilerThread0" daemon [_thread_blocked, id=71264, stack(0x000000dabe700000,0x000000dabe800000)]
  0x000001e861c44d90 JavaThread "Sweeper thread" daemon [_thread_blocked, id=13052, stack(0x000000dabe800000,0x000000dabe900000)]
  0x000001e861e42bb0 JavaThread "C1 CompilerThread1" daemon [_thread_blocked, id=35544, stack(0x000000dabe900000,0x000000dabea00000)]
  0x000001e861e491a0 JavaThread "C1 CompilerThread2" daemon [_thread_blocked, id=71692, stack(0x000000dabea00000,0x000000dabeb00000)]
  0x000001e861e4d7a0 JavaThread "Notification Thread" daemon [_thread_blocked, id=76048, stack(0x000000dabeb00000,0x000000dabec00000)]
  0x000001e861e4fc90 JavaThread "Common-Cleaner" daemon [_thread_blocked, id=54172, stack(0x000000dabed00000,0x000000dabee00000)]

Other Threads:
  0x000001e861acf810 VMThread "VM Thread" [stack: 0x000000dabe000000,0x000000dabe100000] [id=67656]
  0x000001e856e39660 WatcherThread [stack: 0x000000dabec00000,0x000000dabed00000] [id=58872]
  0x000001e856e23ec0 GCTaskThread "GC Thread#0" [stack: 0x000000dabdb00000,0x000000dabdc00000] [id=76344]
  0x000001e856e2de20 ConcurrentGCThread "G1 Main Marker" [stack: 0x000000dabdc00000,0x000000dabdd00000] [id=72724]
  0x000001e856e2f840 ConcurrentGCThread "G1 Conc#0" [stack: 0x000000dabdd00000,0x000000dabde00000] [id=73308]
  0x000001e8619417e0 ConcurrentGCThread "G1 Refine#0" [stack: 0x000000dabde00000,0x000000dabdf00000] [id=77716]
  0x000001e861942110 ConcurrentGCThread "G1 Service" [stack: 0x000000dabdf00000,0x000000dabe000000] [id=77032]

Threads with active compile tasks:

VM state: not at safepoint (normal execution)

VM Mutex/Monitor currently owned by a thread:  ([mutex/lock_event])
[0x000001e8548ae8a0] Metaspace_lock - owner thread: 0x000001e85494e4c0

OutOfMemory and StackOverflow Exception counts:
OutOfMemoryError java_heap_errors=1

Heap address: 0x00000000c0000000, size: 1024 MB, Compressed Oops mode: 32-bit

CDS archive(s) not mapped
Compressed class space mapped at: 0x0000000100000000-0x0000000140000000, reserved size: 1073741824
Narrow klass base: 0x0000000000000000, Narrow klass shift: 3, Narrow klass range: 0x140000000

GC Precious Log:
 CPUs: 8 total, 8 available
 Memory: 7810M
 Large Page Support: Disabled
 NUMA Support: Disabled
 Compressed Oops: Enabled (32-bit)
 Heap Region Size: 1M
 Heap Min Capacity: 8M
 Heap Initial Capacity: 124M
 Heap Max Capacity: 1G
 Pre-touch: Disabled
 Parallel Workers: 8
 Concurrent Workers: 2
 Concurrent Refinement Workers: 8
 Periodic GC: Disabled

Heap:
 garbage-first heap   total 126976K, used 13312K [0x00000000c0000000, 0x0000000100000000)
  region size 1024K, 15 young (15360K), 0 survivors (0K)
 Metaspace       used 5830K, committed 5952K, reserved 1114112K
  class space    used 561K, committed 640K, reserved 1048576K

Heap Regions: E=young(eden), S=young(survivor), O=old, HS=humongous(starts), HC=humongous(continues), CS=collection set, F=free, OA=open archive, CA=closed archive, TAMS=top-at-mark-start (previous, next)
|   0|0x00000000c0000000, 0x00000000c0000000, 0x00000000c0100000|  0%| F|  |TAMS 0x00000000c0000000, 0x00000000c0000000| Untracked 
|   1|0x00000000c0100000, 0x00000000c0100000, 0x00000000c0200000|  0%| F|  |TAMS 0x00000000c0100000, 0x00000000c0100000| Untracked 
|   2|0x00000000c0200000, 0x00000000c0200000, 0x00000000c0300000|  0%| F|  |TAMS 0x00000000c0200000, 0x00000000c0200000| Untracked 
|   3|0x00000000c0300000, 0x00000000c0300000, 0x00000000c0400000|  0%| F|  |TAMS 0x00000000c0300000, 0x00000000c0300000| Untracked 
|   4|0x00000000c0400000, 0x00000000c0400000, 0x00000000c0500000|  0%| F|  |TAMS 0x00000000c0400000, 0x00000000c0400000| Untracked 
|   5|0x00000000c0500000, 0x00000000c0500000, 0x00000000c0600000|  0%| F|  |TAMS 0x00000000c0500000, 0x00000000c0500000| Untracked 
|   6|0x00000000c0600000, 0x00000000c0600000, 0x00000000c0700000|  0%| F|  |TAMS 0x00000000c0600000, 0x00000000c0600000| Untracked 
|   7|0x00000000c0700000, 0x00000000c0700000, 0x00000000c0800000|  0%| F|  |TAMS 0x00000000c0700000, 0x00000000c0700000| Untracked 
|   8|0x00000000c0800000, 0x00000000c0800000, 0x00000000c0900000|  0%| F|  |TAMS 0x00000000c0800000, 0x00000000c0800000| Untracked 
|   9|0x00000000c0900000, 0x00000000c0900000, 0x00000000c0a00000|  0%| F|  |TAMS 0x00000000c0900000, 0x00000000c0900000| Untracked 
|  10|0x00000000c0a00000, 0x00000000c0a00000, 0x00000000c0b00000|  0%| F|  |TAMS 0x00000000c0a00000, 0x00000000c0a00000| Untracked 
|  11|0x00000000c0b00000, 0x00000000c0b00000, 0x00000000c0c00000|  0%| F|  |TAMS 0x00000000c0b00000, 0x00000000c0b00000| Untracked 
|  12|0x00000000c0c00000, 0x00000000c0c00000, 0x00000000c0d00000|  0%| F|  |TAMS 0x00000000c0c00000, 0x00000000c0c00000| Untracked 
|  13|0x00000000c0d00000, 0x00000000c0d00000, 0x00000000c0e00000|  0%| F|  |TAMS 0x00000000c0d00000, 0x00000000c0d00000| Untracked 
|  14|0x00000000c0e00000, 0x00000000c0e00000, 0x00000000c0f00000|  0%| F|  |TAMS 0x00000000c0e00000, 0x00000000c0e00000| Untracked 
|  15|0x00000000c0f00000, 0x00000000c0f00000, 0x00000000c1000000|  0%| F|  |TAMS 0x00000000c0f00000, 0x00000000c0f00000| Untracked 
|  16|0x00000000c1000000, 0x00000000c1000000, 0x00000000c1100000|  0%| F|  |TAMS 0x00000000c1000000, 0x00000000c1000000| Untracked 
|  17|0x00000000c1100000, 0x00000000c1100000, 0x00000000c1200000|  0%| F|  |TAMS 0x00000000c1100000, 0x00000000c1100000| Untracked 
|  18|0x00000000c1200000, 0x00000000c1200000, 0x00000000c1300000|  0%| F|  |TAMS 0x00000000c1200000, 0x00000000c1200000| Untracked 
|  19|0x00000000c1300000, 0x00000000c1300000, 0x00000000c1400000|  0%| F|  |TAMS 0x00000000c1300000, 0x00000000c1300000| Untracked 
|  20|0x00000000c1400000, 0x00000000c1400000, 0x00000000c1500000|  0%| F|  |TAMS 0x00000000c1400000, 0x00000000c1400000| Untracked 
|  21|0x00000000c1500000, 0x00000000c1500000, 0x00000000c1600000|  0%| F|  |TAMS 0x00000000c1500000, 0x00000000c1500000| Untracked 
|  22|0x00000000c1600000, 0x00000000c1600000, 0x00000000c1700000|  0%| F|  |TAMS 0x00000000c1600000, 0x00000000c1600000| Untracked 
|  23|0x00000000c1700000, 0x00000000c1700000, 0x00000000c1800000|  0%| F|  |TAMS 0x00000000c1700000, 0x00000000c1700000| Untracked 
|  24|0x00000000c1800000, 0x00000000c1800000, 0x00000000c1900000|  0%| F|  |TAMS 0x00000000c1800000, 0x00000000c1800000| Untracked 
|  25|0x00000000c1900000, 0x00000000c1900000, 0x00000000c1a00000|  0%| F|  |TAMS 0x00000000c1900000, 0x00000000c1900000| Untracked 
|  26|0x00000000c1a00000, 0x00000000c1a00000, 0x00000000c1b00000|  0%| F|  |TAMS 0x00000000c1a00000, 0x00000000c1a00000| Untracked 
|  27|0x00000000c1b00000, 0x00000000c1b00000, 0x00000000c1c00000|  0%| F|  |TAMS 0x00000000c1b00000, 0x00000000c1b00000| Untracked 
|  28|0x00000000c1c00000, 0x00000000c1c00000, 0x00000000c1d00000|  0%| F|  |TAMS 0x00000000c1c00000, 0x00000000c1c00000| Untracked 
|  29|0x00000000c1d00000, 0x00000000c1d00000, 0x00000000c1e00000|  0%| F|  |TAMS 0x00000000c1d00000, 0x00000000c1d00000| Untracked 
|  30|0x00000000c1e00000, 0x00000000c1e00000, 0x00000000c1f00000|  0%| F|  |TAMS 0x00000000c1e00000, 0x00000000c1e00000| Untracked 
|  31|0x00000000c1f00000, 0x00000000c1f00000, 0x00000000c2000000|  0%| F|  |TAMS 0x00000000c1f00000, 0x00000000c1f00000| Untracked 
|  32|0x00000000c2000000, 0x00000000c2000000, 0x00000000c2100000|  0%| F|  |TAMS 0x00000000c2000000, 0x00000000c2000000| Untracked 
|  33|0x00000000c2100000, 0x00000000c2100000, 0x00000000c2200000|  0%| F|  |TAMS 0x00000000c2100000, 0x00000000c2100000| Untracked 
|  34|0x00000000c2200000, 0x00000000c2200000, 0x00000000c2300000|  0%| F|  |TAMS 0x00000000c2200000, 0x00000000c2200000| Untracked 
|  35|0x00000000c2300000, 0x00000000c2300000, 0x00000000c2400000|  0%| F|  |TAMS 0x00000000c2300000, 0x00000000c2300000| Untracked 
|  36|0x00000000c2400000, 0x00000000c2400000, 0x00000000c2500000|  0%| F|  |TAMS 0x00000000c2400000, 0x00000000c2400000| Untracked 
|  37|0x00000000c2500000, 0x00000000c2500000, 0x00000000c2600000|  0%| F|  |TAMS 0x00000000c2500000, 0x00000000c2500000| Untracked 
|  38|0x00000000c2600000, 0x00000000c2600000, 0x00000000c2700000|  0%| F|  |TAMS 0x00000000c2600000, 0x00000000c2600000| Untracked 
|  39|0x00000000c2700000, 0x00000000c2700000, 0x00000000c2800000|  0%| F|  |TAMS 0x00000000c2700000, 0x00000000c2700000| Untracked 
|  40|0x00000000c2800000, 0x00000000c2800000, 0x00000000c2900000|  0%| F|  |TAMS 0x00000000c2800000, 0x00000000c2800000| Untracked 
|  41|0x00000000c2900000, 0x00000000c2900000, 0x00000000c2a00000|  0%| F|  |TAMS 0x00000000c2900000, 0x00000000c2900000| Untracked 
|  42|0x00000000c2a00000, 0x00000000c2a00000, 0x00000000c2b00000|  0%| F|  |TAMS 0x00000000c2a00000, 0x00000000c2a00000| Untracked 
|  43|0x00000000c2b00000, 0x00000000c2b00000, 0x00000000c2c00000|  0%| F|  |TAMS 0x00000000c2b00000, 0x00000000c2b00000| Untracked 
|  44|0x00000000c2c00000, 0x00000000c2c00000, 0x00000000c2d00000|  0%| F|  |TAMS 0x00000000c2c00000, 0x00000000c2c00000| Untracked 
|  45|0x00000000c2d00000, 0x00000000c2d00000, 0x00000000c2e00000|  0%| F|  |TAMS 0x00000000c2d00000, 0x00000000c2d00000| Untracked 
|  46|0x00000000c2e00000, 0x00000000c2e00000, 0x00000000c2f00000|  0%| F|  |TAMS 0x00000000c2e00000, 0x00000000c2e00000| Untracked 
|  47|0x00000000c2f00000, 0x00000000c2f00000, 0x00000000c3000000|  0%| F|  |TAMS 0x00000000c2f00000, 0x00000000c2f00000| Untracked 
|  48|0x00000000c3000000, 0x00000000c3000000, 0x00000000c3100000|  0%| F|  |TAMS 0x00000000c3000000, 0x00000000c3000000| Untracked 
|  49|0x00000000c3100000, 0x00000000c3100000, 0x00000000c3200000|  0%| F|  |TAMS 0x00000000c3100000, 0x00000000c3100000| Untracked 
|  50|0x00000000c3200000, 0x00000000c3200000, 0x00000000c3300000|  0%| F|  |TAMS 0x00000000c3200000, 0x00000000c3200000| Untracked 
|  51|0x00000000c3300000, 0x00000000c3300000, 0x00000000c3400000|  0%| F|  |TAMS 0x00000000c3300000, 0x00000000c3300000| Untracked 
|  52|0x00000000c3400000, 0x00000000c3400000, 0x00000000c3500000|  0%| F|  |TAMS 0x00000000c3400000, 0x00000000c3400000| Untracked 
|  53|0x00000000c3500000, 0x00000000c3500000, 0x00000000c3600000|  0%| F|  |TAMS 0x00000000c3500000, 0x00000000c3500000| Untracked 
|  54|0x00000000c3600000, 0x00000000c3600000, 0x00000000c3700000|  0%| F|  |TAMS 0x00000000c3600000, 0x00000000c3600000| Untracked 
|  55|0x00000000c3700000, 0x00000000c3700000, 0x00000000c3800000|  0%| F|  |TAMS 0x00000000c3700000, 0x00000000c3700000| Untracked 
|  56|0x00000000c3800000, 0x00000000c3800000, 0x00000000c3900000|  0%| F|  |TAMS 0x00000000c3800000, 0x00000000c3800000| Untracked 
|  57|0x00000000c3900000, 0x00000000c3900000, 0x00000000c3a00000|  0%| F|  |TAMS 0x00000000c3900000, 0x00000000c3900000| Untracked 
|  58|0x00000000c3a00000, 0x00000000c3a00000, 0x00000000c3b00000|  0%| F|  |TAMS 0x00000000c3a00000, 0x00000000c3a00000| Untracked 
|  59|0x00000000c3b00000, 0x00000000c3b00000, 0x00000000c3c00000|  0%| F|  |TAMS 0x00000000c3b00000, 0x00000000c3b00000| Untracked 
|  60|0x00000000c3c00000, 0x00000000c3c00000, 0x00000000c3d00000|  0%| F|  |TAMS 0x00000000c3c00000, 0x00000000c3c00000| Untracked 
|  61|0x00000000c3d00000, 0x00000000c3d00000, 0x00000000c3e00000|  0%| F|  |TAMS 0x00000000c3d00000, 0x00000000c3d00000| Untracked 
|  62|0x00000000c3e00000, 0x00000000c3e00000, 0x00000000c3f00000|  0%| F|  |TAMS 0x00000000c3e00000, 0x00000000c3e00000| Untracked 
|  63|0x00000000c3f00000, 0x00000000c3f00000, 0x00000000c4000000|  0%| F|  |TAMS 0x00000000c3f00000, 0x00000000c3f00000| Untracked 
|  64|0x00000000c4000000, 0x00000000c4000000, 0x00000000c4100000|  0%| F|  |TAMS 0x00000000c4000000, 0x00000000c4000000| Untracked 
|  65|0x00000000c4100000, 0x00000000c4100000, 0x00000000c4200000|  0%| F|  |TAMS 0x00000000c4100000, 0x00000000c4100000| Untracked 
|  66|0x00000000c4200000, 0x00000000c4200000, 0x00000000c4300000|  0%| F|  |TAMS 0x00000000c4200000, 0x00000000c4200000| Untracked 
|  67|0x00000000c4300000, 0x00000000c4300000, 0x00000000c4400000|  0%| F|  |TAMS 0x00000000c4300000, 0x00000000c4300000| Untracked 
|  68|0x00000000c4400000, 0x00000000c4400000, 0x00000000c4500000|  0%| F|  |TAMS 0x00000000c4400000, 0x00000000c4400000| Untracked 
|  69|0x00000000c4500000, 0x00000000c4500000, 0x00000000c4600000|  0%| F|  |TAMS 0x00000000c4500000, 0x00000000c4500000| Untracked 
|  70|0x00000000c4600000, 0x00000000c4600000, 0x00000000c4700000|  0%| F|  |TAMS 0x00000000c4600000, 0x00000000c4600000| Untracked 
|  71|0x00000000c4700000, 0x00000000c4700000, 0x00000000c4800000|  0%| F|  |TAMS 0x00000000c4700000, 0x00000000c4700000| Untracked 
|  72|0x00000000c4800000, 0x00000000c4800000, 0x00000000c4900000|  0%| F|  |TAMS 0x00000000c4800000, 0x00000000c4800000| Untracked 
|  73|0x00000000c4900000, 0x00000000c4900000, 0x00000000c4a00000|  0%| F|  |TAMS 0x00000000c4900000, 0x00000000c4900000| Untracked 
|  74|0x00000000c4a00000, 0x00000000c4a00000, 0x00000000c4b00000|  0%| F|  |TAMS 0x00000000c4a00000, 0x00000000c4a00000| Untracked 
|  75|0x00000000c4b00000, 0x00000000c4b00000, 0x00000000c4c00000|  0%| F|  |TAMS 0x00000000c4b00000, 0x00000000c4b00000| Untracked 
|  76|0x00000000c4c00000, 0x00000000c4c00000, 0x00000000c4d00000|  0%| F|  |TAMS 0x00000000c4c00000, 0x00000000c4c00000| Untracked 
|  77|0x00000000c4d00000, 0x00000000c4d00000, 0x00000000c4e00000|  0%| F|  |TAMS 0x00000000c4d00000, 0x00000000c4d00000| Untracked 
|  78|0x00000000c4e00000, 0x00000000c4e00000, 0x00000000c4f00000|  0%| F|  |TAMS 0x00000000c4e00000, 0x00000000c4e00000| Untracked 
|  79|0x00000000c4f00000, 0x00000000c4f00000, 0x00000000c5000000|  0%| F|  |TAMS 0x00000000c4f00000, 0x00000000c4f00000| Untracked 
|  80|0x00000000c5000000, 0x00000000c5000000, 0x00000000c5100000|  0%| F|  |TAMS 0x00000000c5000000, 0x00000000c5000000| Untracked 
|  81|0x00000000c5100000, 0x00000000c5100000, 0x00000000c5200000|  0%| F|  |TAMS 0x00000000c5100000, 0x00000000c5100000| Untracked 
|  82|0x00000000c5200000, 0x00000000c5200000, 0x00000000c5300000|  0%| F|  |TAMS 0x00000000c5200000, 0x00000000c5200000| Untracked 
|  83|0x00000000c5300000, 0x00000000c5300000, 0x00000000c5400000|  0%| F|  |TAMS 0x00000000c5300000, 0x00000000c5300000| Untracked 
|  84|0x00000000c5400000, 0x00000000c5400000, 0x00000000c5500000|  0%| F|  |TAMS 0x00000000c5400000, 0x00000000c5400000| Untracked 
|  85|0x00000000c5500000, 0x00000000c5500000, 0x00000000c5600000|  0%| F|  |TAMS 0x00000000c5500000, 0x00000000c5500000| Untracked 
|  86|0x00000000c5600000, 0x00000000c5600000, 0x00000000c5700000|  0%| F|  |TAMS 0x00000000c5600000, 0x00000000c5600000| Untracked 
|  87|0x00000000c5700000, 0x00000000c5700000, 0x00000000c5800000|  0%| F|  |TAMS 0x00000000c5700000, 0x00000000c5700000| Untracked 
|  88|0x00000000c5800000, 0x00000000c5800000, 0x00000000c5900000|  0%| F|  |TAMS 0x00000000c5800000, 0x00000000c5800000| Untracked 
|  89|0x00000000c5900000, 0x00000000c5900000, 0x00000000c5a00000|  0%| F|  |TAMS 0x00000000c5900000, 0x00000000c5900000| Untracked 
|  90|0x00000000c5a00000, 0x00000000c5a00000, 0x00000000c5b00000|  0%| F|  |TAMS 0x00000000c5a00000, 0x00000000c5a00000| Untracked 
|  91|0x00000000c5b00000, 0x00000000c5b00000, 0x00000000c5c00000|  0%| F|  |TAMS 0x00000000c5b00000, 0x00000000c5b00000| Untracked 
|  92|0x00000000c5c00000, 0x00000000c5c00000, 0x00000000c5d00000|  0%| F|  |TAMS 0x00000000c5c00000, 0x00000000c5c00000| Untracked 
|  93|0x00000000c5d00000, 0x00000000c5d00000, 0x00000000c5e00000|  0%| F|  |TAMS 0x00000000c5d00000, 0x00000000c5d00000| Untracked 
|  94|0x00000000c5e00000, 0x00000000c5e00000, 0x00000000c5f00000|  0%| F|  |TAMS 0x00000000c5e00000, 0x00000000c5e00000| Untracked 
|  95|0x00000000c5f00000, 0x00000000c5f00000, 0x00000000c6000000|  0%| F|  |TAMS 0x00000000c5f00000, 0x00000000c5f00000| Untracked 
|  96|0x00000000c6000000, 0x00000000c6000000, 0x00000000c6100000|  0%| F|  |TAMS 0x00000000c6000000, 0x00000000c6000000| Untracked 
|  97|0x00000000c6100000, 0x00000000c6100000, 0x00000000c6200000|  0%| F|  |TAMS 0x00000000c6100000, 0x00000000c6100000| Untracked 
|  98|0x00000000c6200000, 0x00000000c6200000, 0x00000000c6300000|  0%| F|  |TAMS 0x00000000c6200000, 0x00000000c6200000| Untracked 
|  99|0x00000000c6300000, 0x00000000c6300000, 0x00000000c6400000|  0%| F|  |TAMS 0x00000000c6300000, 0x00000000c6300000| Untracked 
| 100|0x00000000c6400000, 0x00000000c6400000, 0x00000000c6500000|  0%| F|  |TAMS 0x00000000c6400000, 0x00000000c6400000| Untracked 
| 101|0x00000000c6500000, 0x00000000c6500000, 0x00000000c6600000|  0%| F|  |TAMS 0x00000000c6500000, 0x00000000c6500000| Untracked 
| 102|0x00000000c6600000, 0x00000000c6600000, 0x00000000c6700000|  0%| F|  |TAMS 0x00000000c6600000, 0x00000000c6600000| Untracked 
| 103|0x00000000c6700000, 0x00000000c6700000, 0x00000000c6800000|  0%| F|  |TAMS 0x00000000c6700000, 0x00000000c6700000| Untracked 
| 104|0x00000000c6800000, 0x00000000c6800000, 0x00000000c6900000|  0%| F|  |TAMS 0x00000000c6800000, 0x00000000c6800000| Untracked 
| 105|0x00000000c6900000, 0x00000000c6900000, 0x00000000c6a00000|  0%| F|  |TAMS 0x00000000c6900000, 0x00000000c6900000| Untracked 
| 106|0x00000000c6a00000, 0x00000000c6a00000, 0x00000000c6b00000|  0%| F|  |TAMS 0x00000000c6a00000, 0x00000000c6a00000| Untracked 
| 107|0x00000000c6b00000, 0x00000000c6b00000, 0x00000000c6c00000|  0%| F|  |TAMS 0x00000000c6b00000, 0x00000000c6b00000| Untracked 
| 108|0x00000000c6c00000, 0x00000000c6c00000, 0x00000000c6d00000|  0%| F|  |TAMS 0x00000000c6c00000, 0x00000000c6c00000| Untracked 
| 109|0x00000000c6d00000, 0x00000000c6d764b8, 0x00000000c6e00000| 46%| E|  |TAMS 0x00000000c6d00000, 0x00000000c6d00000| Complete 
| 110|0x00000000c6e00000, 0x00000000c6f00000, 0x00000000c6f00000|100%| E|CS|TAMS 0x00000000c6e00000, 0x00000000c6e00000| Complete 
| 111|0x00000000c6f00000, 0x00000000c7000000, 0x00000000c7000000|100%| E|CS|TAMS 0x00000000c6f00000, 0x00000000c6f00000| Complete 
| 112|0x00000000c7000000, 0x00000000c7100000, 0x00000000c7100000|100%| E|CS|TAMS 0x00000000c7000000, 0x00000000c7000000| Complete 
| 113|0x00000000c7100000, 0x00000000c7200000, 0x00000000c7200000|100%| E|CS|TAMS 0x00000000c7100000, 0x00000000c7100000| Complete 
| 114|0x00000000c7200000, 0x00000000c7300000, 0x00000000c7300000|100%| E|CS|TAMS 0x00000000c7200000, 0x00000000c7200000| Complete 
| 115|0x00000000c7300000, 0x00000000c7400000, 0x00000000c7400000|100%| E|CS|TAMS 0x00000000c7300000, 0x00000000c7300000| Complete 
| 116|0x00000000c7400000, 0x00000000c7500000, 0x00000000c7500000|100%| E|CS|TAMS 0x00000000c7400000, 0x00000000c7400000| Complete 
| 117|0x00000000c7500000, 0x00000000c7600000, 0x00000000c7600000|100%| E|CS|TAMS 0x00000000c7500000, 0x00000000c7500000| Complete 
| 118|0x00000000c7600000, 0x00000000c7700000, 0x00000000c7700000|100%| E|  |TAMS 0x00000000c7600000, 0x00000000c7600000| Complete 
| 119|0x00000000c7700000, 0x00000000c7800000, 0x00000000c7800000|100%| E|CS|TAMS 0x00000000c7700000, 0x00000000c7700000| Complete 
| 120|0x00000000c7800000, 0x00000000c7900000, 0x00000000c7900000|100%| E|CS|TAMS 0x00000000c7800000, 0x00000000c7800000| Complete 
| 121|0x00000000c7900000, 0x00000000c7a00000, 0x00000000c7a00000|100%| E|CS|TAMS 0x00000000c7900000, 0x00000000c7900000| Complete 
| 122|0x00000000c7a00000, 0x00000000c7b00000, 0x00000000c7b00000|100%| E|CS|TAMS 0x00000000c7a00000, 0x00000000c7a00000| Complete 
| 123|0x00000000c7b00000, 0x00000000c7c00000, 0x00000000c7c00000|100%| E|CS|TAMS 0x00000000c7b00000, 0x00000000c7b00000| Complete 

Card table byte_map: [0x000001e85cd20000,0x000001e85cf20000] _byte_map_base: 0x000001e85c720000

Marking Bits (Prev, Next): (CMBitMap*) 0x000001e856e254f0, (CMBitMap*) 0x000001e856e25530
 Prev Bits: [0x000001e85d120000, 0x000001e85e120000)
 Next Bits: [0x000001e85e120000, 0x000001e85f120000)

Polling page: 0x000001e854a00000

Metaspace:

Usage:
  Non-class:      5.15 MB used.
      Class:    561.08 KB used.
       Both:      5.69 MB used.

Virtual space:
  Non-class space:       64.00 MB reserved,       5.19 MB (  8%) committed,  1 nodes.
      Class space:        1.00 GB reserved,     640.00 KB ( <1%) committed,  1 nodes.
             Both:        1.06 GB reserved,       5.81 MB ( <1%) committed. 

Chunk freelists:
   Non-Class:  10.78 MB
       Class:  15.23 MB
        Both:  26.02 MB

MaxMetaspaceSize: unlimited
CompressedClassSpaceSize: 1.00 GB
Initial GC threshold: 21.00 MB
Current GC threshold: 21.00 MB
CDS: off
MetaspaceReclaimPolicy: balanced
 - commit_granule_bytes: 65536.
 - commit_granule_words: 8192.
 - virtual_space_node_default_size: 8388608.
 - enlarge_chunks_in_place: 1.
 - new_chunks_are_fully_committed: 0.
 - uncommit_free_chunks: 1.
 - use_allocation_guard: 0.
 - handle_deallocations: 1.


Internal statistics:

num_allocs_failed_limit: 0.
num_arena_births: 6.
num_arena_deaths: 0.
num_vsnodes_births: 2.
num_vsnodes_deaths: 0.
num_space_committed: 93.
num_space_uncommitted: 0.
num_chunks_returned_to_freelist: 0.
num_chunks_taken_from_freelist: 31.
num_chunk_merges: 0.
num_chunk_splits: 15.
num_chunks_enlarged: 11.
num_inconsistent_stats: 0.

CodeCache: size=49152Kb used=2758Kb max_used=2758Kb free=46393Kb
 bounds [0x000001e859a10000, 0x000001e859cd0000, 0x000001e85ca10000]
 total_blobs=760 nmethods=399 adapters=287
 compilation: enabled
              stopped_count=0, restarted_count=0
 full_count=0

Compilation events (20 events):
Event: 0.417 Thread 0x000001e861e491a0  389       1       java.util.Optional::orElse (16 bytes)
Event: 0.417 Thread 0x000001e861e491a0 nmethod 389 0x000001e859cbe390 code [0x000001e859cbe520, 0x000001e859cbe5f8]
Event: 0.418 Thread 0x000001e861e491a0  390   !   1       java.nio.DirectByteBuffer::get (34 bytes)
Event: 0.418 Thread 0x000001e861c44480  391       1       java.nio.DirectByteBuffer::ix (10 bytes)
Event: 0.418 Thread 0x000001e861e42bb0  392   !   1       jdk.internal.misc.ScopedMemoryAccess::getByte (20 bytes)
Event: 0.418 Thread 0x000001e861c44480 nmethod 391 0x000001e859cbed90 code [0x000001e859cbef20, 0x000001e859cbeff8]
Event: 0.418 Thread 0x000001e861c44480  393   !   1       jdk.internal.misc.ScopedMemoryAccess::getByteInternal (36 bytes)
Event: 0.418 Thread 0x000001e861e42bb0 nmethod 392 0x000001e859cbf090 code [0x000001e859cbf240, 0x000001e859cbf458]
Event: 0.418 Thread 0x000001e861c44480 nmethod 393 0x000001e859cbf590 code [0x000001e859cbf720, 0x000001e859cbf868]
Event: 0.418 Thread 0x000001e861e491a0 nmethod 390 0x000001e859cbf910 code [0x000001e859cbfae0, 0x000001e859cbfdc8]
Event: 0.419 Thread 0x000001e861e42bb0  395       1       jdk.internal.jimage.ImageStringsReader::unmaskedHashCode (166 bytes)
Event: 0.419 Thread 0x000001e861e42bb0 nmethod 395 0x000001e859cc0090 code [0x000001e859cc0260, 0x000001e859cc0738]
Event: 0.421 Thread 0x000001e861e491a0  396       1       java.lang.String::toCharArray (25 bytes)
Event: 0.421 Thread 0x000001e861e491a0 nmethod 396 0x000001e859cc0b10 code [0x000001e859cc0cc0, 0x000001e859cc0f78]
Event: 0.426 Thread 0x000001e861c44480  397       1       java.nio.ByteBuffer::position (8 bytes)
Event: 0.426 Thread 0x000001e861c44480 nmethod 397 0x000001e859cc1090 code [0x000001e859cc1220, 0x000001e859cc1308]
Event: 0.427 Thread 0x000001e861e491a0  398       1       java.security.CodeSource::getLocationNoFragString (5 bytes)
Event: 0.428 Thread 0x000001e861e491a0 nmethod 398 0x000001e859cc1390 code [0x000001e859cc1520, 0x000001e859cc15f8]
Event: 0.429 Thread 0x000001e861e491a0  399       1       java.util.Arrays::copyOf (19 bytes)
Event: 0.429 Thread 0x000001e861e491a0 nmethod 399 0x000001e859cc1690 code [0x000001e859cc1820, 0x000001e859cc1a08]

GC Heap History (0 events):
No events

Dll operation events (5 events):
Event: 0.011 Loaded shared library c:\Users\user\.vscode\extensions\redhat.java-1.24.0-win32-x64\jre\17.0.8.1-win32-x86_64\bin\java.dll
Event: 0.217 Loaded shared library C:\Users\user\.vscode\extensions\redhat.java-1.24.0-win32-x64\jre\17.0.8.1-win32-x86_64\bin\net.dll
Event: 0.220 Loaded shared library C:\Users\user\.vscode\extensions\redhat.java-1.24.0-win32-x64\jre\17.0.8.1-win32-x86_64\bin\nio.dll
Event: 0.227 Loaded shared library C:\Users\user\.vscode\extensions\redhat.java-1.24.0-win32-x64\jre\17.0.8.1-win32-x86_64\bin\zip.dll
Event: 0.416 Loaded shared library C:\Users\user\.vscode\extensions\redhat.java-1.24.0-win32-x64\jre\17.0.8.1-win32-x86_64\bin\jimage.dll

Deoptimization events (0 events):
No events

Classes unloaded (0 events):
No events

Classes redefined (0 events):
No events

Internal exceptions (1 events):
Event: 0.426 Thread 0x000001e85494e4c0 Exception <a 'java/lang/OutOfMemoryError'{0x00000000c6ef7510}> (0x00000000c6ef7510) 
thrown [s\src\hotspot\share\prims\jni.cpp, line 535]

VM Operations (4 events):
Event: 0.229 Executing VM operation: HandshakeAllThreads
Event: 0.229 Executing VM operation: HandshakeAllThreads done
Event: 0.408 Executing VM operation: HandshakeAllThreads
Event: 0.408 Executing VM operation: HandshakeAllThreads done

Events (20 events):
Event: 0.417 loading class jdk/internal/jimage/ImageStrings
Event: 0.417 loading class jdk/internal/jimage/ImageStrings done
Event: 0.417 loading class jdk/internal/jimage/ImageStringsReader done
Event: 0.417 loading class jdk/internal/jimage/decompressor/Decompressor
Event: 0.417 loading class jdk/internal/jimage/decompressor/Decompressor done
Event: 0.417 loading class jdk/internal/jimage/ImageLocation
Event: 0.417 loading class jdk/internal/jimage/ImageLocation done
Event: 0.418 loading class java/util/Collections$EmptyIterator
Event: 0.418 loading class java/util/Collections$EmptyIterator done
Event: 0.418 loading class java/util/Collections$EmptyEnumeration
Event: 0.418 loading class java/util/Collections$EmptyEnumeration done
Event: 0.418 loading class jdk/internal/loader/BuiltinClassLoader$1
Event: 0.418 loading class jdk/internal/loader/BuiltinClassLoader$1 done
Event: 0.418 loading class java/lang/CompoundEnumeration
Event: 0.418 loading class java/lang/CompoundEnumeration done
Event: 0.419 loading class jdk/internal/loader/URLClassPath$1
Event: 0.419 loading class jdk/internal/loader/URLClassPath$1 done
Event: 0.426 loading class java/util/zip/DataFormatException
Event: 0.426 loading class java/util/zip/DataFormatException done
Event: 0.430 loading class java/util/regex/Pattern


Dynamic libraries:
0x00007ff7b6860000 - 0x00007ff7b686e000 	c:\Users\user\.vscode\extensions\redhat.java-1.24.0-win32-x64\jre\17.0.8.1-win32-x86_64\bin\java.exe
0x00007ff8a33f0000 - 0x00007ff8a35e7000 	C:\Windows\SYSTEM32\ntdll.dll
0x00007ff8a32f0000 - 0x00007ff8a33ad000 	C:\Windows\System32\KERNEL32.DLL
0x00007ff8a10e0000 - 0x00007ff8a13d6000 	C:\Windows\System32\KERNELBASE.dll
0x00007ff89dc00000 - 0x00007ff89dc90000 	C:\Windows\SYSTEM32\apphelp.dll
0x00007ff8a0c70000 - 0x00007ff8a0d70000 	C:\Windows\System32\ucrtbase.dll
0x00007ff879060000 - 0x00007ff879079000 	c:\Users\user\.vscode\extensions\redhat.java-1.24.0-win32-x64\jre\17.0.8.1-win32-x86_64\bin\VCRUNTIME140.dll
0x00007ff878aa0000 - 0x00007ff878ab7000 	c:\Users\user\.vscode\extensions\redhat.java-1.24.0-win32-x64\jre\17.0.8.1-win32-x86_64\bin\jli.dll
0x00007ff8a2c10000 - 0x00007ff8a2dae000 	C:\Windows\System32\USER32.dll
0x00007ff885ff0000 - 0x00007ff88628a000 	C:\Windows\WinSxS\amd64_microsoft.windows.common-controls_6595b64144ccf1df_6.0.19041.3570_none_60bb2a3971f3e41a\COMCTL32.dll
0x00007ff8a0ad0000 - 0x00007ff8a0af2000 	C:\Windows\System32\win32u.dll
0x00007ff8a2520000 - 0x00007ff8a25be000 	C:\Windows\System32\msvcrt.dll
0x00007ff8a2a30000 - 0x00007ff8a2a5c000 	C:\Windows\System32\GDI32.dll
0x00007ff8a0ed0000 - 0x00007ff8a0fea000 	C:\Windows\System32\gdi32full.dll
0x00007ff8a1040000 - 0x00007ff8a10dd000 	C:\Windows\System32\msvcp_win.dll
0x00007ff8a32c0000 - 0x00007ff8a32f0000 	C:\Windows\System32\IMM32.DLL
0x00007ff86a340000 - 0x00007ff86a3f1000 	C:\Program Files\McAfee\Endpoint Security\Threat Prevention\Ips\EpMPApi.dll
0x00007ff8a23f0000 - 0x00007ff8a2516000 	C:\Windows\System32\RPCRT4.dll
0x00007ff8a31b0000 - 0x00007ff8a325e000 	C:\Windows\System32\ADVAPI32.dll
0x00007ff8a2f60000 - 0x00007ff8a2ffc000 	C:\Windows\System32\sechost.dll
0x00007ff8a13e0000 - 0x00007ff8a1447000 	C:\Windows\System32\WINTRUST.dll
0x00007ff8a0d70000 - 0x00007ff8a0ecd000 	C:\Windows\System32\CRYPT32.dll
0x00007ff8a0630000 - 0x00007ff8a0642000 	C:\Windows\SYSTEM32\MSASN1.dll
0x0000000050d50000 - 0x0000000050d5c000 	C:\Program Files\McAfee\Endpoint Security\Threat Prevention\Ips\EpMPThe.dll
0x00007ff88a300000 - 0x00007ff88a35b000 	C:\Program Files\McAfee\Endpoint Security\Threat Prevention\Ips\HIPHandlers64.dll
0x00007ff8a16a0000 - 0x00007ff8a1de4000 	C:\Windows\System32\SHELL32.dll
0x00007ff8a2390000 - 0x00007ff8a23e5000 	C:\Windows\System32\SHLWAPI.dll
0x00007ff89e840000 - 0x00007ff89ea24000 	C:\Windows\SYSTEM32\dbghelp.dll
0x00007ff898340000 - 0x00007ff89834c000 	c:\Users\user\.vscode\extensions\redhat.java-1.24.0-win32-x64\jre\17.0.8.1-win32-x86_64\bin\vcruntime140_1.dll
0x00007ff85fbf0000 - 0x00007ff85fc81000 	c:\Users\user\.vscode\extensions\redhat.java-1.24.0-win32-x64\jre\17.0.8.1-win32-x86_64\bin\msvcp140.dll
0x00007ff841250000 - 0x00007ff841e9c000 	c:\Users\user\.vscode\extensions\redhat.java-1.24.0-win32-x64\jre\17.0.8.1-win32-x86_64\bin\server\jvm.dll
0x00007ff891a90000 - 0x00007ff891ab7000 	C:\Windows\SYSTEM32\WINMM.dll
0x00007ff879e00000 - 0x00007ff879e09000 	C:\Windows\SYSTEM32\WSOCK32.dll
0x00007ff8a2a60000 - 0x00007ff8a2acb000 	C:\Windows\System32\WS2_32.dll
0x00007ff889110000 - 0x00007ff88911a000 	C:\Windows\SYSTEM32\VERSION.dll
0x00007ff8a0880000 - 0x00007ff8a08cb000 	C:\Windows\SYSTEM32\POWRPROF.dll
0x00007ff8a0860000 - 0x00007ff8a0872000 	C:\Windows\SYSTEM32\UMPDC.dll
0x00007ff89f300000 - 0x00007ff89f312000 	C:\Windows\SYSTEM32\kernel.appcore.dll
0x00007ff898010000 - 0x00007ff89801a000 	c:\Users\user\.vscode\extensions\redhat.java-1.24.0-win32-x64\jre\17.0.8.1-win32-x86_64\bin\jimage.dll
0x00007ff8846f0000 - 0x00007ff884724000 	C:\Windows\SYSTEM32\dbgcore.DLL
0x00007ff8a0bb0000 - 0x00007ff8a0c32000 	C:\Windows\System32\bcryptPrimitives.dll
0x00007ff873950000 - 0x00007ff873975000 	c:\Users\user\.vscode\extensions\redhat.java-1.24.0-win32-x64\jre\17.0.8.1-win32-x86_64\bin\java.dll
0x00007ff873ca0000 - 0x00007ff873cb8000 	c:\Users\user\.vscode\extensions\redhat.java-1.24.0-win32-x64\jre\17.0.8.1-win32-x86_64\bin\zip.dll
0x00007ff89eb50000 - 0x00007ff89f2eb000 	C:\Windows\SYSTEM32\windows.storage.dll
0x00007ff8a1eb0000 - 0x00007ff8a2204000 	C:\Windows\System32\combase.dll
0x00007ff8a04a0000 - 0x00007ff8a04cd000 	C:\Windows\SYSTEM32\Wldp.dll
0x00007ff8a15c0000 - 0x00007ff8a166d000 	C:\Windows\System32\SHCORE.dll
0x00007ff8a0a00000 - 0x00007ff8a0a25000 	C:\Windows\SYSTEM32\profapi.dll
0x00007ff86db40000 - 0x00007ff86db59000 	C:\Users\user\.vscode\extensions\redhat.java-1.24.0-win32-x64\jre\17.0.8.1-win32-x86_64\bin\net.dll
0x00007ff89b730000 - 0x00007ff89b83a000 	C:\Windows\SYSTEM32\WINHTTP.dll
0x00007ff8a01f0000 - 0x00007ff8a025a000 	C:\Windows\system32\mswsock.dll
0x00007ff86db20000 - 0x00007ff86db35000 	C:\Users\user\.vscode\extensions\redhat.java-1.24.0-win32-x64\jre\17.0.8.1-win32-x86_64\bin\nio.dll

dbghelp: loaded successfully - version: 4.0.5 - missing functions: none
symbol engine: initialized successfully - sym options: 0x614 - pdb path: .;c:\Users\user\.vscode\extensions\redhat.java-1.24.0-win32-x64\jre\17.0.8.1-win32-x86_64\bin;C:\Windows\SYSTEM32;C:\Windows\WinSxS\amd64_microsoft.windows.common-controls_6595b64144ccf1df_6.0.19041.3570_none_60bb2a3971f3e41a;C:\Program Files\McAfee\Endpoint Security\Threat Prevention\Ips;c:\Users\user\.vscode\extensions\redhat.java-1.24.0-win32-x64\jre\17.0.8.1-win32-x86_64\bin\server

VM Arguments:
jvm_args: -XX:+HeapDumpOnOutOfMemoryError -Xmx1024m -Dsts.lsp.client=vscode -Dsts.log.file=/dev/null -XX:TieredStopAtLevel=1 -Xlog:jni+resolve=off -Dspring.config.location=file:c:\Users\user\.vscode\extensions\vmware.vscode-spring-boot-1.50.0\language-server\BOOT-INF\classes\application.properties 
java_command: org.springframework.ide.vscode.boot.app.BootLanguageServerBootApp
java_class_path (initial): c:\Users\user\.vscode\extensions\vmware.vscode-spring-boot-1.50.0\language-server\BOOT-INF\classes;c:\Users\user\.vscode\extensions\vmware.vscode-spring-boot-1.50.0\language-server\BOOT-INF\lib\annotations-24.0.1.jar;c:\Users\user\.vscode\extensions\vmware.vscode-spring-boot-1.50.0\language-server\BOOT-INF\lib\antlr-runtime-3.5.3.jar;c:\Users\user\.vscode\extensions\vmware.vscode-spring-boot-1.50.0\language-server\BOOT-INF\lib\antlr4-4.11.1.jar;c:\Users\user\.vscode\extensions\vmware.vscode-spring-boot-1.50.0\language-server\BOOT-INF\lib\antlr4-runtime-4.11.1.jar;c:\Users\user\.vscode\extensions\vmware.vscode-spring-boot-1.50.0\language-server\BOOT-INF\lib\archunit-1.1.0.jar;c:\Users\user\.vscode\extensions\vmware.vscode-spring-boot-1.50.0\language-server\BOOT-INF\lib\asm-9.5.jar;c:\Users\user\.vscode\extensions\vmware.vscode-spring-boot-1.50.0\language-server\BOOT-INF\lib\asm-analysis-9.5.jar;c:\Users\user\.vscode\extensions\vmware.vscode-spring-boot-1.50.0\language-server\BOOT-INF\lib\asm-tree-9.5.jar;c:\Users\user\.vscode\extensions\vmware.vscode-spring-boot-1.50.0\language-server\BOOT-INF\lib\asm-util-9.5.jar;c:\Users\user\.vscode\extensions\vmware.vscode-spring-boot-1.50.0\language-server\BOOT-INF\lib\bosh-language-server-1.50.0-SNAPSHOT.jar;c:\Users\user\.vscode\extensions\vmware.vscode-spring-boot-1.50.0\language-server\BOOT-INF\lib\caffeine-3.1.8.jar;c:\Users\user\.vscode\extensions\vmware.vscode-spring-boot-1.50.0\language-server\BOOT-INF\lib\checker-qual-3.12.0.jar;c:\Users\user\.vscode\extensions\vmware.vscode-spring-boot-1.50.0\language-server\BOOT-INF\lib\classgraph-4.8.149.jar;c:\Users\user\.vscode\extensions\vmware.vscode-spring-boot-1.50.0\language-server\BOOT-INF\lib\commons-codec-1.15.jar;c:\Users\user\.vscode\extensions\vmware.vscode-spring-boot-1.50.0\language-server\BOOT-INF\lib\commons-compress-1.24.0.jar;c:\Users\user\.vscode\extensions\vmware.vscode-spring-boot-1.50.0\language-server\BOOT-INF\lib\commons-io-2.4.ja
Launcher Type: SUN_STANDARD

[Global flags]
     intx CICompilerCount                          = 4                                         {product} {ergonomic}
     uint ConcGCThreads                            = 2                                         {product} {ergonomic}
     uint G1ConcRefinementThreads                  = 8                                         {product} {ergonomic}
   size_t G1HeapRegionSize                         = 1048576                                   {product} {ergonomic}
    uintx GCDrainStackTargetSize                   = 64                                        {product} {ergonomic}
     bool HeapDumpOnOutOfMemoryError               = true                                   {manageable} {command line}
   size_t InitialHeapSize                          = 130023424                                 {product} {ergonomic}
   size_t MarkStackSize                            = 4194304                                   {product} {ergonomic}
   size_t MaxHeapSize                              = 1073741824                                {product} {command line}
   size_t MaxNewSize                               = 643825664                                 {product} {ergonomic}
   size_t MinHeapDeltaBytes                        = 1048576                                   {product} {ergonomic}
   size_t MinHeapSize                              = 8388608                                   {product} {ergonomic}
    uintx NonProfiledCodeHeapSize                  = 0                                      {pd product} {ergonomic}
     bool ProfileInterpreter                       = false                                  {pd product} {command line}
    uintx ProfiledCodeHeapSize                     = 0                                      {pd product} {ergonomic}
   size_t SoftMaxHeapSize                          = 1073741824                             {manageable} {ergonomic}
     intx TieredStopAtLevel                        = 1                                         {product} {command line}
     bool UseCompressedClassPointers               = true                           {product lp64_product} {ergonomic}
     bool UseCompressedOops                        = true                           {product lp64_product} {ergonomic}
     bool UseG1GC                                  = true                                      {product} {ergonomic}
     bool UseLargePagesIndividualAllocation        = false                                  {pd product} {ergonomic}

Logging:
Log output configuration:
 #0: stdout all=warning,jni+resolve=off uptime,level,tags
 #1: stderr all=off uptime,level,tags

Environment Variables:
JAVA_HOME=C:\Program Files\Java\jdk-11
PATH=C:\app\mindcraft\product\21c\dbhomeXE\bin;C:\Program Files\Common Files\Oracle\Java\javapath;C:\Python311\Scripts\;C:\Python311\;%JAVA_HOME%\bin;C:\Windows\system32;C:\Windows;C:\Windows\System32\Wbem;C:\Windows\System32\WindowsPowerShell\v1.0\;C:\Windows\System32\OpenSSH\;C:\Program Files\nodejs\;C:\ProgramData\chocolatey\bin;C:\Program Files\Git\cmd;C:\Program Files\MySQL\MySQL Shell 8.0\bin\;C:\Users\user\AppData\Local\Microsoft\WindowsApps;C:\Users\user\AppData\Local\Programs\Microsoft VS Code\bin;C:\Users\user\AppData\Roaming\npm;C:\Users\user\AppData\Local\GitHubDesktop\bin
USERNAME=mindcraft
OS=Windows_NT
PROCESSOR_IDENTIFIER=Intel64 Family 6 Model 154 Stepping 4, GenuineIntel
TMP=C:\Users\user\AppData\Local\Temp
TEMP=C:\Users\user\AppData\Local\Temp



---------------  S Y S T E M  ---------------

OS:
 Windows 10 , 64 bit Build 19041 (10.0.19041.3570)
OS uptime: 27 days 4:25 hours

CPU: total 8 (initial active 8) (4 cores per cpu, 2 threads per core) family 6 model 154 stepping 4 microcode 0x424, cx8, cmov, fxsr, ht, mmx, 3dnowpref, sse, sse2, sse3, ssse3, sse4.1, sse4.2, popcnt, lzcnt, tsc, tscinvbit, avx, avx2, aes, erms, clmul, bmi1, bmi2, adx, sha, fma, vzeroupper, clflush, clflushopt, clwb
Processor Information for processor 0
  Max Mhz: 1200, Current Mhz: 1200, Mhz Limit: 900
Processor Information for processor 1
  Max Mhz: 1200, Current Mhz: 1200, Mhz Limit: 900
Processor Information for processor 2
  Max Mhz: 1200, Current Mhz: 1200, Mhz Limit: 1200
Processor Information for processor 3
  Max Mhz: 1200, Current Mhz: 1200, Mhz Limit: 1200
Processor Information for processor 4
  Max Mhz: 1200, Current Mhz: 900, Mhz Limit: 900
Processor Information for processor 5
  Max Mhz: 1200, Current Mhz: 900, Mhz Limit: 900
Processor Information for processor 6
  Max Mhz: 1200, Current Mhz: 900, Mhz Limit: 900
Processor Information for processor 7
  Max Mhz: 1200, Current Mhz: 900, Mhz Limit: 900

Memory: 4k page, system-wide physical 7810M (521M free)
TotalPageFile size 31362M (AvailPageFile size 0M)
current process WorkingSet (physical memory assigned to process): 48M, peak: 48M
current process commit charge ("private bytes"): 203M, peak: 203M

vm_info: OpenJDK 64-Bit Server VM (17.0.8.1+1) for windows-amd64 JRE (17.0.8.1+1), built on Aug 23 2023 15:29:17 by "admin" with MS VC++ 16.7 (VS2019)

END.
