#
# There is insufficient memory for the Java Runtime Environment to continue.
# Native memory allocation (malloc) failed to allocate 666352 bytes for Chunk::new
# Possible reasons:
#   The system is out of physical RAM or swap space
#   The process is running with CompressedOops enabled, and the Java Heap may be blocking the growth of the native heap
# Possible solutions:
#   Reduce memory load on the system
#   Increase physical memory or swap space
#   Check if swap backing store is full
#   Decrease Java heap size (-Xmx/-Xms)
#   Decrease number of Java threads
#   Decrease Java thread stack sizes (-Xss)
#   Set larger code cache with -XX:ReservedCodeCacheSize=
#   JVM is running with Unscaled Compressed Oops mode in which the Java heap is
#     placed in the first 4GB address space. The Java Heap base address is the
#     maximum limit for the native heap growth. Please use -XX:HeapBaseMinAddress
#     to set the Java Heap base and to place the Java Heap above 4GB virtual address.
# This output file may be truncated or incomplete.
#
#  Out of Memory Error (arena.cpp:191), pid=15784, tid=93892
#
# JRE version: OpenJDK Runtime Environment Temurin-17.0.9+9 (17.0.9+9) (build 17.0.9+9)
# Java VM: OpenJDK 64-Bit Server VM Temurin-17.0.9+9 (17.0.9+9, mixed mode, tiered, compressed oops, compressed class ptrs, parallel gc, windows-amd64)
# No core dump will be written. Minidumps are not enabled by default on client versions of Windows
#

---------------  S U M M A R Y ------------

Command Line: --add-modules=ALL-SYSTEM --add-opens=java.base/java.util=ALL-UNNAMED --add-opens=java.base/java.lang=ALL-UNNAMED --add-opens=java.base/sun.nio.fs=ALL-UNNAMED -Declipse.application=org.eclipse.jdt.ls.core.id1 -Dosgi.bundles.defaultStartLevel=4 -Declipse.product=org.eclipse.jdt.ls.core.product -Djava.import.generatesMetadataFilesAtProjectRoot=false -DDetectVMInstallationsJob.disabled=true -Dfile.encoding=utf8 -XX:+UseParallelGC -XX:GCTimeRatio=4 -XX:AdaptiveSizePolicyWeight=90 -Dsun.zip.disableMemoryMapping=true -Xmx1G -Xms100m -Xlog:disable -javaagent:c:\Users\user\.vscode\extensions\redhat.java-1.25.1-win32-x64\lombok\lombok-1.18.30.jar c:\Users\user\.vscode\extensions\redhat.java-1.25.1-win32-x64\server\plugins\org.eclipse.equinox.launcher_1.6.600.v20231106-1826.jar -configuration c:\Users\user\AppData\Roaming\Code\User\globalStorage\redhat.java\1.25.1\config_ss_win -data c:\Users\user\AppData\Roaming\Code\User\workspaceStorage\f7a9a79f65a14c51f4f6fc19f4e609ca\redhat.java\ss_ws --stdio

Host: 12th Gen Intel(R) Core(TM) i3-1215U, 8 cores, 7G,  Windows 11 , 64 bit Build 22621 (10.0.22621.2428)
Time: Fri Dec 22 12:36:46 2023 India Standard Time elapsed time: 2.949724 seconds (0d 0h 0m 2s)

---------------  T H R E A D  ---------------

Current thread (0x000001bcfd3fbf20):  JavaThread "C2 CompilerThread0" daemon [_thread_in_native, id=93892, stack(0x0000001bdd300000,0x0000001bdd400000)]


Current CompileTask:
C2:   2949 1433       4       java.io.WinNTFileSystem::normalize (143 bytes)

Stack: [0x0000001bdd300000,0x0000001bdd400000]
Native frames: (J=compiled Java code, j=interpreted, Vv=VM code, C=native code)
V  [jvm.dll+0x67cf49]
V  [jvm.dll+0x83478a]
V  [jvm.dll+0x83624e]
V  [jvm.dll+0x8368b3]
V  [jvm.dll+0x247f1f]
V  [jvm.dll+0xac43c]
V  [jvm.dll+0xaca8c]
V  [jvm.dll+0x367067]
V  [jvm.dll+0x3313ba]
V  [jvm.dll+0x33085a]
V  [jvm.dll+0x21a5b1]
V  [jvm.dll+0x2199d1]
V  [jvm.dll+0x1a57cd]
V  [jvm.dll+0x2297ae]
V  [jvm.dll+0x22797c]
V  [jvm.dll+0x7e9877]
V  [jvm.dll+0x7e3c3a]
V  [jvm.dll+0x67be35]
C  [ucrtbase.dll+0x29363]
C  [KERNEL32.DLL+0x1257d]
C  [ntdll.dll+0x5aa78]


---------------  P R O C E S S  ---------------

Threads class SMR info:
_java_thread_list=0x000001bcfee8ca40, length=13, elements={
0x000001bce873a240, 0x000001bcfc587910, 0x000001bcfc5893a0, 0x000001bcfc589fd0,
0x000001bcfc58ae50, 0x000001bcfc58bcd0, 0x000001bcfc58cb50, 0x000001bcfd3fbf20,
0x000001bcfd463a50, 0x000001bcfd466be0, 0x000001bcfd538a70, 0x000001bcfd6e60b0,
0x000001bcfeea9d00
}

Java Threads: ( => current thread )
  0x000001bce873a240 JavaThread "main" [_thread_in_Java, id=6372, stack(0x0000001bdca00000,0x0000001bdcb00000)]
  0x000001bcfc587910 JavaThread "Reference Handler" daemon [_thread_blocked, id=90524, stack(0x0000001bdcd00000,0x0000001bdce00000)]
  0x000001bcfc5893a0 JavaThread "Finalizer" daemon [_thread_blocked, id=95180, stack(0x0000001bdce00000,0x0000001bdcf00000)]
  0x000001bcfc589fd0 JavaThread "Signal Dispatcher" daemon [_thread_blocked, id=120432, stack(0x0000001bdcf00000,0x0000001bdd000000)]
  0x000001bcfc58ae50 JavaThread "Attach Listener" daemon [_thread_blocked, id=147104, stack(0x0000001bdd000000,0x0000001bdd100000)]
  0x000001bcfc58bcd0 JavaThread "Service Thread" daemon [_thread_blocked, id=148140, stack(0x0000001bdd100000,0x0000001bdd200000)]
  0x000001bcfc58cb50 JavaThread "Monitor Deflation Thread" daemon [_thread_blocked, id=100736, stack(0x0000001bdd200000,0x0000001bdd300000)]
=>0x000001bcfd3fbf20 JavaThread "C2 CompilerThread0" daemon [_thread_in_native, id=93892, stack(0x0000001bdd300000,0x0000001bdd400000)]
  0x000001bcfd463a50 JavaThread "C1 CompilerThread0" daemon [_thread_blocked, id=142968, stack(0x0000001bdd400000,0x0000001bdd500000)]
  0x000001bcfd466be0 JavaThread "Sweeper thread" daemon [_thread_blocked, id=145348, stack(0x0000001bdd500000,0x0000001bdd600000)]
  0x000001bcfd538a70 JavaThread "Common-Cleaner" daemon [_thread_blocked, id=54632, stack(0x0000001bdd600000,0x0000001bdd700000)]
  0x000001bcfd6e60b0 JavaThread "Notification Thread" daemon [_thread_blocked, id=13408, stack(0x0000001bdd700000,0x0000001bdd800000)]
  0x000001bcfeea9d00 JavaThread "Active Thread: Equinox Container: 202e43bc-92ae-4361-b2b0-36e57811fbce" [_thread_blocked, id=138320, stack(0x0000001bddf00000,0x0000001bde000000)]

Other Threads:
  0x000001bcfd3c2d50 VMThread "VM Thread" [stack: 0x0000001bdcc00000,0x0000001bdcd00000] [id=123244]
  0x000001bcfd6e6590 WatcherThread [stack: 0x0000001bdd800000,0x0000001bdd900000] [id=135784]
  0x000001bce874de00 GCTaskThread "GC Thread#0" [stack: 0x0000001bdcb00000,0x0000001bdcc00000] [id=97944]
  0x000001bcfed2dcf0 GCTaskThread "GC Thread#1" [stack: 0x0000001bdd900000,0x0000001bdda00000] [id=146492]
  0x000001bc840a5920 GCTaskThread "GC Thread#2" [stack: 0x0000001bdda00000,0x0000001bddb00000] [id=146872]
  0x000001bc840a5be0 GCTaskThread "GC Thread#3" [stack: 0x0000001bddb00000,0x0000001bddc00000] [id=83804]
  0x000001bcfeb16e70 GCTaskThread "GC Thread#4" [stack: 0x0000001bddc00000,0x0000001bddd00000] [id=92224]
  0x000001bcfeb17130 GCTaskThread "GC Thread#5" [stack: 0x0000001bddd00000,0x0000001bdde00000] [id=82184]
  0x000001bcfeb173f0 GCTaskThread "GC Thread#6" [stack: 0x0000001bdde00000,0x0000001bddf00000] [id=143252]

Threads with active compile tasks:
C2 CompilerThread0     2983 1433       4       java.io.WinNTFileSystem::normalize (143 bytes)

VM state: not at safepoint (normal execution)

VM Mutex/Monitor currently owned by a thread: None

Heap address: 0x00000000c0000000, size: 1024 MB, Compressed Oops mode: 32-bit

CDS archive(s) not mapped
Compressed class space mapped at: 0x0000000100000000-0x0000000140000000, reserved size: 1073741824
Narrow klass base: 0x0000000000000000, Narrow klass shift: 3, Narrow klass range: 0x140000000

GC Precious Log:
 CPUs: 8 total, 8 available
 Memory: 7810M
 Large Page Support: Disabled
 NUMA Support: Disabled
 Compressed Oops: Enabled (32-bit)
 Alignments: Space 512K, Generation 512K, Heap 2M
 Heap Min Capacity: 100M
 Heap Initial Capacity: 100M
 Heap Max Capacity: 1G
 Pre-touch: Disabled
 Parallel Workers: 8

Heap:
 PSYoungGen      total 29696K, used 21869K [0x00000000eab00000, 0x00000000ecc00000, 0x0000000100000000)
  eden space 25600K, 72% used [0x00000000eab00000,0x00000000ebd3e938,0x00000000ec400000)
  from space 4096K, 77% used [0x00000000ec400000,0x00000000ec71cc18,0x00000000ec800000)
  to   space 4096K, 0% used [0x00000000ec800000,0x00000000ec800000,0x00000000ecc00000)
 ParOldGen       total 68608K, used 8K [0x00000000c0000000, 0x00000000c4300000, 0x00000000eab00000)
  object space 68608K, 0% used [0x00000000c0000000,0x00000000c0002000,0x00000000c4300000)
 Metaspace       used 13715K, committed 13952K, reserved 1114112K
  class space    used 1358K, committed 1472K, reserved 1048576K

Card table byte_map: [0x000001bce80c0000,0x000001bce82d0000] _byte_map_base: 0x000001bce7ac0000

Marking Bits: (ParMarkBitMap*) 0x00007ffb36ebd0b0
 Begin Bits: [0x000001bcfa390000, 0x000001bcfb390000)
 End Bits:   [0x000001bcfb390000, 0x000001bcfc390000)

Polling page: 0x000001bce7eb0000

Metaspace:

Usage:
  Non-class:     12.07 MB used.
      Class:      1.33 MB used.
       Both:     13.39 MB used.

Virtual space:
  Non-class space:       64.00 MB reserved,      12.19 MB ( 19%) committed,  1 nodes.
      Class space:        1.00 GB reserved,       1.44 MB ( <1%) committed,  1 nodes.
             Both:        1.06 GB reserved,      13.62 MB (  1%) committed. 

Chunk freelists:
   Non-Class:  3.36 MB
       Class:  14.48 MB
        Both:  17.84 MB

MaxMetaspaceSize: unlimited
CompressedClassSpaceSize: 1.00 GB
Initial GC threshold: 21.00 MB
Current GC threshold: 21.00 MB
CDS: off
MetaspaceReclaimPolicy: balanced
 - commit_granule_bytes: 65536.
 - commit_granule_words: 8192.
 - virtual_space_node_default_size: 8388608.
 - enlarge_chunks_in_place: 1.
 - new_chunks_are_fully_committed: 0.
 - uncommit_free_chunks: 1.
 - use_allocation_guard: 0.
 - handle_deallocations: 1.


Internal statistics:

num_allocs_failed_limit: 0.
num_arena_births: 54.
num_arena_deaths: 0.
num_vsnodes_births: 2.
num_vsnodes_deaths: 0.
num_space_committed: 218.
num_space_uncommitted: 0.
num_chunks_returned_to_freelist: 0.
num_chunks_taken_from_freelist: 220.
num_chunk_merges: 0.
num_chunk_splits: 150.
num_chunks_enlarged: 119.
num_inconsistent_stats: 0.

CodeHeap 'non-profiled nmethods': size=120000Kb used=566Kb max_used=566Kb free=119433Kb
 bounds [0x000001bcf2e60000, 0x000001bcf30d0000, 0x000001bcfa390000]
CodeHeap 'profiled nmethods': size=120000Kb used=2657Kb max_used=2657Kb free=117343Kb
 bounds [0x000001bceb390000, 0x000001bceb630000, 0x000001bcf28c0000]
CodeHeap 'non-nmethods': size=5760Kb used=1159Kb max_used=1174Kb free=4600Kb
 bounds [0x000001bcf28c0000, 0x000001bcf2b30000, 0x000001bcf2e60000]
 total_blobs=1885 nmethods=1435 adapters=364
 compilation: enabled
              stopped_count=0, restarted_count=0
 full_count=0

Compilation events (20 events):
Event: 2.886 Thread 0x000001bcfd463a50 nmethod 1426 0x000001bcf2eed390 code [0x000001bcf2eed520, 0x000001bcf2eed5f8]
Event: 2.889 Thread 0x000001bcfd463a50 1427       3       java.lang.ThreadLocal::get (38 bytes)
Event: 2.890 Thread 0x000001bcfd463a50 nmethod 1427 0x000001bceb622090 code [0x000001bceb622260, 0x000001bceb622598]
Event: 2.891 Thread 0x000001bcfd463a50 1428       3       sun.nio.fs.WindowsPathParser::nextNonSlash (24 bytes)
Event: 2.892 Thread 0x000001bcfd463a50 nmethod 1428 0x000001bceb622710 code [0x000001bceb622920, 0x000001bceb623078]
Event: 2.894 Thread 0x000001bcfd463a50 1429       3       java.lang.String::getChars (54 bytes)
Event: 2.895 Thread 0x000001bcfd463a50 nmethod 1429 0x000001bceb623390 code [0x000001bceb623580, 0x000001bceb6239f8]
Event: 2.895 Thread 0x000001bcfd463a50 1430       3       java.lang.StringLatin1::getChars (12 bytes)
Event: 2.895 Thread 0x000001bcfd463a50 nmethod 1430 0x000001bceb623c10 code [0x000001bceb623da0, 0x000001bceb623ec8]
Event: 2.919 Thread 0x000001bcfd3fbf20 1431       4       sun.nio.fs.WindowsPathParser::isSlash (18 bytes)
Event: 2.919 Thread 0x000001bcfd3fbf20 nmethod 1431 0x000001bcf2eed690 code [0x000001bcf2eed800, 0x000001bcf2eed878]
Event: 2.919 Thread 0x000001bcfd463a50 1432       3       org.eclipse.osgi.framework.util.SecureAction::getProperty (31 bytes)
Event: 2.919 Thread 0x000001bcfd3fbf20 1433       4       java.io.WinNTFileSystem::normalize (143 bytes)
Event: 2.920 Thread 0x000001bcfd463a50 nmethod 1432 0x000001bceb623f90 code [0x000001bceb624220, 0x000001bceb624c98]
Event: 2.920 Thread 0x000001bcfd463a50 1434       3       java.net.URL::isBuiltinStreamHandler (32 bytes)
Event: 2.921 Thread 0x000001bcfd463a50 nmethod 1434 0x000001bceb625010 code [0x000001bceb625300, 0x000001bceb626398]
Event: 2.921 Thread 0x000001bcfd463a50 1435       3       java.net.URL::isBuiltinStreamHandler (7 bytes)
Event: 2.921 Thread 0x000001bcfd463a50 nmethod 1435 0x000001bceb626990 code [0x000001bceb626b40, 0x000001bceb626d08]
Event: 2.926 Thread 0x000001bcfd463a50 1436       3       org.eclipse.osgi.internal.framework.EquinoxConfiguration$ConfigValues::internalGet (24 bytes)
Event: 2.927 Thread 0x000001bcfd463a50 nmethod 1436 0x000001bceb626e10 code [0x000001bceb6270c0, 0x000001bceb627ce8]

GC Heap History (2 events):
Event: 1.944 GC heap before
{Heap before GC invocations=1 (full 0):
 PSYoungGen      total 29696K, used 25600K [0x00000000eab00000, 0x00000000ecc00000, 0x0000000100000000)
  eden space 25600K, 100% used [0x00000000eab00000,0x00000000ec400000,0x00000000ec400000)
  from space 4096K, 0% used [0x00000000ec800000,0x00000000ec800000,0x00000000ecc00000)
  to   space 4096K, 0% used [0x00000000ec400000,0x00000000ec400000,0x00000000ec800000)
 ParOldGen       total 68608K, used 0K [0x00000000c0000000, 0x00000000c4300000, 0x00000000eab00000)
  object space 68608K, 0% used [0x00000000c0000000,0x00000000c0000000,0x00000000c4300000)
 Metaspace       used 11013K, committed 11200K, reserved 1114112K
  class space    used 1098K, committed 1216K, reserved 1048576K
}
Event: 1.953 GC heap after
{Heap after GC invocations=1 (full 0):
 PSYoungGen      total 29696K, used 3187K [0x00000000eab00000, 0x00000000ecc00000, 0x0000000100000000)
  eden space 25600K, 0% used [0x00000000eab00000,0x00000000eab00000,0x00000000ec400000)
  from space 4096K, 77% used [0x00000000ec400000,0x00000000ec71cc18,0x00000000ec800000)
  to   space 4096K, 0% used [0x00000000ec800000,0x00000000ec800000,0x00000000ecc00000)
 ParOldGen       total 68608K, used 8K [0x00000000c0000000, 0x00000000c4300000, 0x00000000eab00000)
  object space 68608K, 0% used [0x00000000c0000000,0x00000000c0002000,0x00000000c4300000)
 Metaspace       used 11013K, committed 11200K, reserved 1114112K
  class space    used 1098K, committed 1216K, reserved 1048576K
}

Dll operation events (8 events):
Event: 0.028 Loaded shared library c:\Users\user\.vscode\extensions\redhat.java-1.25.1-win32-x64\jre\17.0.9-win32-x86_64\bin\java.dll
Event: 0.526 Loaded shared library c:\Users\user\.vscode\extensions\redhat.java-1.25.1-win32-x64\jre\17.0.9-win32-x86_64\bin\zip.dll
Event: 0.535 Loaded shared library C:\Users\user\.vscode\extensions\redhat.java-1.25.1-win32-x64\jre\17.0.9-win32-x86_64\bin\instrument.dll
Event: 0.553 Loaded shared library C:\Users\user\.vscode\extensions\redhat.java-1.25.1-win32-x64\jre\17.0.9-win32-x86_64\bin\net.dll
Event: 0.564 Loaded shared library C:\Users\user\.vscode\extensions\redhat.java-1.25.1-win32-x64\jre\17.0.9-win32-x86_64\bin\nio.dll
Event: 0.586 Loaded shared library C:\Users\user\.vscode\extensions\redhat.java-1.25.1-win32-x64\jre\17.0.9-win32-x86_64\bin\zip.dll
Event: 0.638 Loaded shared library C:\Users\user\.vscode\extensions\redhat.java-1.25.1-win32-x64\jre\17.0.9-win32-x86_64\bin\jimage.dll
Event: 0.822 Loaded shared library c:\Users\user\.vscode\extensions\redhat.java-1.25.1-win32-x64\jre\17.0.9-win32-x86_64\bin\verify.dll

Deoptimization events (20 events):
Event: 2.157 Thread 0x000001bce873a240 DEOPT PACKING pc=0x000001bceb4001c5 sp=0x0000001bdcaf3b20
Event: 2.157 Thread 0x000001bce873a240 DEOPT UNPACKING pc=0x000001bcf2916e43 sp=0x0000001bdcaf2fd0 mode 0
Event: 2.165 Thread 0x000001bce873a240 DEOPT PACKING pc=0x000001bceb4001c5 sp=0x0000001bdcaf3b20
Event: 2.165 Thread 0x000001bce873a240 DEOPT UNPACKING pc=0x000001bcf2916e43 sp=0x0000001bdcaf2fd0 mode 0
Event: 2.169 Thread 0x000001bce873a240 DEOPT PACKING pc=0x000001bceb4001c5 sp=0x0000001bdcaf3b20
Event: 2.169 Thread 0x000001bce873a240 DEOPT UNPACKING pc=0x000001bcf2916e43 sp=0x0000001bdcaf2fd0 mode 0
Event: 2.192 Thread 0x000001bce873a240 DEOPT PACKING pc=0x000001bceb4001c5 sp=0x0000001bdcaf7650
Event: 2.192 Thread 0x000001bce873a240 DEOPT UNPACKING pc=0x000001bcf2916e43 sp=0x0000001bdcaf6b00 mode 0
Event: 2.706 Thread 0x000001bce873a240 Uncommon trap: trap_request=0xffffffde fr.pc=0x000001bcf2ed69ec relative=0x00000000000009cc
Event: 2.706 Thread 0x000001bce873a240 Uncommon trap: reason=class_check action=maybe_recompile pc=0x000001bcf2ed69ec method=java.util.HashMap.putVal(ILjava/lang/Object;Ljava/lang/Object;ZZ)Ljava/lang/Object; @ 253 c2
Event: 2.706 Thread 0x000001bce873a240 DEOPT PACKING pc=0x000001bcf2ed69ec sp=0x0000001bdcafdb90
Event: 2.706 Thread 0x000001bce873a240 DEOPT UNPACKING pc=0x000001bcf29166a3 sp=0x0000001bdcafdab8 mode 2
Event: 2.720 Thread 0x000001bce873a240 Uncommon trap: trap_request=0xffffffde fr.pc=0x000001bcf2ed69ec relative=0x00000000000009cc
Event: 2.720 Thread 0x000001bce873a240 Uncommon trap: reason=class_check action=maybe_recompile pc=0x000001bcf2ed69ec method=java.util.HashMap.putVal(ILjava/lang/Object;Ljava/lang/Object;ZZ)Ljava/lang/Object; @ 253 c2
Event: 2.720 Thread 0x000001bce873a240 DEOPT PACKING pc=0x000001bcf2ed69ec sp=0x0000001bdcafdb90
Event: 2.720 Thread 0x000001bce873a240 DEOPT UNPACKING pc=0x000001bcf29166a3 sp=0x0000001bdcafdab8 mode 2
Event: 2.722 Thread 0x000001bce873a240 Uncommon trap: trap_request=0xffffffde fr.pc=0x000001bcf2e6c894 relative=0x0000000000000414
Event: 2.722 Thread 0x000001bce873a240 Uncommon trap: reason=class_check action=maybe_recompile pc=0x000001bcf2e6c894 method=java.util.HashMap.putVal(ILjava/lang/Object;Ljava/lang/Object;ZZ)Ljava/lang/Object; @ 253 c2
Event: 2.723 Thread 0x000001bce873a240 DEOPT PACKING pc=0x000001bcf2e6c894 sp=0x0000001bdcafda20
Event: 2.723 Thread 0x000001bce873a240 DEOPT UNPACKING pc=0x000001bcf29166a3 sp=0x0000001bdcafd9c0 mode 2

Classes unloaded (0 events):
No events

Classes redefined (0 events):
No events

Internal exceptions (20 events):
Event: 1.352 Thread 0x000001bce873a240 Exception <a 'java/io/FileNotFoundException'{0x00000000eb86bfd8}> (0x00000000eb86bfd8) 
thrown [s\src\hotspot\share\prims\jni.cpp, line 516]
Event: 1.353 Thread 0x000001bce873a240 Exception <a 'java/io/FileNotFoundException'{0x00000000eb86cc98}> (0x00000000eb86cc98) 
thrown [s\src\hotspot\share\prims\jni.cpp, line 516]
Event: 1.356 Thread 0x000001bce873a240 Implicit null exception at 0x000001bcf2e834f2 to 0x000001bcf2e83a18
Event: 1.359 Thread 0x000001bce873a240 Exception <a 'java/io/FileNotFoundException'{0x00000000eb8a76d0}> (0x00000000eb8a76d0) 
thrown [s\src\hotspot\share\prims\jni.cpp, line 516]
Event: 1.714 Thread 0x000001bce873a240 Exception <a 'java/lang/ClassNotFoundException'{0x00000000ec0b0750}: sun/net/www/protocol/c/Handler> (0x00000000ec0b0750) 
thrown [s\src\hotspot\share\classfile\systemDictionary.cpp, line 256]
Event: 1.715 Thread 0x000001bce873a240 Exception <a 'java/lang/ClassNotFoundException'{0x00000000ec0b1ac0}: sun/net/www/protocol/c/Handler> (0x00000000ec0b1ac0) 
thrown [s\src\hotspot\share\classfile\systemDictionary.cpp, line 256]
Event: 1.715 Thread 0x000001bce873a240 Exception <a 'java/lang/ClassNotFoundException'{0x00000000ec0b2c88}: sun/net/www/protocol/c/Handler> (0x00000000ec0b2c88) 
thrown [s\src\hotspot\share\classfile\systemDictionary.cpp, line 256]
Event: 1.728 Thread 0x000001bce873a240 Exception <a 'java/io/FileNotFoundException'{0x00000000ec0d1a50}> (0x00000000ec0d1a50) 
thrown [s\src\hotspot\share\prims\jni.cpp, line 516]
Event: 1.793 Thread 0x000001bce873a240 Implicit null exception at 0x000001bcf2e9f05b to 0x000001bcf2e9f97c
Event: 1.793 Thread 0x000001bce873a240 Implicit null exception at 0x000001bcf2ea166c to 0x000001bcf2ea184c
Event: 1.793 Thread 0x000001bce873a240 Implicit null exception at 0x000001bcf2ea6c6c to 0x000001bcf2ea6e3c
Event: 1.793 Thread 0x000001bce873a240 Implicit null exception at 0x000001bcf2ea098f to 0x000001bcf2ea0a05
Event: 1.931 Thread 0x000001bce873a240 Exception <a 'java/lang/NoSuchMethodError'{0x00000000ec39dbe0}: 'int java.lang.invoke.DirectMethodHandle$Holder.invokeStaticInit(java.lang.Object, java.lang.Object, java.lang.Object, java.lang.Object)'> (0x00000000ec39dbe0) 
thrown [s\src\hotspot\share\interpreter\linkResolver.cpp, line 759]
Event: 1.933 Thread 0x000001bce873a240 Exception <a 'java/lang/NoSuchMethodError'{0x00000000ec3a8250}: 'java.lang.Object java.lang.invoke.DirectMethodHandle$Holder.invokeInterface(java.lang.Object, java.lang.Object)'> (0x00000000ec3a8250) 
thrown [s\src\hotspot\share\interpreter\linkResolver.cpp, line 759]
Event: 1.933 Thread 0x000001bce873a240 Exception <a 'java/lang/IncompatibleClassChangeError'{0x00000000ec3aba48}: Found class java.lang.Object, but interface was expected> (0x00000000ec3aba48) 
thrown [s\src\hotspot\share\interpreter\linkResolver.cpp, line 826]
Event: 1.934 Thread 0x000001bce873a240 Exception <a 'java/lang/NoSuchMethodError'{0x00000000ec3aff40}: 'void java.lang.invoke.DirectMethodHandle$Holder.invokeStatic(java.lang.Object, java.lang.Object)'> (0x00000000ec3aff40) 
thrown [s\src\hotspot\share\interpreter\linkResolver.cpp, line 759]
Event: 1.935 Thread 0x000001bce873a240 Exception <a 'java/lang/NoSuchMethodError'{0x00000000ec3b3740}: 'void java.lang.invoke.DirectMethodHandle$Holder.invokeStaticInit(java.lang.Object, java.lang.Object)'> (0x00000000ec3b3740) 
thrown [s\src\hotspot\share\interpreter\linkResolver.cpp, line 759]
Event: 1.936 Thread 0x000001bce873a240 Exception <a 'java/lang/NoSuchMethodError'{0x00000000ec3bab38}: 'int java.lang.invoke.DirectMethodHandle$Holder.invokeStaticInit(java.lang.Object, java.lang.Object)'> (0x00000000ec3bab38) 
thrown [s\src\hotspot\share\interpreter\linkResolver.cpp, line 759]
Event: 2.021 Thread 0x000001bce873a240 Exception <a 'java/lang/NoSuchMethodError'{0x00000000eabe1a90}: 'void java.lang.invoke.DirectMethodHandle$Holder.invokeSpecial(java.lang.Object, java.lang.Object, java.lang.Object)'> (0x00000000eabe1a90) 
thrown [s\src\hotspot\share\interpreter\linkResolver.cpp, line 759]
Event: 2.670 Thread 0x000001bce873a240 Exception <a 'java/lang/NoSuchMethodError'{0x00000000eb871ec0}: 'java.lang.Object java.lang.invoke.DirectMethodHandle$Holder.newInvokeSpecial(java.lang.Object, int, java.lang.Object)'> (0x00000000eb871ec0) 
thrown [s\src\hotspot\share\interpreter\linkResolver.cpp, line 759]

VM Operations (20 events):
Event: 0.683 Executing VM operation: HandshakeAllThreads
Event: 0.683 Executing VM operation: HandshakeAllThreads done
Event: 1.307 Executing VM operation: HandshakeAllThreads
Event: 1.307 Executing VM operation: HandshakeAllThreads done
Event: 1.307 Executing VM operation: Cleanup
Event: 1.308 Executing VM operation: Cleanup done
Event: 1.336 Executing VM operation: HandshakeAllThreads
Event: 1.336 Executing VM operation: HandshakeAllThreads done
Event: 1.693 Executing VM operation: HandshakeAllThreads
Event: 1.693 Executing VM operation: HandshakeAllThreads done
Event: 1.944 Executing VM operation: ParallelGCFailedAllocation
Event: 1.953 Executing VM operation: ParallelGCFailedAllocation done
Event: 2.591 Executing VM operation: HandshakeAllThreads
Event: 2.591 Executing VM operation: HandshakeAllThreads done
Event: 2.609 Executing VM operation: HandshakeAllThreads
Event: 2.609 Executing VM operation: HandshakeAllThreads done
Event: 2.621 Executing VM operation: HandshakeAllThreads
Event: 2.621 Executing VM operation: HandshakeAllThreads done
Event: 2.651 Executing VM operation: HandshakeAllThreads
Event: 2.651 Executing VM operation: HandshakeAllThreads done

Events (20 events):
Event: 2.729 loading class java/net/ContentHandlerFactory
Event: 2.729 loading class java/net/ContentHandlerFactory done
Event: 2.734 loading class java/net/ContentHandler
Event: 2.734 loading class java/net/ContentHandler done
Event: 2.767 loading class javax/xml/parsers/ParserConfigurationException
Event: 2.767 loading class javax/xml/parsers/ParserConfigurationException done
Event: 2.777 loading class java/security/KeyStoreException
Event: 2.777 loading class java/security/KeyStoreException done
Event: 2.835 loading class java/util/LinkedList$Node
Event: 2.835 loading class java/util/LinkedList$Node done
Event: 2.835 loading class java/util/LinkedList$ListItr
Event: 2.835 loading class java/util/LinkedList$ListItr done
Event: 2.864 loading class sun/nio/fs/WindowsChannelFactory
Event: 2.865 loading class sun/nio/fs/WindowsChannelFactory done
Event: 2.865 loading class sun/nio/fs/WindowsChannelFactory$1
Event: 2.865 loading class sun/nio/fs/WindowsChannelFactory$1 done
Event: 2.865 loading class sun/nio/fs/WindowsChannelFactory$Flags
Event: 2.866 loading class sun/nio/fs/WindowsChannelFactory$Flags done
Event: 2.866 loading class sun/nio/ch/FileChannelImpl$Closer
Event: 2.866 loading class sun/nio/ch/FileChannelImpl$Closer done


Dynamic libraries:
0x00007ff6a7030000 - 0x00007ff6a703e000 	c:\Users\user\.vscode\extensions\redhat.java-1.25.1-win32-x64\jre\17.0.9-win32-x86_64\bin\java.exe
0x00007ffb98e10000 - 0x00007ffb99027000 	C:\WINDOWS\SYSTEM32\ntdll.dll
0x00007ffb97f60000 - 0x00007ffb98024000 	C:\WINDOWS\System32\KERNEL32.DLL
0x00007ffb96190000 - 0x00007ffb96536000 	C:\WINDOWS\System32\KERNELBASE.dll
0x00007ffb96a50000 - 0x00007ffb96b61000 	C:\WINDOWS\System32\ucrtbase.dll
0x00007ffb81dc0000 - 0x00007ffb81ddb000 	c:\Users\user\.vscode\extensions\redhat.java-1.25.1-win32-x64\jre\17.0.9-win32-x86_64\bin\VCRUNTIME140.dll
0x00007ffb81da0000 - 0x00007ffb81db7000 	c:\Users\user\.vscode\extensions\redhat.java-1.25.1-win32-x64\jre\17.0.9-win32-x86_64\bin\jli.dll
0x00007ffb95470000 - 0x00007ffb95703000 	C:\WINDOWS\WinSxS\amd64_microsoft.windows.common-controls_6595b64144ccf1df_6.0.22621.2361_none_2712ced57382f843\COMCTL32.dll
0x00007ffb97290000 - 0x00007ffb9743d000 	C:\WINDOWS\System32\USER32.dll
0x00007ffb97e10000 - 0x00007ffb97eb7000 	C:\WINDOWS\System32\msvcrt.dll
0x00007ffb96c20000 - 0x00007ffb96c49000 	C:\WINDOWS\System32\GDI32.dll
0x00007ffb967a0000 - 0x00007ffb967c6000 	C:\WINDOWS\System32\win32u.dll
0x00007ffb967d0000 - 0x00007ffb968e8000 	C:\WINDOWS\System32\gdi32full.dll
0x00007ffb969b0000 - 0x00007ffb96a4a000 	C:\WINDOWS\System32\msvcp_win.dll
0x00007ffb98800000 - 0x00007ffb98831000 	C:\WINDOWS\System32\IMM32.DLL
0x00007ffb429c0000 - 0x00007ffb42a71000 	C:\Program Files\McAfee\Endpoint Security\Threat Prevention\Ips\EpMPApi.dll
0x00007ffb98090000 - 0x00007ffb981a7000 	C:\WINDOWS\System32\RPCRT4.dll
0x00007ffb984f0000 - 0x00007ffb985a0000 	C:\WINDOWS\System32\ADVAPI32.dll
0x00007ffb96b70000 - 0x00007ffb96c16000 	C:\WINDOWS\System32\sechost.dll
0x00007ffb96730000 - 0x00007ffb9679c000 	C:\WINDOWS\System32\WINTRUST.dll
0x00007ffb965c0000 - 0x00007ffb96726000 	C:\WINDOWS\System32\CRYPT32.dll
0x00007ffb95220000 - 0x00007ffb95232000 	C:\WINDOWS\SYSTEM32\MSASN1.dll
0x0000000062be0000 - 0x0000000062bec000 	C:\Program Files\McAfee\Endpoint Security\Threat Prevention\Ips\EpMPThe.dll
0x00007ffb44c30000 - 0x00007ffb44c8b000 	C:\Program Files\McAfee\Endpoint Security\Threat Prevention\Ips\HIPHandlers64.dll
0x00007ffb975b0000 - 0x00007ffb97e08000 	C:\WINDOWS\System32\SHELL32.dll
0x00007ffb98490000 - 0x00007ffb984ee000 	C:\WINDOWS\System32\SHLWAPI.dll
0x00007ffb95a20000 - 0x00007ffb95c4e000 	C:\WINDOWS\SYSTEM32\dbghelp.dll
0x00007ffb96db0000 - 0x00007ffb9713a000 	C:\WINDOWS\System32\combase.dll
0x00007ffb983b0000 - 0x00007ffb98487000 	C:\WINDOWS\System32\OLEAUT32.dll
0x00007ffb95920000 - 0x00007ffb9592c000 	c:\Users\user\.vscode\extensions\redhat.java-1.25.1-win32-x64\jre\17.0.9-win32-x86_64\bin\vcruntime140_1.dll
0x00007ffb81240000 - 0x00007ffb812cd000 	c:\Users\user\.vscode\extensions\redhat.java-1.25.1-win32-x64\jre\17.0.9-win32-x86_64\bin\msvcp140.dll
0x00007ffb36320000 - 0x00007ffb36f81000 	c:\Users\user\.vscode\extensions\redhat.java-1.25.1-win32-x64\jre\17.0.9-win32-x86_64\bin\server\jvm.dll
0x00007ffb96060000 - 0x00007ffb960ad000 	C:\WINDOWS\SYSTEM32\POWRPROF.dll
0x00007ffb8bac0000 - 0x00007ffb8baf4000 	C:\WINDOWS\SYSTEM32\WINMM.dll
0x00007ffb6bc00000 - 0x00007ffb6bc09000 	C:\WINDOWS\SYSTEM32\WSOCK32.dll
0x00007ffb985a0000 - 0x00007ffb98611000 	C:\WINDOWS\System32\WS2_32.dll
0x00007ffb75be0000 - 0x00007ffb75bea000 	C:\WINDOWS\SYSTEM32\VERSION.dll
0x00007ffb96040000 - 0x00007ffb96053000 	C:\WINDOWS\SYSTEM32\UMPDC.dll
0x00007ffb94b00000 - 0x00007ffb94b18000 	C:\WINDOWS\SYSTEM32\kernel.appcore.dll
0x00007ffb90930000 - 0x00007ffb9093a000 	c:\Users\user\.vscode\extensions\redhat.java-1.25.1-win32-x64\jre\17.0.9-win32-x86_64\bin\jimage.dll
0x00007ffb958e0000 - 0x00007ffb95912000 	C:\WINDOWS\SYSTEM32\dbgcore.DLL
0x00007ffb96540000 - 0x00007ffb965ba000 	C:\WINDOWS\System32\bcryptPrimitives.dll
0x00007ffb8dde0000 - 0x00007ffb8ddee000 	c:\Users\user\.vscode\extensions\redhat.java-1.25.1-win32-x64\jre\17.0.9-win32-x86_64\bin\instrument.dll
0x00007ffb81190000 - 0x00007ffb811b5000 	c:\Users\user\.vscode\extensions\redhat.java-1.25.1-win32-x64\jre\17.0.9-win32-x86_64\bin\java.dll
0x00007ffb81170000 - 0x00007ffb81188000 	c:\Users\user\.vscode\extensions\redhat.java-1.25.1-win32-x64\jre\17.0.9-win32-x86_64\bin\zip.dll
0x00007ffb93a20000 - 0x00007ffb94312000 	C:\WINDOWS\SYSTEM32\windows.storage.dll
0x00007ffb938e0000 - 0x00007ffb93a1e000 	C:\WINDOWS\SYSTEM32\wintypes.dll
0x00007ffb974b0000 - 0x00007ffb975a3000 	C:\WINDOWS\System32\SHCORE.dll
0x00007ffb960c0000 - 0x00007ffb960e6000 	C:\WINDOWS\SYSTEM32\profapi.dll
0x00007ffb81150000 - 0x00007ffb81169000 	C:\Users\user\.vscode\extensions\redhat.java-1.25.1-win32-x64\jre\17.0.9-win32-x86_64\bin\net.dll
0x00007ffb8e480000 - 0x00007ffb8e5b7000 	C:\WINDOWS\SYSTEM32\WINHTTP.dll
0x00007ffb94f40000 - 0x00007ffb94fa9000 	C:\WINDOWS\system32\mswsock.dll
0x00007ffb81130000 - 0x00007ffb81146000 	C:\Users\user\.vscode\extensions\redhat.java-1.25.1-win32-x64\jre\17.0.9-win32-x86_64\bin\nio.dll
0x00007ffb8dd20000 - 0x00007ffb8dd30000 	c:\Users\user\.vscode\extensions\redhat.java-1.25.1-win32-x64\jre\17.0.9-win32-x86_64\bin\verify.dll

dbghelp: loaded successfully - version: 4.0.5 - missing functions: none
symbol engine: initialized successfully - sym options: 0x614 - pdb path: .;c:\Users\user\.vscode\extensions\redhat.java-1.25.1-win32-x64\jre\17.0.9-win32-x86_64\bin;C:\WINDOWS\SYSTEM32;C:\WINDOWS\WinSxS\amd64_microsoft.windows.common-controls_6595b64144ccf1df_6.0.22621.2361_none_2712ced57382f843;C:\Program Files\McAfee\Endpoint Security\Threat Prevention\Ips;c:\Users\user\.vscode\extensions\redhat.java-1.25.1-win32-x64\jre\17.0.9-win32-x86_64\bin\server

VM Arguments:
jvm_args: --add-modules=ALL-SYSTEM --add-opens=java.base/java.util=ALL-UNNAMED --add-opens=java.base/java.lang=ALL-UNNAMED --add-opens=java.base/sun.nio.fs=ALL-UNNAMED -Declipse.application=org.eclipse.jdt.ls.core.id1 -Dosgi.bundles.defaultStartLevel=4 -Declipse.product=org.eclipse.jdt.ls.core.product -Djava.import.generatesMetadataFilesAtProjectRoot=false -DDetectVMInstallationsJob.disabled=true -Dfile.encoding=utf8 -XX:+UseParallelGC -XX:GCTimeRatio=4 -XX:AdaptiveSizePolicyWeight=90 -Dsun.zip.disableMemoryMapping=true -Xmx1G -Xms100m -Xlog:disable -javaagent:c:\Users\user\.vscode\extensions\redhat.java-1.25.1-win32-x64\lombok\lombok-1.18.30.jar 
java_command: c:\Users\user\.vscode\extensions\redhat.java-1.25.1-win32-x64\server\plugins\org.eclipse.equinox.launcher_1.6.600.v20231106-1826.jar -configuration c:\Users\user\AppData\Roaming\Code\User\globalStorage\redhat.java\1.25.1\config_ss_win -data c:\Users\user\AppData\Roaming\Code\User\workspaceStorage\f7a9a79f65a14c51f4f6fc19f4e609ca\redhat.java\ss_ws --stdio
java_class_path (initial): c:\Users\user\.vscode\extensions\redhat.java-1.25.1-win32-x64\server\plugins\org.eclipse.equinox.launcher_1.6.600.v20231106-1826.jar
Launcher Type: SUN_STANDARD

[Global flags]
    uintx AdaptiveSizePolicyWeight                 = 90                                        {product} {command line}
     intx CICompilerCount                          = 4                                         {product} {ergonomic}
    uintx GCTimeRatio                              = 4                                         {product} {command line}
   size_t InitialHeapSize                          = 104857600                                 {product} {command line}
   size_t MaxHeapSize                              = 1073741824                                {product} {command line}
   size_t MaxNewSize                               = 357564416                                 {product} {ergonomic}
   size_t MinHeapDeltaBytes                        = 524288                                    {product} {ergonomic}
   size_t MinHeapSize                              = 104857600                                 {product} {command line}
   size_t NewSize                                  = 34603008                                  {product} {ergonomic}
    uintx NonNMethodCodeHeapSize                   = 5839372                                {pd product} {ergonomic}
    uintx NonProfiledCodeHeapSize                  = 122909434                              {pd product} {ergonomic}
   size_t OldSize                                  = 70254592                                  {product} {ergonomic}
    uintx ProfiledCodeHeapSize                     = 122909434                              {pd product} {ergonomic}
    uintx ReservedCodeCacheSize                    = 251658240                              {pd product} {ergonomic}
     bool SegmentedCodeCache                       = true                                      {product} {ergonomic}
   size_t SoftMaxHeapSize                          = 1073741824                             {manageable} {ergonomic}
     bool UseCompressedClassPointers               = true                           {product lp64_product} {ergonomic}
     bool UseCompressedOops                        = true                           {product lp64_product} {ergonomic}
     bool UseLargePagesIndividualAllocation        = false                                  {pd product} {ergonomic}
     bool UseParallelGC                            = true                                      {product} {command line}

Logging:
Log output configuration:
 #0: stdout all=off uptime,level,tags
 #1: stderr all=off uptime,level,tags

Environment Variables:
JAVA_HOME=C:\Program Files\Java\jdk-11
PATH=C:\Program Files\Common Files\Oracle\Java\javapath;C:\WINDOWS\system32;C:\WINDOWS;C:\WINDOWS\System32\Wbem;C:\WINDOWS\System32\WindowsPowerShell\v1.0\;C:\WINDOWS\System32\OpenSSH\;C:\Program Files\nodejs\;%JAVA_HOME%\bin;C:\Program Files\Git\cmd;C:\Program Files\MySQL\MySQL Shell 8.0\bin\;C:\Users\user\AppData\Local\Microsoft\WindowsApps;C:\Users\user\AppData\Roaming\npm;C:\Users\user\AppData\Local\Programs\Microsoft VS Code\bin;C:\Users\user\AppData\Local\GitHubDesktop\bin
USERNAME=mindcraft
OS=Windows_NT
PROCESSOR_IDENTIFIER=Intel64 Family 6 Model 154 Stepping 4, GenuineIntel
TMP=C:\Users\user\AppData\Local\Temp
TEMP=C:\Users\user\AppData\Local\Temp



Periodic native trim disabled


---------------  S Y S T E M  ---------------

OS:
 Windows 11 , 64 bit Build 22621 (10.0.22621.2428)
OS uptime: 31 days 21:40 hours

CPU: total 8 (initial active 8) (4 cores per cpu, 2 threads per core) family 6 model 154 stepping 4 microcode 0x424, cx8, cmov, fxsr, ht, mmx, 3dnowpref, sse, sse2, sse3, ssse3, sse4.1, sse4.2, popcnt, lzcnt, tsc, tscinvbit, avx, avx2, aes, erms, clmul, bmi1, bmi2, adx, sha, fma, vzeroupper, clflush, clflushopt, clwb
Processor Information for processor 0
  Max Mhz: 1200, Current Mhz: 1200, Mhz Limit: 1200
Processor Information for processor 1
  Max Mhz: 1200, Current Mhz: 1200, Mhz Limit: 1200
Processor Information for processor 2
  Max Mhz: 1200, Current Mhz: 1200, Mhz Limit: 1200
Processor Information for processor 3
  Max Mhz: 1200, Current Mhz: 1200, Mhz Limit: 1200
Processor Information for processor 4
  Max Mhz: 1200, Current Mhz: 700, Mhz Limit: 900
Processor Information for processor 5
  Max Mhz: 1200, Current Mhz: 700, Mhz Limit: 900
Processor Information for processor 6
  Max Mhz: 1200, Current Mhz: 700, Mhz Limit: 900
Processor Information for processor 7
  Max Mhz: 1200, Current Mhz: 700, Mhz Limit: 900

Memory: 4k page, system-wide physical 7810M (297M free)
TotalPageFile size 31362M (AvailPageFile size 4M)
current process WorkingSet (physical memory assigned to process): 83M, peak: 83M
current process commit charge ("private bytes"): 205M, peak: 205M

vm_info: OpenJDK 64-Bit Server VM (17.0.9+9) for windows-amd64 JRE (17.0.9+9), built on Oct 26 2023 14:01:42 by "admin" with MS VC++ 16.10 / 16.11 (VS2019)

END.
